<?xml version="1.0" encoding="UTF-8"?>
<testsuite xmlns:xsi="http://www.w3.org/2001/XMLSchema-instance" xsi:noNamespaceSchemaLocation="https://maven.apache.org/surefire/maven-surefire-plugin/xsd/surefire-test-report.xsd" version="3.0.2" name="com.duoc.week3d.Week3dApplicationTests" time="1.411" tests="1" errors="0" skipped="0" failures="0">
  <properties>
[...]
</properties>
  <testcase name="contextLoads" classname="com.duoc.week3d.Week3dApplicationTests" time="0.004">
    <system-out><![CDATA[2025-05-05T22:32:39.366-04:00 DEBUG 43548 --- [week3d] [           main] .b.t.c.SpringBootTestContextBootstrapper : Neither @ContextConfiguration nor @ContextHierarchy found for test class [Week3dApplicationTests]: using SpringBootContextLoader
2025-05-05T22:32:39.366-04:00 DEBUG 43548 --- [week3d] [           main] o.s.t.c.support.AbstractContextLoader    : Could not detect default resource locations for test class [com.duoc.week3d.Week3dApplicationTests]: no resource found for suffixes {-context.xml, Context.groovy}.
2025-05-05T22:32:39.366-04:00  INFO 43548 --- [week3d] [           main] t.c.s.AnnotationConfigContextLoaderUtils : Could not detect default configuration classes for test class [com.duoc.week3d.Week3dApplicationTests]: Week3dApplicationTests does not declare any static, non-private, non-final, nested classes annotated with @Configuration.
2025-05-05T22:32:39.367-04:00 DEBUG 43548 --- [week3d] [           main] .b.t.c.SpringBootTestContextBootstrapper : Using ContextCustomizerFactory implementations for test class [Week3dApplicationTests]: [ImportsContextCustomizerFactory, ExcludeFilterContextCustomizerFactory, HttpGraphQlTesterContextCustomizerFactory, DuplicateJsonObjectContextCustomizerFactory, MockitoContextCustomizerFactory, TestRestTemplateContextCustomizerFactory, WebTestClientContextCustomizerFactory, DisableReactorResourceFactoryGlobalResourcesContextCustomizerFactory, OnFailureConditionReportContextCustomizerFactory, OverrideAutoConfigurationContextCustomizerFactory, ObservabilityContextCustomizerFactory, TypeExcludeFiltersContextCustomizerFactory, PropertyMappingContextCustomizerFactory, WebDriverContextCustomizerFactory, BeanOverrideContextCustomizerFactory, MockServerContainerContextCustomizerFactory, DynamicPropertiesContextCustomizerFactory]
2025-05-05T22:32:39.369-04:00 DEBUG 43548 --- [week3d] [           main] .b.t.c.SpringBootTestContextBootstrapper : Using ContextCustomizers for test class [Week3dApplicationTests]: [ExcludeFilterContextCustomizer, DuplicateJsonObjectContextCustomizer, MockitoContextCustomizer, TestRestTemplateContextCustomizer, DisableReactorResourceFactoryGlobalResourcesContextCustomizerCustomizer, OnFailureConditionReportContextCustomizer, DisableObservabilityContextCustomizer, PropertyMappingContextCustomizer, WebDriverContextCustomizer, DynamicPropertiesContextCustomizer]
2025-05-05T22:32:39.375-04:00 DEBUG 43548 --- [week3d] [           main] ssPathScanningCandidateComponentProvider : Identified candidate component class: file [/Users/x0dsanta/Developer/Duoc/Fullstack_1/Week_3/week3d/target/classes/com/duoc/week3d/Week3dApplication.class]
2025-05-05T22:32:39.375-04:00  INFO 43548 --- [week3d] [           main] .b.t.c.SpringBootTestContextBootstrapper : Found @SpringBootConfiguration com.duoc.week3d.Week3dApplication for test class com.duoc.week3d.Week3dApplicationTests
2025-05-05T22:32:39.377-04:00 DEBUG 43548 --- [week3d] [           main] .s.t.c.u.TestContextSpringFactoriesUtils : Skipping candidate TestExecutionListener [org.springframework.test.context.observation.MicrometerObservationRegistryTestExecutionListener] due to a missing dependency. Specify custom TestExecutionListener classes or make the default TestExecutionListener classes and their required dependencies available. Offending class: io.micrometer.context.ThreadLocalAccessor. MicrometerObservationRegistryTestExecutionListener requires io.micrometer:micrometer-observation:1.10.8 or higher and io.micrometer:context-propagation:1.0.3 or higher.
2025-05-05T22:32:39.378-04:00 DEBUG 43548 --- [week3d] [           main] .b.t.c.SpringBootTestContextBootstrapper : Using TestExecutionListeners for test class [Week3dApplicationTests]: [ServletTestExecutionListener, DirtiesContextBeforeModesTestExecutionListener, ApplicationEventsTestExecutionListener, MockitoTestExecutionListener, BeanOverrideTestExecutionListener, DependencyInjectionTestExecutionListener, DirtiesContextTestExecutionListener, CommonCachesTestExecutionListener, TransactionalTestExecutionListener, SqlScriptsTestExecutionListener, EventPublishingTestExecutionListener, ResetMocksTestExecutionListener, RestDocsTestExecutionListener, MockRestServiceServerResetTestExecutionListener, MockMvcPrintOnlyOnFailureTestExecutionListener, WebDriverTestExecutionListener, MockWebServiceServerTestExecutionListener, MockitoResetTestExecutionListener]
2025-05-05T22:32:39.378-04:00 DEBUG 43548 --- [week3d] [           main] sContextBeforeModesTestExecutionListener : Before test class: class [Week3dApplicationTests], class annotated with @DirtiesContext [false] with mode [null]
2025-05-05T22:32:39.383-04:00  INFO 43548 --- [week3d] [           main] o.s.b.d.r.RestartApplicationListener     : Restart disabled due to context in which it is running
2025-05-05T22:32:39.394-04:00 DEBUG 43548 --- [week3d] [           main] .s.b.w.s.c.ApplicationServletEnvironment : Activating profiles []
2025-05-05T22:32:39.395-04:00 DEBUG 43548 --- [week3d] [           main] o.s.c.e.PropertySourcesPropertyResolver  : Found key 'spring.application.name' in PropertySource 'configurationProperties' with value of type String

  .   ____          _            __ _ _
 /\\ / ___'_ __ _ _(_)_ __  __ _ \ \ \ \
( ( )\___ | '_ | '_| | '_ \/ _` | \ \ \ \
 \\/  ___)| |_)| | | | | || (_| |  ) ) ) )
  '  |____| .__|_| |_|_| |_\__, | / / / /
 =========|_|==============|___/=/_/_/_/

 :: Spring Boot ::                (v3.4.4)

2025-05-05T22:32:39.400-04:00  INFO 43548 --- [week3d] [           main] com.duoc.week3d.Week3dApplicationTests   : Starting Week3dApplicationTests using Java 23.0.2 with PID 43548 (started by x0dsanta in /Users/x0dsanta/Developer/Duoc/Fullstack_1/Week_3/week3d)
2025-05-05T22:32:39.400-04:00 DEBUG 43548 --- [week3d] [           main] com.duoc.week3d.Week3dApplicationTests   : Running with Spring Boot v3.4.4, Spring v6.2.5
2025-05-05T22:32:39.400-04:00  INFO 43548 --- [week3d] [           main] com.duoc.week3d.Week3dApplicationTests   : No active profile set, falling back to 1 default profile: "default"
2025-05-05T22:32:39.400-04:00 DEBUG 43548 --- [week3d] [           main] o.s.boot.SpringApplication               : Loading source class com.duoc.week3d.Week3dApplication
2025-05-05T22:32:39.401-04:00 DEBUG 43548 --- [week3d] [           main] o.s.w.c.s.GenericWebApplicationContext   : Refreshing org.springframework.web.context.support.GenericWebApplicationContext@6333ac03
2025-05-05T22:32:39.404-04:00 DEBUG 43548 --- [week3d] [           main] o.s.b.f.s.DefaultListableBeanFactory     : Creating shared instance of singleton bean 'org.springframework.context.annotation.internalConfigurationAnnotationProcessor'
2025-05-05T22:32:39.404-04:00 DEBUG 43548 --- [week3d] [           main] o.s.b.f.s.DefaultListableBeanFactory     : Creating shared instance of singleton bean 'org.springframework.boot.autoconfigure.internalCachingMetadataReaderFactory'
2025-05-05T22:32:39.408-04:00 DEBUG 43548 --- [week3d] [           main] o.s.c.a.ClassPathBeanDefinitionScanner   : Identified candidate component class: file [/Users/x0dsanta/Developer/Duoc/Fullstack_1/Week_3/week3d/target/classes/com/duoc/week3d/controller/ShipmentController.class]
2025-05-05T22:32:39.410-04:00 DEBUG 43548 --- [week3d] [           main] o.s.c.a.ClassPathBeanDefinitionScanner   : Ignored because not a concrete top-level class: file [/Users/x0dsanta/Developer/Duoc/Fullstack_1/Week_3/week3d/target/classes/com/duoc/week3d/repository/ShipmentRepository.class]
2025-05-05T22:32:39.410-04:00 DEBUG 43548 --- [week3d] [           main] o.s.c.a.ClassPathBeanDefinitionScanner   : Ignored because not a concrete top-level class: file [/Users/x0dsanta/Developer/Duoc/Fullstack_1/Week_3/week3d/target/classes/com/duoc/week3d/repository/StatusRepository.class]
2025-05-05T22:32:39.410-04:00 DEBUG 43548 --- [week3d] [           main] o.s.c.a.ClassPathBeanDefinitionScanner   : Identified candidate component class: file [/Users/x0dsanta/Developer/Duoc/Fullstack_1/Week_3/week3d/target/classes/com/duoc/week3d/service/ShipmentImpl.class]
2025-05-05T22:32:39.554-04:00  INFO 43548 --- [week3d] [           main] .s.d.r.c.RepositoryConfigurationDelegate : Bootstrapping Spring Data JPA repositories in DEFAULT mode.
2025-05-05T22:32:39.555-04:00 DEBUG 43548 --- [week3d] [           main] o.s.b.f.s.DefaultListableBeanFactory     : Creating shared instance of singleton bean 'org.springframework.boot.autoconfigure.AutoConfigurationPackages'
2025-05-05T22:32:39.555-04:00 DEBUG 43548 --- [week3d] [           main] o.s.b.a.AutoConfigurationPackages        : @EnableAutoConfiguration was declared on a class in the package 'com.duoc.week3d'. Automatic @Repository and @Entity scanning is enabled.
2025-05-05T22:32:39.555-04:00 DEBUG 43548 --- [week3d] [           main] .s.d.r.c.RepositoryConfigurationDelegate : Scanning for JPA repositories in packages com.duoc.week3d.
2025-05-05T22:32:39.558-04:00 DEBUG 43548 --- [week3d] [           main] o.s.d.r.c.RepositoryComponentProvider    : Identified candidate component class: file [/Users/x0dsanta/Developer/Duoc/Fullstack_1/Week_3/week3d/target/classes/com/duoc/week3d/repository/ShipmentRepository.class]
2025-05-05T22:32:39.558-04:00 DEBUG 43548 --- [week3d] [           main] o.s.d.r.c.RepositoryComponentProvider    : Identified candidate component class: file [/Users/x0dsanta/Developer/Duoc/Fullstack_1/Week_3/week3d/target/classes/com/duoc/week3d/repository/StatusRepository.class]
2025-05-05T22:32:39.568-04:00 DEBUG 43548 --- [week3d] [           main] ssPathScanningCandidateComponentProvider : Identified candidate component class: file [/Users/x0dsanta/Developer/Duoc/Fullstack_1/Week_3/week3d/target/classes/com/duoc/week3d/service/ShipmentImpl.class]
2025-05-05T22:32:39.569-04:00  INFO 43548 --- [week3d] [           main] .s.d.r.c.RepositoryConfigurationDelegate : Finished Spring Data repository scanning in 13 ms. Found 2 JPA repository interfaces.
2025-05-05T22:32:39.606-04:00 DEBUG 43548 --- [week3d] [           main] o.s.b.f.s.DefaultListableBeanFactory     : Creating shared instance of singleton bean 'propertySourcesPlaceholderConfigurer'
2025-05-05T22:32:39.608-04:00 DEBUG 43548 --- [week3d] [           main] o.s.b.f.s.DefaultListableBeanFactory     : Creating shared instance of singleton bean 'org.springframework.boot.test.mock.mockito.MockitoPostProcessor'
2025-05-05T22:32:39.608-04:00 DEBUG 43548 --- [week3d] [           main] o.s.b.f.s.DefaultListableBeanFactory     : Creating shared instance of singleton bean 'emBeanDefinitionRegistrarPostProcessor'
2025-05-05T22:32:39.608-04:00 DEBUG 43548 --- [week3d] [           main] o.s.b.f.s.DefaultListableBeanFactory     : Creating shared instance of singleton bean 'org.springframework.boot.sql.init.dependency.DatabaseInitializationDependencyConfigurer$DependsOnDatabaseInitializationPostProcessor'
2025-05-05T22:32:39.618-04:00 DEBUG 43548 --- [week3d] [           main] o.s.b.f.s.DefaultListableBeanFactory     : Creating shared instance of singleton bean 'org.springframework.context.event.internalEventListenerProcessor'
2025-05-05T22:32:39.618-04:00 DEBUG 43548 --- [week3d] [           main] o.s.b.f.s.DefaultListableBeanFactory     : Creating shared instance of singleton bean 'preserveErrorControllerTargetClassPostProcessor'
2025-05-05T22:32:39.619-04:00 DEBUG 43548 --- [week3d] [           main] o.s.b.f.s.DefaultListableBeanFactory     : Creating shared instance of singleton bean 'org.springframework.context.event.internalEventListenerFactory'
2025-05-05T22:32:39.619-04:00 DEBUG 43548 --- [week3d] [           main] o.s.b.f.s.DefaultListableBeanFactory     : Creating shared instance of singleton bean 'org.springframework.transaction.config.internalTransactionalEventListenerFactory'
2025-05-05T22:32:39.619-04:00 DEBUG 43548 --- [week3d] [           main] o.s.b.f.s.DefaultListableBeanFactory     : Creating shared instance of singleton bean 'org.springframework.boot.test.mock.mockito.MockitoPostProcessor$SpyPostProcessor'
2025-05-05T22:32:39.619-04:00 DEBUG 43548 --- [week3d] [           main] o.s.b.f.s.DefaultListableBeanFactory     : Creating shared instance of singleton bean 'org.springframework.context.annotation.internalAutowiredAnnotationProcessor'
2025-05-05T22:32:39.620-04:00 DEBUG 43548 --- [week3d] [           main] o.s.b.f.s.DefaultListableBeanFactory     : Creating shared instance of singleton bean 'org.springframework.context.annotation.internalCommonAnnotationProcessor'
2025-05-05T22:32:39.620-04:00 DEBUG 43548 --- [week3d] [           main] o.s.b.f.s.DefaultListableBeanFactory     : Creating shared instance of singleton bean 'org.springframework.context.annotation.internalPersistenceAnnotationProcessor'
2025-05-05T22:32:39.620-04:00 DEBUG 43548 --- [week3d] [           main] o.s.b.f.s.DefaultListableBeanFactory     : Creating shared instance of singleton bean 'org.springframework.boot.context.properties.ConfigurationPropertiesBindingPostProcessor'
2025-05-05T22:32:39.620-04:00 DEBUG 43548 --- [week3d] [           main] o.s.b.f.s.DefaultListableBeanFactory     : Creating shared instance of singleton bean 'org.springframework.boot.context.internalConfigurationPropertiesBinder'
2025-05-05T22:32:39.620-04:00 DEBUG 43548 --- [week3d] [           main] o.s.b.f.s.DefaultListableBeanFactory     : Creating shared instance of singleton bean 'jdbcConnectionDetailsHikariBeanPostProcessor'
2025-05-05T22:32:39.620-04:00 DEBUG 43548 --- [week3d] [           main] o.s.b.f.s.DefaultListableBeanFactory     : Creating shared instance of singleton bean 'methodValidationPostProcessor'
2025-05-05T22:32:39.620-04:00 DEBUG 43548 --- [week3d] [           main] o.s.b.f.s.DefaultListableBeanFactory     : Autowiring by type from bean name 'methodValidationPostProcessor' via factory method to bean named 'environment'
2025-05-05T22:32:39.622-04:00 DEBUG 43548 --- [week3d] [           main] o.s.b.f.s.DefaultListableBeanFactory     : Creating shared instance of singleton bean 'org.springframework.boot.context.properties.EnableConfigurationPropertiesRegistrar.methodValidationExcludeFilter'
2025-05-05T22:32:39.626-04:00 DEBUG 43548 --- [week3d] [           main] o.s.b.f.s.DefaultListableBeanFactory     : Creating shared instance of singleton bean 'org.springframework.aop.config.internalAutoProxyCreator'
2025-05-05T22:32:39.632-04:00 DEBUG 43548 --- [week3d] [           main] o.s.b.f.s.DefaultListableBeanFactory     : Creating shared instance of singleton bean 'persistenceExceptionTranslationPostProcessor'
2025-05-05T22:32:39.632-04:00 DEBUG 43548 --- [week3d] [           main] o.s.b.f.s.DefaultListableBeanFactory     : Autowiring by type from bean name 'persistenceExceptionTranslationPostProcessor' via factory method to bean named 'environment'
2025-05-05T22:32:39.633-04:00 DEBUG 43548 --- [week3d] [           main] o.s.b.f.s.DefaultListableBeanFactory     : Creating shared instance of singleton bean 'webServerFactoryCustomizerBeanPostProcessor'
2025-05-05T22:32:39.633-04:00 DEBUG 43548 --- [week3d] [           main] o.s.b.f.s.DefaultListableBeanFactory     : Creating shared instance of singleton bean 'errorPageRegistrarBeanPostProcessor'
2025-05-05T22:32:39.633-04:00 DEBUG 43548 --- [week3d] [           main] o.s.b.f.s.DefaultListableBeanFactory     : Creating shared instance of singleton bean 'projectingArgumentResolverBeanPostProcessor'
2025-05-05T22:32:39.633-04:00 DEBUG 43548 --- [week3d] [           main] o.s.b.f.s.DefaultListableBeanFactory     : Creating shared instance of singleton bean 'org.springframework.transaction.config.internalTransactionAdvisor'
2025-05-05T22:32:39.633-04:00 DEBUG 43548 --- [week3d] [           main] o.s.b.f.s.DefaultListableBeanFactory     : Creating shared instance of singleton bean 'org.springframework.transaction.annotation.ProxyTransactionManagementConfiguration'
2025-05-05T22:32:39.636-04:00 DEBUG 43548 --- [week3d] [           main] o.s.b.f.s.DefaultListableBeanFactory     : Creating shared instance of singleton bean 'transactionAttributeSource'
2025-05-05T22:32:39.636-04:00 DEBUG 43548 --- [week3d] [           main] o.s.b.f.s.DefaultListableBeanFactory     : Creating shared instance of singleton bean 'transactionInterceptor'
2025-05-05T22:32:39.636-04:00 DEBUG 43548 --- [week3d] [           main] o.s.b.f.s.DefaultListableBeanFactory     : Autowiring by type from bean name 'transactionInterceptor' via factory method to bean named 'transactionAttributeSource'
2025-05-05T22:32:39.636-04:00 DEBUG 43548 --- [week3d] [           main] o.s.b.f.s.DefaultListableBeanFactory     : Autowiring by type from bean name 'org.springframework.transaction.config.internalTransactionAdvisor' via factory method to bean named 'transactionAttributeSource'
2025-05-05T22:32:39.636-04:00 DEBUG 43548 --- [week3d] [           main] o.s.b.f.s.DefaultListableBeanFactory     : Autowiring by type from bean name 'org.springframework.transaction.config.internalTransactionAdvisor' via factory method to bean named 'transactionInterceptor'
2025-05-05T22:32:39.638-04:00 DEBUG 43548 --- [week3d] [           main] o.s.b.f.s.DefaultListableBeanFactory     : Creating shared instance of singleton bean 'hypermediaRepresentionModelProcessorConfigurator'
2025-05-05T22:32:39.638-04:00 DEBUG 43548 --- [week3d] [           main] o.s.b.f.s.DefaultListableBeanFactory     : Creating shared instance of singleton bean 'hypermediaRestTemplateBeanPostProcessor'
2025-05-05T22:32:39.639-04:00 DEBUG 43548 --- [week3d] [           main] o.s.u.c.s.UiApplicationContextUtils      : Unable to locate ThemeSource with name 'themeSource': using default [org.springframework.ui.context.support.ResourceBundleThemeSource@22a9170c]
2025-05-05T22:32:39.639-04:00 DEBUG 43548 --- [week3d] [           main] o.s.b.f.s.DefaultListableBeanFactory     : Creating shared instance of singleton bean 'org.springframework.test.context.support.internalDynamicPropertyRegistrarBeanInitializer'
2025-05-05T22:32:39.640-04:00 DEBUG 43548 --- [week3d] [           main] o.s.b.f.s.DefaultListableBeanFactory     : Creating shared instance of singleton bean 'entityManagerFactory'
2025-05-05T22:32:39.640-04:00 DEBUG 43548 --- [week3d] [           main] o.s.b.f.s.DefaultListableBeanFactory     : Creating shared instance of singleton bean 'org.springframework.boot.autoconfigure.orm.jpa.HibernateJpaConfiguration'
2025-05-05T22:32:39.640-04:00 DEBUG 43548 --- [week3d] [           main] o.s.b.f.s.DefaultListableBeanFactory     : Creating shared instance of singleton bean 'dataSource'
2025-05-05T22:32:39.640-04:00 DEBUG 43548 --- [week3d] [           main] o.s.b.f.s.DefaultListableBeanFactory     : Creating shared instance of singleton bean 'org.springframework.boot.autoconfigure.jdbc.DataSourceConfiguration$Hikari'
2025-05-05T22:32:39.640-04:00 DEBUG 43548 --- [week3d] [           main] o.s.b.f.s.DefaultListableBeanFactory     : Creating shared instance of singleton bean 'spring.datasource-org.springframework.boot.autoconfigure.jdbc.DataSourceProperties'
2025-05-05T22:32:39.640-04:00 DEBUG 43548 --- [week3d] [           main] o.s.b.f.s.DefaultListableBeanFactory     : Creating shared instance of singleton bean 'org.springframework.boot.context.properties.BoundConfigurationProperties'
2025-05-05T22:32:39.643-04:00 DEBUG 43548 --- [week3d] [           main] o.s.b.f.s.DefaultListableBeanFactory     : Creating shared instance of singleton bean 'jdbcConnectionDetails'
2025-05-05T22:32:39.643-04:00 DEBUG 43548 --- [week3d] [           main] o.s.b.f.s.DefaultListableBeanFactory     : Creating shared instance of singleton bean 'org.springframework.boot.autoconfigure.jdbc.DataSourceAutoConfiguration$PooledDataSourceConfiguration'
2025-05-05T22:32:39.643-04:00 DEBUG 43548 --- [week3d] [           main] o.s.b.f.s.DefaultListableBeanFactory     : Autowiring by type from bean name 'jdbcConnectionDetails' via factory method to bean named 'spring.datasource-org.springframework.boot.autoconfigure.jdbc.DataSourceProperties'
2025-05-05T22:32:39.643-04:00 DEBUG 43548 --- [week3d] [           main] o.s.b.f.s.DefaultListableBeanFactory     : Autowiring by type from bean name 'dataSource' via factory method to bean named 'spring.datasource-org.springframework.boot.autoconfigure.jdbc.DataSourceProperties'
2025-05-05T22:32:39.643-04:00 DEBUG 43548 --- [week3d] [           main] o.s.b.f.s.DefaultListableBeanFactory     : Autowiring by type from bean name 'dataSource' via factory method to bean named 'jdbcConnectionDetails'
2025-05-05T22:32:39.644-04:00 DEBUG 43548 --- [week3d] [           main] com.zaxxer.hikari.HikariConfig           : Driver class oracle.jdbc.driver.OracleDriver found in Thread context class loader jdk.internal.loader.ClassLoaders$AppClassLoader@18ff02e4
2025-05-05T22:32:39.647-04:00 DEBUG 43548 --- [week3d] [           main] o.s.b.f.s.DefaultListableBeanFactory     : Creating shared instance of singleton bean 'spring.jpa-org.springframework.boot.autoconfigure.orm.jpa.JpaProperties'
2025-05-05T22:32:39.648-04:00 DEBUG 43548 --- [week3d] [           main] o.s.b.f.s.DefaultListableBeanFactory     : Creating shared instance of singleton bean 'spring.jpa.hibernate-org.springframework.boot.autoconfigure.orm.jpa.HibernateProperties'
2025-05-05T22:32:39.649-04:00 DEBUG 43548 --- [week3d] [           main] o.s.b.f.s.DefaultListableBeanFactory     : Autowiring by type from bean name 'org.springframework.boot.autoconfigure.orm.jpa.HibernateJpaConfiguration' via constructor to bean named 'dataSource'
2025-05-05T22:32:39.649-04:00 DEBUG 43548 --- [week3d] [           main] o.s.b.f.s.DefaultListableBeanFactory     : Autowiring by type from bean name 'org.springframework.boot.autoconfigure.orm.jpa.HibernateJpaConfiguration' via constructor to bean named 'spring.jpa-org.springframework.boot.autoconfigure.orm.jpa.JpaProperties'
2025-05-05T22:32:39.649-04:00 DEBUG 43548 --- [week3d] [           main] o.s.b.f.s.DefaultListableBeanFactory     : Autowiring by type from bean name 'org.springframework.boot.autoconfigure.orm.jpa.HibernateJpaConfiguration' via constructor to bean named 'org.springframework.beans.factory.support.DefaultListableBeanFactory@7d5caf3'
2025-05-05T22:32:39.649-04:00 DEBUG 43548 --- [week3d] [           main] o.s.b.f.s.DefaultListableBeanFactory     : Autowiring by type from bean name 'org.springframework.boot.autoconfigure.orm.jpa.HibernateJpaConfiguration' via constructor to bean named 'spring.jpa.hibernate-org.springframework.boot.autoconfigure.orm.jpa.HibernateProperties'
2025-05-05T22:32:39.649-04:00 DEBUG 43548 --- [week3d] [           main] o.s.b.f.s.DefaultListableBeanFactory     : Creating shared instance of singleton bean 'hikariPoolDataSourceMetadataProvider'
2025-05-05T22:32:39.649-04:00 DEBUG 43548 --- [week3d] [           main] o.s.b.f.s.DefaultListableBeanFactory     : Creating shared instance of singleton bean 'org.springframework.boot.autoconfigure.jdbc.metadata.DataSourcePoolMetadataProvidersConfiguration$HikariPoolDataSourceMetadataProviderConfiguration'
2025-05-05T22:32:39.651-04:00 DEBUG 43548 --- [week3d] [           main] o.s.b.f.s.DefaultListableBeanFactory     : Creating shared instance of singleton bean 'entityManagerFactoryBuilder'
2025-05-05T22:32:39.651-04:00 DEBUG 43548 --- [week3d] [           main] o.s.b.f.s.DefaultListableBeanFactory     : Creating shared instance of singleton bean 'jpaVendorAdapter'
2025-05-05T22:32:39.651-04:00 DEBUG 43548 --- [week3d] [           main] o.s.b.f.s.DefaultListableBeanFactory     : Autowiring by type from bean name 'entityManagerFactoryBuilder' via factory method to bean named 'jpaVendorAdapter'
2025-05-05T22:32:39.652-04:00 DEBUG 43548 --- [week3d] [           main] o.s.b.f.s.DefaultListableBeanFactory     : Creating shared instance of singleton bean 'persistenceManagedTypes'
2025-05-05T22:32:39.652-04:00 DEBUG 43548 --- [week3d] [           main] o.s.b.f.s.DefaultListableBeanFactory     : Autowiring by type from bean name 'persistenceManagedTypes' via factory method to bean named 'org.springframework.beans.factory.support.DefaultListableBeanFactory@7d5caf3'
2025-05-05T22:32:39.652-04:00 DEBUG 43548 --- [week3d] [           main] o.s.b.f.s.DefaultListableBeanFactory     : Autowiring by type from bean name 'persistenceManagedTypes' via factory method to bean named 'org.springframework.web.context.support.GenericWebApplicationContext@6333ac03'
2025-05-05T22:32:39.655-04:00 DEBUG 43548 --- [week3d] [           main] o.s.b.f.s.DefaultListableBeanFactory     : Autowiring by type from bean name 'entityManagerFactory' via factory method to bean named 'entityManagerFactoryBuilder'
2025-05-05T22:32:39.655-04:00 DEBUG 43548 --- [week3d] [           main] o.s.b.f.s.DefaultListableBeanFactory     : Autowiring by type from bean name 'entityManagerFactory' via factory method to bean named 'persistenceManagedTypes'
2025-05-05T22:32:39.655-04:00 DEBUG 43548 --- [week3d] [           main] j.LocalContainerEntityManagerFactoryBean : Building JPA container EntityManagerFactory for persistence unit 'default'
2025-05-05T22:32:39.655-04:00 DEBUG 43548 --- [week3d] [           main] o.hibernate.jpa.internal.util.LogHelper  : PersistenceUnitInfo [
	name: default
	persistence provider classname: null
	classloader: jdk.internal.loader.ClassLoaders$AppClassLoader@18ff02e4
	excludeUnlistedClasses: true
	JTA datasource: null
	Non JTA datasource: HikariDataSource (null)
	Transaction type: RESOURCE_LOCAL
	PU root URL: file:/Users/x0dsanta/Developer/Duoc/Fullstack_1/Week_3/week3d/target/test-classes/
	Shared Cache Mode: UNSPECIFIED
	Validation Mode: AUTO
	Jar files URLs []
	Managed classes names [
		com.duoc.week3d.model.Shipment
		com.duoc.week3d.model.Status]
	Mapping files names []
	Properties []
2025-05-05T22:32:39.655-04:00 DEBUG 43548 --- [week3d] [           main] o.h.i.internal.IntegratorServiceImpl     : Adding Integrator [org.hibernate.boot.beanvalidation.BeanValidationIntegrator].
2025-05-05T22:32:39.655-04:00 DEBUG 43548 --- [week3d] [           main] o.h.i.internal.IntegratorServiceImpl     : Adding Integrator [org.hibernate.cache.internal.CollectionCacheInvalidator].
2025-05-05T22:32:39.656-04:00 DEBUG 43548 --- [week3d] [           main] org.hibernate.orm.idgen.factory          : Registering IdentifierGenerator strategy [uuid2] -> [org.hibernate.id.UUIDGenerator]
2025-05-05T22:32:39.656-04:00 DEBUG 43548 --- [week3d] [           main] org.hibernate.orm.idgen.factory          : Registering IdentifierGenerator strategy [guid] -> [org.hibernate.id.GUIDGenerator]
2025-05-05T22:32:39.656-04:00 DEBUG 43548 --- [week3d] [           main] org.hibernate.orm.idgen.factory          : Registering IdentifierGenerator strategy [uuid] -> [org.hibernate.id.UUIDHexGenerator]
2025-05-05T22:32:39.656-04:00 DEBUG 43548 --- [week3d] [           main] org.hibernate.orm.idgen.factory          : Registering IdentifierGenerator strategy [uuid.hex] -> [org.hibernate.id.UUIDHexGenerator]
2025-05-05T22:32:39.656-04:00 DEBUG 43548 --- [week3d] [           main] org.hibernate.orm.idgen.factory          : Registering IdentifierGenerator strategy [assigned] -> [org.hibernate.id.Assigned]
2025-05-05T22:32:39.656-04:00 DEBUG 43548 --- [week3d] [           main] org.hibernate.orm.idgen.factory          : Registering IdentifierGenerator strategy [identity] -> [org.hibernate.id.IdentityGenerator]
2025-05-05T22:32:39.656-04:00 DEBUG 43548 --- [week3d] [           main] org.hibernate.orm.idgen.factory          : Registering IdentifierGenerator strategy [select] -> [org.hibernate.id.SelectGenerator]
2025-05-05T22:32:39.656-04:00 DEBUG 43548 --- [week3d] [           main] org.hibernate.orm.idgen.factory          : Registering IdentifierGenerator strategy [sequence] -> [org.hibernate.id.enhanced.SequenceStyleGenerator]
2025-05-05T22:32:39.656-04:00 DEBUG 43548 --- [week3d] [           main] org.hibernate.orm.idgen.factory          : Registering IdentifierGenerator strategy [increment] -> [org.hibernate.id.IncrementGenerator]
2025-05-05T22:32:39.656-04:00 DEBUG 43548 --- [week3d] [           main] org.hibernate.orm.idgen.factory          : Registering IdentifierGenerator strategy [foreign] -> [org.hibernate.id.ForeignGenerator]
2025-05-05T22:32:39.656-04:00 DEBUG 43548 --- [week3d] [           main] org.hibernate.orm.idgen.factory          : Registering IdentifierGenerator strategy [enhanced-sequence] -> [org.hibernate.id.enhanced.SequenceStyleGenerator]
2025-05-05T22:32:39.656-04:00 DEBUG 43548 --- [week3d] [           main] org.hibernate.orm.idgen.factory          : Registering IdentifierGenerator strategy [enhanced-table] -> [org.hibernate.id.enhanced.TableGenerator]
2025-05-05T22:32:39.656-04:00 DEBUG 43548 --- [week3d] [           main] o.h.c.internal.RegionFactoryInitiator    : Cannot default RegionFactory based on registered strategies as `[]` RegionFactory strategies were registered
2025-05-05T22:32:39.656-04:00  INFO 43548 --- [week3d] [           main] o.h.c.internal.RegionFactoryInitiator    : HHH000026: Second-level cache disabled
2025-05-05T22:32:39.656-04:00 DEBUG 43548 --- [week3d] [           main] org.hibernate.type.BasicTypeRegistry     : Adding type registration boolean -> org.hibernate.type.BasicTypeReference@7ccfdaef
2025-05-05T22:32:39.656-04:00 DEBUG 43548 --- [week3d] [           main] org.hibernate.type.BasicTypeRegistry     : Adding type registration boolean -> org.hibernate.type.BasicTypeReference@7ccfdaef
2025-05-05T22:32:39.656-04:00 DEBUG 43548 --- [week3d] [           main] org.hibernate.type.BasicTypeRegistry     : Adding type registration java.lang.Boolean -> org.hibernate.type.BasicTypeReference@7ccfdaef
2025-05-05T22:32:39.656-04:00 DEBUG 43548 --- [week3d] [           main] org.hibernate.type.BasicTypeRegistry     : Adding type registration numeric_boolean -> org.hibernate.type.BasicTypeReference@a6e4897
2025-05-05T22:32:39.656-04:00 DEBUG 43548 --- [week3d] [           main] org.hibernate.type.BasicTypeRegistry     : Adding type registration org.hibernate.type.NumericBooleanConverter -> org.hibernate.type.BasicTypeReference@a6e4897
2025-05-05T22:32:39.656-04:00 DEBUG 43548 --- [week3d] [           main] org.hibernate.type.BasicTypeRegistry     : Adding type registration true_false -> org.hibernate.type.BasicTypeReference@32f5ecc4
2025-05-05T22:32:39.656-04:00 DEBUG 43548 --- [week3d] [           main] org.hibernate.type.BasicTypeRegistry     : Adding type registration org.hibernate.type.TrueFalseConverter -> org.hibernate.type.BasicTypeReference@32f5ecc4
2025-05-05T22:32:39.656-04:00 DEBUG 43548 --- [week3d] [           main] org.hibernate.type.BasicTypeRegistry     : Adding type registration yes_no -> org.hibernate.type.BasicTypeReference@19bedeb8
2025-05-05T22:32:39.656-04:00 DEBUG 43548 --- [week3d] [           main] org.hibernate.type.BasicTypeRegistry     : Adding type registration org.hibernate.type.YesNoConverter -> org.hibernate.type.BasicTypeReference@19bedeb8
2025-05-05T22:32:39.656-04:00 DEBUG 43548 --- [week3d] [           main] org.hibernate.type.BasicTypeRegistry     : Adding type registration byte -> org.hibernate.type.BasicTypeReference@1ba467c2
2025-05-05T22:32:39.656-04:00 DEBUG 43548 --- [week3d] [           main] org.hibernate.type.BasicTypeRegistry     : Adding type registration byte -> org.hibernate.type.BasicTypeReference@1ba467c2
2025-05-05T22:32:39.656-04:00 DEBUG 43548 --- [week3d] [           main] org.hibernate.type.BasicTypeRegistry     : Adding type registration java.lang.Byte -> org.hibernate.type.BasicTypeReference@1ba467c2
2025-05-05T22:32:39.656-04:00 DEBUG 43548 --- [week3d] [           main] org.hibernate.type.BasicTypeRegistry     : Adding type registration binary -> org.hibernate.type.BasicTypeReference@63f6bed1
2025-05-05T22:32:39.656-04:00 DEBUG 43548 --- [week3d] [           main] org.hibernate.type.BasicTypeRegistry     : Adding type registration byte[] -> org.hibernate.type.BasicTypeReference@63f6bed1
2025-05-05T22:32:39.656-04:00 DEBUG 43548 --- [week3d] [           main] org.hibernate.type.BasicTypeRegistry     : Adding type registration [B -> org.hibernate.type.BasicTypeReference@63f6bed1
2025-05-05T22:32:39.656-04:00 DEBUG 43548 --- [week3d] [           main] org.hibernate.type.BasicTypeRegistry     : Adding type registration binary_wrapper -> org.hibernate.type.BasicTypeReference@7ef8eda7
2025-05-05T22:32:39.656-04:00 DEBUG 43548 --- [week3d] [           main] org.hibernate.type.BasicTypeRegistry     : Adding type registration wrapper-binary -> org.hibernate.type.BasicTypeReference@7ef8eda7
2025-05-05T22:32:39.656-04:00 DEBUG 43548 --- [week3d] [           main] org.hibernate.type.BasicTypeRegistry     : Adding type registration image -> org.hibernate.type.BasicTypeReference@115ca7de
2025-05-05T22:32:39.656-04:00 DEBUG 43548 --- [week3d] [           main] org.hibernate.type.BasicTypeRegistry     : Adding type registration blob -> org.hibernate.type.BasicTypeReference@29fe4840
2025-05-05T22:32:39.656-04:00 DEBUG 43548 --- [week3d] [           main] org.hibernate.type.BasicTypeRegistry     : Adding type registration java.sql.Blob -> org.hibernate.type.BasicTypeReference@29fe4840
2025-05-05T22:32:39.656-04:00 DEBUG 43548 --- [week3d] [           main] org.hibernate.type.BasicTypeRegistry     : Adding type registration materialized_blob -> org.hibernate.type.BasicTypeReference@7f287b98
2025-05-05T22:32:39.656-04:00 DEBUG 43548 --- [week3d] [           main] org.hibernate.type.BasicTypeRegistry     : Adding type registration materialized_blob_wrapper -> org.hibernate.type.BasicTypeReference@4684240f
2025-05-05T22:32:39.656-04:00 DEBUG 43548 --- [week3d] [           main] org.hibernate.type.BasicTypeRegistry     : Adding type registration short -> org.hibernate.type.BasicTypeReference@32120956
2025-05-05T22:32:39.656-04:00 DEBUG 43548 --- [week3d] [           main] org.hibernate.type.BasicTypeRegistry     : Adding type registration short -> org.hibernate.type.BasicTypeReference@32120956
2025-05-05T22:32:39.656-04:00 DEBUG 43548 --- [week3d] [           main] org.hibernate.type.BasicTypeRegistry     : Adding type registration java.lang.Short -> org.hibernate.type.BasicTypeReference@32120956
2025-05-05T22:32:39.656-04:00 DEBUG 43548 --- [week3d] [           main] org.hibernate.type.BasicTypeRegistry     : Adding type registration integer -> org.hibernate.type.BasicTypeReference@6975fb1c
2025-05-05T22:32:39.656-04:00 DEBUG 43548 --- [week3d] [           main] org.hibernate.type.BasicTypeRegistry     : Adding type registration int -> org.hibernate.type.BasicTypeReference@6975fb1c
2025-05-05T22:32:39.656-04:00 DEBUG 43548 --- [week3d] [           main] org.hibernate.type.BasicTypeRegistry     : Adding type registration java.lang.Integer -> org.hibernate.type.BasicTypeReference@6975fb1c
2025-05-05T22:32:39.656-04:00 DEBUG 43548 --- [week3d] [           main] org.hibernate.type.BasicTypeRegistry     : Adding type registration long -> org.hibernate.type.BasicTypeReference@553da911
2025-05-05T22:32:39.656-04:00 DEBUG 43548 --- [week3d] [           main] org.hibernate.type.BasicTypeRegistry     : Adding type registration long -> org.hibernate.type.BasicTypeReference@553da911
2025-05-05T22:32:39.656-04:00 DEBUG 43548 --- [week3d] [           main] org.hibernate.type.BasicTypeRegistry     : Adding type registration java.lang.Long -> org.hibernate.type.BasicTypeReference@553da911
2025-05-05T22:32:39.656-04:00 DEBUG 43548 --- [week3d] [           main] org.hibernate.type.BasicTypeRegistry     : Adding type registration float -> org.hibernate.type.BasicTypeReference@327e5be5
2025-05-05T22:32:39.656-04:00 DEBUG 43548 --- [week3d] [           main] org.hibernate.type.BasicTypeRegistry     : Adding type registration float -> org.hibernate.type.BasicTypeReference@327e5be5
2025-05-05T22:32:39.656-04:00 DEBUG 43548 --- [week3d] [           main] org.hibernate.type.BasicTypeRegistry     : Adding type registration java.lang.Float -> org.hibernate.type.BasicTypeReference@327e5be5
2025-05-05T22:32:39.656-04:00 DEBUG 43548 --- [week3d] [           main] org.hibernate.type.BasicTypeRegistry     : Adding type registration double -> org.hibernate.type.BasicTypeReference@1084ac45
2025-05-05T22:32:39.656-04:00 DEBUG 43548 --- [week3d] [           main] org.hibernate.type.BasicTypeRegistry     : Adding type registration double -> org.hibernate.type.BasicTypeReference@1084ac45
2025-05-05T22:32:39.656-04:00 DEBUG 43548 --- [week3d] [           main] org.hibernate.type.BasicTypeRegistry     : Adding type registration java.lang.Double -> org.hibernate.type.BasicTypeReference@1084ac45
2025-05-05T22:32:39.656-04:00 DEBUG 43548 --- [week3d] [           main] org.hibernate.type.BasicTypeRegistry     : Adding type registration big_integer -> org.hibernate.type.BasicTypeReference@566f1852
2025-05-05T22:32:39.656-04:00 DEBUG 43548 --- [week3d] [           main] org.hibernate.type.BasicTypeRegistry     : Adding type registration java.math.BigInteger -> org.hibernate.type.BasicTypeReference@566f1852
2025-05-05T22:32:39.656-04:00 DEBUG 43548 --- [week3d] [           main] org.hibernate.type.BasicTypeRegistry     : Adding type registration big_decimal -> org.hibernate.type.BasicTypeReference@6ea246af
2025-05-05T22:32:39.656-04:00 DEBUG 43548 --- [week3d] [           main] org.hibernate.type.BasicTypeRegistry     : Adding type registration java.math.BigDecimal -> org.hibernate.type.BasicTypeReference@6ea246af
2025-05-05T22:32:39.656-04:00 DEBUG 43548 --- [week3d] [           main] org.hibernate.type.BasicTypeRegistry     : Adding type registration character -> org.hibernate.type.BasicTypeReference@2e4389ed
2025-05-05T22:32:39.657-04:00 DEBUG 43548 --- [week3d] [           main] org.hibernate.type.BasicTypeRegistry     : Adding type registration char -> org.hibernate.type.BasicTypeReference@2e4389ed
2025-05-05T22:32:39.657-04:00 DEBUG 43548 --- [week3d] [           main] org.hibernate.type.BasicTypeRegistry     : Adding type registration java.lang.Character -> org.hibernate.type.BasicTypeReference@2e4389ed
2025-05-05T22:32:39.657-04:00 DEBUG 43548 --- [week3d] [           main] org.hibernate.type.BasicTypeRegistry     : Adding type registration character_nchar -> org.hibernate.type.BasicTypeReference@1b90fee4
2025-05-05T22:32:39.657-04:00 DEBUG 43548 --- [week3d] [           main] org.hibernate.type.BasicTypeRegistry     : Adding type registration string -> org.hibernate.type.BasicTypeReference@3513c84c
2025-05-05T22:32:39.657-04:00 DEBUG 43548 --- [week3d] [           main] org.hibernate.type.BasicTypeRegistry     : Adding type registration java.lang.String -> org.hibernate.type.BasicTypeReference@3513c84c
2025-05-05T22:32:39.657-04:00 DEBUG 43548 --- [week3d] [           main] org.hibernate.type.BasicTypeRegistry     : Adding type registration nstring -> org.hibernate.type.BasicTypeReference@4978777f
2025-05-05T22:32:39.657-04:00 DEBUG 43548 --- [week3d] [           main] org.hibernate.type.BasicTypeRegistry     : Adding type registration characters -> org.hibernate.type.BasicTypeReference@7bc6935c
2025-05-05T22:32:39.657-04:00 DEBUG 43548 --- [week3d] [           main] org.hibernate.type.BasicTypeRegistry     : Adding type registration char[] -> org.hibernate.type.BasicTypeReference@7bc6935c
2025-05-05T22:32:39.657-04:00 DEBUG 43548 --- [week3d] [           main] org.hibernate.type.BasicTypeRegistry     : Adding type registration [C -> org.hibernate.type.BasicTypeReference@7bc6935c
2025-05-05T22:32:39.657-04:00 DEBUG 43548 --- [week3d] [           main] org.hibernate.type.BasicTypeRegistry     : Adding type registration wrapper-characters -> org.hibernate.type.BasicTypeReference@67bd351e
2025-05-05T22:32:39.657-04:00 DEBUG 43548 --- [week3d] [           main] org.hibernate.type.BasicTypeRegistry     : Adding type registration text -> org.hibernate.type.BasicTypeReference@4cc7d00d
2025-05-05T22:32:39.657-04:00 DEBUG 43548 --- [week3d] [           main] org.hibernate.type.BasicTypeRegistry     : Adding type registration ntext -> org.hibernate.type.BasicTypeReference@468e8565
2025-05-05T22:32:39.657-04:00 DEBUG 43548 --- [week3d] [           main] org.hibernate.type.BasicTypeRegistry     : Adding type registration clob -> org.hibernate.type.BasicTypeReference@91da29b
2025-05-05T22:32:39.657-04:00 DEBUG 43548 --- [week3d] [           main] org.hibernate.type.BasicTypeRegistry     : Adding type registration java.sql.Clob -> org.hibernate.type.BasicTypeReference@91da29b
2025-05-05T22:32:39.657-04:00 DEBUG 43548 --- [week3d] [           main] org.hibernate.type.BasicTypeRegistry     : Adding type registration nclob -> org.hibernate.type.BasicTypeReference@7066363
2025-05-05T22:32:39.657-04:00 DEBUG 43548 --- [week3d] [           main] org.hibernate.type.BasicTypeRegistry     : Adding type registration java.sql.NClob -> org.hibernate.type.BasicTypeReference@7066363
2025-05-05T22:32:39.657-04:00 DEBUG 43548 --- [week3d] [           main] org.hibernate.type.BasicTypeRegistry     : Adding type registration materialized_clob -> org.hibernate.type.BasicTypeReference@75b38c36
2025-05-05T22:32:39.657-04:00 DEBUG 43548 --- [week3d] [           main] org.hibernate.type.BasicTypeRegistry     : Adding type registration materialized_clob_char_array -> org.hibernate.type.BasicTypeReference@47248a48
2025-05-05T22:32:39.657-04:00 DEBUG 43548 --- [week3d] [           main] org.hibernate.type.BasicTypeRegistry     : Adding type registration materialized_clob_character_array -> org.hibernate.type.BasicTypeReference@2349f14d
2025-05-05T22:32:39.657-04:00 DEBUG 43548 --- [week3d] [           main] org.hibernate.type.BasicTypeRegistry     : Adding type registration materialized_nclob -> org.hibernate.type.BasicTypeReference@17e0933c
2025-05-05T22:32:39.657-04:00 DEBUG 43548 --- [week3d] [           main] org.hibernate.type.BasicTypeRegistry     : Adding type registration materialized_nclob_character_array -> org.hibernate.type.BasicTypeReference@7edb6fca
2025-05-05T22:32:39.657-04:00 DEBUG 43548 --- [week3d] [           main] org.hibernate.type.BasicTypeRegistry     : Adding type registration materialized_nclob_char_array -> org.hibernate.type.BasicTypeReference@1dcedc93
2025-05-05T22:32:39.657-04:00 DEBUG 43548 --- [week3d] [           main] org.hibernate.type.BasicTypeRegistry     : Adding type registration Duration -> org.hibernate.type.BasicTypeReference@716185fe
2025-05-05T22:32:39.657-04:00 DEBUG 43548 --- [week3d] [           main] org.hibernate.type.BasicTypeRegistry     : Adding type registration java.time.Duration -> org.hibernate.type.BasicTypeReference@716185fe
2025-05-05T22:32:39.657-04:00 DEBUG 43548 --- [week3d] [           main] org.hibernate.type.BasicTypeRegistry     : Adding type registration LocalDateTime -> org.hibernate.type.BasicTypeReference@628b819d
2025-05-05T22:32:39.657-04:00 DEBUG 43548 --- [week3d] [           main] org.hibernate.type.BasicTypeRegistry     : Adding type registration java.time.LocalDateTime -> org.hibernate.type.BasicTypeReference@628b819d
2025-05-05T22:32:39.657-04:00 DEBUG 43548 --- [week3d] [           main] org.hibernate.type.BasicTypeRegistry     : Adding type registration LocalDate -> org.hibernate.type.BasicTypeReference@478b0739
2025-05-05T22:32:39.657-04:00 DEBUG 43548 --- [week3d] [           main] org.hibernate.type.BasicTypeRegistry     : Adding type registration java.time.LocalDate -> org.hibernate.type.BasicTypeReference@478b0739
2025-05-05T22:32:39.657-04:00 DEBUG 43548 --- [week3d] [           main] org.hibernate.type.BasicTypeRegistry     : Adding type registration LocalTime -> org.hibernate.type.BasicTypeReference@2cca611f
2025-05-05T22:32:39.657-04:00 DEBUG 43548 --- [week3d] [           main] org.hibernate.type.BasicTypeRegistry     : Adding type registration java.time.LocalTime -> org.hibernate.type.BasicTypeReference@2cca611f
2025-05-05T22:32:39.657-04:00 DEBUG 43548 --- [week3d] [           main] org.hibernate.type.BasicTypeRegistry     : Adding type registration OffsetDateTime -> org.hibernate.type.BasicTypeReference@51f95f0d
2025-05-05T22:32:39.657-04:00 DEBUG 43548 --- [week3d] [           main] org.hibernate.type.BasicTypeRegistry     : Adding type registration java.time.OffsetDateTime -> org.hibernate.type.BasicTypeReference@51f95f0d
2025-05-05T22:32:39.657-04:00 DEBUG 43548 --- [week3d] [           main] org.hibernate.type.BasicTypeRegistry     : Adding type registration OffsetDateTimeWithTimezone -> org.hibernate.type.BasicTypeReference@6fc0bbc6
2025-05-05T22:32:39.657-04:00 DEBUG 43548 --- [week3d] [           main] org.hibernate.type.BasicTypeRegistry     : Adding type registration OffsetDateTimeWithoutTimezone -> org.hibernate.type.BasicTypeReference@706ddbc8
2025-05-05T22:32:39.657-04:00 DEBUG 43548 --- [week3d] [           main] org.hibernate.type.BasicTypeRegistry     : Adding type registration OffsetTime -> org.hibernate.type.BasicTypeReference@fd09e43
2025-05-05T22:32:39.657-04:00 DEBUG 43548 --- [week3d] [           main] org.hibernate.type.BasicTypeRegistry     : Adding type registration java.time.OffsetTime -> org.hibernate.type.BasicTypeReference@fd09e43
2025-05-05T22:32:39.657-04:00 DEBUG 43548 --- [week3d] [           main] org.hibernate.type.BasicTypeRegistry     : Adding type registration OffsetTimeUtc -> org.hibernate.type.BasicTypeReference@144ab983
2025-05-05T22:32:39.657-04:00 DEBUG 43548 --- [week3d] [           main] org.hibernate.type.BasicTypeRegistry     : Adding type registration OffsetTimeWithTimezone -> org.hibernate.type.BasicTypeReference@7ebe2e47
2025-05-05T22:32:39.657-04:00 DEBUG 43548 --- [week3d] [           main] org.hibernate.type.BasicTypeRegistry     : Adding type registration OffsetTimeWithoutTimezone -> org.hibernate.type.BasicTypeReference@609319c3
2025-05-05T22:32:39.657-04:00 DEBUG 43548 --- [week3d] [           main] org.hibernate.type.BasicTypeRegistry     : Adding type registration ZonedDateTime -> org.hibernate.type.BasicTypeReference@6bbab114
2025-05-05T22:32:39.657-04:00 DEBUG 43548 --- [week3d] [           main] org.hibernate.type.BasicTypeRegistry     : Adding type registration java.time.ZonedDateTime -> org.hibernate.type.BasicTypeReference@6bbab114
2025-05-05T22:32:39.657-04:00 DEBUG 43548 --- [week3d] [           main] org.hibernate.type.BasicTypeRegistry     : Adding type registration ZonedDateTimeWithTimezone -> org.hibernate.type.BasicTypeReference@2a7d9b41
2025-05-05T22:32:39.657-04:00 DEBUG 43548 --- [week3d] [           main] org.hibernate.type.BasicTypeRegistry     : Adding type registration ZonedDateTimeWithoutTimezone -> org.hibernate.type.BasicTypeReference@25be445f
2025-05-05T22:32:39.657-04:00 DEBUG 43548 --- [week3d] [           main] org.hibernate.type.BasicTypeRegistry     : Adding type registration date -> org.hibernate.type.BasicTypeReference@5d1b1c2a
2025-05-05T22:32:39.657-04:00 DEBUG 43548 --- [week3d] [           main] org.hibernate.type.BasicTypeRegistry     : Adding type registration java.sql.Date -> org.hibernate.type.BasicTypeReference@5d1b1c2a
2025-05-05T22:32:39.657-04:00 DEBUG 43548 --- [week3d] [           main] org.hibernate.type.BasicTypeRegistry     : Adding type registration time -> org.hibernate.type.BasicTypeReference@6397248c
2025-05-05T22:32:39.657-04:00 DEBUG 43548 --- [week3d] [           main] org.hibernate.type.BasicTypeRegistry     : Adding type registration java.sql.Time -> org.hibernate.type.BasicTypeReference@6397248c
2025-05-05T22:32:39.657-04:00 DEBUG 43548 --- [week3d] [           main] org.hibernate.type.BasicTypeRegistry     : Adding type registration timestamp -> org.hibernate.type.BasicTypeReference@25f61c2c
2025-05-05T22:32:39.657-04:00 DEBUG 43548 --- [week3d] [           main] org.hibernate.type.BasicTypeRegistry     : Adding type registration java.sql.Timestamp -> org.hibernate.type.BasicTypeReference@25f61c2c
2025-05-05T22:32:39.657-04:00 DEBUG 43548 --- [week3d] [           main] org.hibernate.type.BasicTypeRegistry     : Adding type registration java.util.Date -> org.hibernate.type.BasicTypeReference@25f61c2c
2025-05-05T22:32:39.657-04:00 DEBUG 43548 --- [week3d] [           main] org.hibernate.type.BasicTypeRegistry     : Adding type registration calendar -> org.hibernate.type.BasicTypeReference@72bd2871
2025-05-05T22:32:39.657-04:00 DEBUG 43548 --- [week3d] [           main] org.hibernate.type.BasicTypeRegistry     : Adding type registration java.util.Calendar -> org.hibernate.type.BasicTypeReference@72bd2871
2025-05-05T22:32:39.657-04:00 DEBUG 43548 --- [week3d] [           main] org.hibernate.type.BasicTypeRegistry     : Adding type registration java.util.GregorianCalendar -> org.hibernate.type.BasicTypeReference@72bd2871
2025-05-05T22:32:39.657-04:00 DEBUG 43548 --- [week3d] [           main] org.hibernate.type.BasicTypeRegistry     : Adding type registration calendar_date -> org.hibernate.type.BasicTypeReference@2d2b6960
2025-05-05T22:32:39.657-04:00 DEBUG 43548 --- [week3d] [           main] org.hibernate.type.BasicTypeRegistry     : Adding type registration calendar_time -> org.hibernate.type.BasicTypeReference@38291795
2025-05-05T22:32:39.657-04:00 DEBUG 43548 --- [week3d] [           main] org.hibernate.type.BasicTypeRegistry     : Adding type registration instant -> org.hibernate.type.BasicTypeReference@234c5e41
2025-05-05T22:32:39.657-04:00 DEBUG 43548 --- [week3d] [           main] org.hibernate.type.BasicTypeRegistry     : Adding type registration java.time.Instant -> org.hibernate.type.BasicTypeReference@234c5e41
2025-05-05T22:32:39.657-04:00 DEBUG 43548 --- [week3d] [           main] org.hibernate.type.BasicTypeRegistry     : Adding type registration uuid -> org.hibernate.type.BasicTypeReference@40ef0af8
2025-05-05T22:32:39.657-04:00 DEBUG 43548 --- [week3d] [           main] org.hibernate.type.BasicTypeRegistry     : Adding type registration java.util.UUID -> org.hibernate.type.BasicTypeReference@40ef0af8
2025-05-05T22:32:39.657-04:00 DEBUG 43548 --- [week3d] [           main] org.hibernate.type.BasicTypeRegistry     : Adding type registration pg-uuid -> org.hibernate.type.BasicTypeReference@40ef0af8
2025-05-05T22:32:39.657-04:00 DEBUG 43548 --- [week3d] [           main] org.hibernate.type.BasicTypeRegistry     : Adding type registration uuid-binary -> org.hibernate.type.BasicTypeReference@36790bec
2025-05-05T22:32:39.657-04:00 DEBUG 43548 --- [week3d] [           main] org.hibernate.type.BasicTypeRegistry     : Adding type registration uuid-char -> org.hibernate.type.BasicTypeReference@461c3709
2025-05-05T22:32:39.657-04:00 DEBUG 43548 --- [week3d] [           main] org.hibernate.type.BasicTypeRegistry     : Adding type registration class -> org.hibernate.type.BasicTypeReference@7e3d7dd
2025-05-05T22:32:39.657-04:00 DEBUG 43548 --- [week3d] [           main] org.hibernate.type.BasicTypeRegistry     : Adding type registration java.lang.Class -> org.hibernate.type.BasicTypeReference@7e3d7dd
2025-05-05T22:32:39.657-04:00 DEBUG 43548 --- [week3d] [           main] org.hibernate.type.BasicTypeRegistry     : Adding type registration currency -> org.hibernate.type.BasicTypeReference@3f63a513
2025-05-05T22:32:39.657-04:00 DEBUG 43548 --- [week3d] [           main] org.hibernate.type.BasicTypeRegistry     : Adding type registration Currency -> org.hibernate.type.BasicTypeReference@3f63a513
2025-05-05T22:32:39.657-04:00 DEBUG 43548 --- [week3d] [           main] org.hibernate.type.BasicTypeRegistry     : Adding type registration java.util.Currency -> org.hibernate.type.BasicTypeReference@3f63a513
2025-05-05T22:32:39.657-04:00 DEBUG 43548 --- [week3d] [           main] org.hibernate.type.BasicTypeRegistry     : Adding type registration locale -> org.hibernate.type.BasicTypeReference@413bef78
2025-05-05T22:32:39.657-04:00 DEBUG 43548 --- [week3d] [           main] org.hibernate.type.BasicTypeRegistry     : Adding type registration java.util.Locale -> org.hibernate.type.BasicTypeReference@413bef78
2025-05-05T22:32:39.657-04:00 DEBUG 43548 --- [week3d] [           main] org.hibernate.type.BasicTypeRegistry     : Adding type registration serializable -> org.hibernate.type.BasicTypeReference@66383c29
2025-05-05T22:32:39.657-04:00 DEBUG 43548 --- [week3d] [           main] org.hibernate.type.BasicTypeRegistry     : Adding type registration java.io.Serializable -> org.hibernate.type.BasicTypeReference@66383c29
2025-05-05T22:32:39.657-04:00 DEBUG 43548 --- [week3d] [           main] org.hibernate.type.BasicTypeRegistry     : Adding type registration timezone -> org.hibernate.type.BasicTypeReference@7f7c420c
2025-05-05T22:32:39.657-04:00 DEBUG 43548 --- [week3d] [           main] org.hibernate.type.BasicTypeRegistry     : Adding type registration java.util.TimeZone -> org.hibernate.type.BasicTypeReference@7f7c420c
2025-05-05T22:32:39.657-04:00 DEBUG 43548 --- [week3d] [           main] org.hibernate.type.BasicTypeRegistry     : Adding type registration ZoneOffset -> org.hibernate.type.BasicTypeReference@5d152bcd
2025-05-05T22:32:39.657-04:00 DEBUG 43548 --- [week3d] [           main] org.hibernate.type.BasicTypeRegistry     : Adding type registration java.time.ZoneOffset -> org.hibernate.type.BasicTypeReference@5d152bcd
2025-05-05T22:32:39.657-04:00 DEBUG 43548 --- [week3d] [           main] org.hibernate.type.BasicTypeRegistry     : Adding type registration url -> org.hibernate.type.BasicTypeReference@43cb5f38
2025-05-05T22:32:39.657-04:00 DEBUG 43548 --- [week3d] [           main] org.hibernate.type.BasicTypeRegistry     : Adding type registration java.net.URL -> org.hibernate.type.BasicTypeReference@43cb5f38
2025-05-05T22:32:39.657-04:00 DEBUG 43548 --- [week3d] [           main] org.hibernate.type.BasicTypeRegistry     : Adding type registration vector -> org.hibernate.type.BasicTypeReference@6435fa1c
2025-05-05T22:32:39.657-04:00 DEBUG 43548 --- [week3d] [           main] org.hibernate.type.BasicTypeRegistry     : Adding type registration float_vector -> org.hibernate.type.BasicTypeReference@7944b8b4
2025-05-05T22:32:39.657-04:00 DEBUG 43548 --- [week3d] [           main] org.hibernate.type.BasicTypeRegistry     : Adding type registration double_vector -> org.hibernate.type.BasicTypeReference@d7bbf12
2025-05-05T22:32:39.657-04:00 DEBUG 43548 --- [week3d] [           main] org.hibernate.type.BasicTypeRegistry     : Adding type registration byte_vector -> org.hibernate.type.BasicTypeReference@1450131a
2025-05-05T22:32:39.657-04:00 DEBUG 43548 --- [week3d] [           main] org.hibernate.type.BasicTypeRegistry     : Adding type registration row_version -> org.hibernate.type.BasicTypeReference@5f7eee96
2025-05-05T22:32:39.657-04:00 DEBUG 43548 --- [week3d] [           main] org.hibernate.type.BasicTypeRegistry     : Adding type registration object -> org.hibernate.type.JavaObjectType@4751e8b9
2025-05-05T22:32:39.657-04:00 DEBUG 43548 --- [week3d] [           main] org.hibernate.type.BasicTypeRegistry     : Adding type registration java.lang.Object -> org.hibernate.type.JavaObjectType@4751e8b9
2025-05-05T22:32:39.657-04:00 DEBUG 43548 --- [week3d] [           main] org.hibernate.type.BasicTypeRegistry     : Adding type registration null -> org.hibernate.type.NullType@66c9b52f
2025-05-05T22:32:39.657-04:00 DEBUG 43548 --- [week3d] [           main] org.hibernate.type.BasicTypeRegistry     : Adding type registration imm_date -> org.hibernate.type.BasicTypeReference@7e3cea61
2025-05-05T22:32:39.657-04:00 DEBUG 43548 --- [week3d] [           main] org.hibernate.type.BasicTypeRegistry     : Adding type registration imm_time -> org.hibernate.type.BasicTypeReference@626b8822
2025-05-05T22:32:39.657-04:00 DEBUG 43548 --- [week3d] [           main] org.hibernate.type.BasicTypeRegistry     : Adding type registration imm_timestamp -> org.hibernate.type.BasicTypeReference@7ab7a4eb
2025-05-05T22:32:39.657-04:00 DEBUG 43548 --- [week3d] [           main] org.hibernate.type.BasicTypeRegistry     : Adding type registration imm_calendar -> org.hibernate.type.BasicTypeReference@7ec00f98
2025-05-05T22:32:39.657-04:00 DEBUG 43548 --- [week3d] [           main] org.hibernate.type.BasicTypeRegistry     : Adding type registration imm_calendar_date -> org.hibernate.type.BasicTypeReference@67b68dc3
2025-05-05T22:32:39.657-04:00 DEBUG 43548 --- [week3d] [           main] org.hibernate.type.BasicTypeRegistry     : Adding type registration imm_calendar_time -> org.hibernate.type.BasicTypeReference@5922338f
2025-05-05T22:32:39.657-04:00 DEBUG 43548 --- [week3d] [           main] org.hibernate.type.BasicTypeRegistry     : Adding type registration imm_binary -> org.hibernate.type.BasicTypeReference@1e7544bc
2025-05-05T22:32:39.657-04:00 DEBUG 43548 --- [week3d] [           main] org.hibernate.type.BasicTypeRegistry     : Adding type registration imm_serializable -> org.hibernate.type.BasicTypeReference@60b73425
2025-05-05T22:32:39.658-04:00 DEBUG 43548 --- [week3d] [           main] o.h.boot.internal.BootstrapContextImpl   : Injecting JPA temp ClassLoader [org.springframework.instrument.classloading.SimpleThrowawayClassLoader@7bca96d6] into BootstrapContext; was [null]
2025-05-05T22:32:39.658-04:00 DEBUG 43548 --- [week3d] [           main] o.h.boot.internal.ClassLoaderAccessImpl  : ClassLoaderAccessImpl#injectTempClassLoader(org.springframework.instrument.classloading.SimpleThrowawayClassLoader@7bca96d6) [was null]
2025-05-05T22:32:39.658-04:00 DEBUG 43548 --- [week3d] [           main] o.h.boot.internal.BootstrapContextImpl   : Injecting ScanEnvironment [org.hibernate.jpa.boot.internal.StandardJpaScanEnvironmentImpl@4f2e6db7] into BootstrapContext; was [null]
2025-05-05T22:32:39.658-04:00 DEBUG 43548 --- [week3d] [           main] o.h.boot.internal.BootstrapContextImpl   : Injecting ScanOptions [org.hibernate.boot.archive.scan.internal.StandardScanOptions@16e17e6b] into BootstrapContext; was [org.hibernate.boot.archive.scan.internal.StandardScanOptions@46a6368f]
2025-05-05T22:32:39.658-04:00 DEBUG 43548 --- [week3d] [           main] o.h.j.b.i.PersistenceUnitInfoDescriptor  : Pushing class transformers for PU named 'default' on loading classloader jdk.internal.loader.ClassLoaders$AppClassLoader@18ff02e4
2025-05-05T22:32:39.661-04:00  INFO 43548 --- [week3d] [           main] o.s.o.j.p.SpringPersistenceUnitInfo      : No LoadTimeWeaver setup: ignoring JPA class transformer
2025-05-05T22:32:39.661-04:00 DEBUG 43548 --- [week3d] [           main] o.h.boot.internal.BootstrapContextImpl   : Injecting JPA temp ClassLoader [null] into BootstrapContext; was [org.springframework.instrument.classloading.SimpleThrowawayClassLoader@7bca96d6]
2025-05-05T22:32:39.661-04:00 DEBUG 43548 --- [week3d] [           main] o.h.boot.internal.ClassLoaderAccessImpl  : ClassLoaderAccessImpl#injectTempClassLoader(null) [was org.springframework.instrument.classloading.SimpleThrowawayClassLoader@7bca96d6]
2025-05-05T22:32:39.661-04:00 DEBUG 43548 --- [week3d] [           main] com.zaxxer.hikari.HikariConfig           : HikariPool-2 - configuration:
2025-05-05T22:32:39.661-04:00 DEBUG 43548 --- [week3d] [           main] com.zaxxer.hikari.HikariConfig           : allowPoolSuspension.............false
2025-05-05T22:32:39.661-04:00 DEBUG 43548 --- [week3d] [           main] com.zaxxer.hikari.HikariConfig           : autoCommit......................true
2025-05-05T22:32:39.661-04:00 DEBUG 43548 --- [week3d] [           main] com.zaxxer.hikari.HikariConfig           : catalog.........................none
2025-05-05T22:32:39.662-04:00 DEBUG 43548 --- [week3d] [           main] com.zaxxer.hikari.HikariConfig           : connectionInitSql...............none
2025-05-05T22:32:39.662-04:00 DEBUG 43548 --- [week3d] [           main] com.zaxxer.hikari.HikariConfig           : connectionTestQuery.............none
2025-05-05T22:32:39.662-04:00 DEBUG 43548 --- [week3d] [           main] com.zaxxer.hikari.HikariConfig           : connectionTimeout...............30000
2025-05-05T22:32:39.662-04:00 DEBUG 43548 --- [week3d] [           main] com.zaxxer.hikari.HikariConfig           : dataSource......................none
2025-05-05T22:32:39.662-04:00 DEBUG 43548 --- [week3d] [           main] com.zaxxer.hikari.HikariConfig           : dataSourceClassName.............none
2025-05-05T22:32:39.662-04:00 DEBUG 43548 --- [week3d] [           main] com.zaxxer.hikari.HikariConfig           : dataSourceJNDI..................none
2025-05-05T22:32:39.662-04:00 DEBUG 43548 --- [week3d] [           main] com.zaxxer.hikari.HikariConfig           : dataSourceProperties............{password=<masked>}
2025-05-05T22:32:39.662-04:00 DEBUG 43548 --- [week3d] [           main] com.zaxxer.hikari.HikariConfig           : driverClassName................."oracle.jdbc.driver.OracleDriver"
2025-05-05T22:32:39.662-04:00 DEBUG 43548 --- [week3d] [           main] com.zaxxer.hikari.HikariConfig           : exceptionOverrideClassName......none
2025-05-05T22:32:39.662-04:00 DEBUG 43548 --- [week3d] [           main] com.zaxxer.hikari.HikariConfig           : healthCheckProperties...........{}
2025-05-05T22:32:39.662-04:00 DEBUG 43548 --- [week3d] [           main] com.zaxxer.hikari.HikariConfig           : healthCheckRegistry.............none
2025-05-05T22:32:39.662-04:00 DEBUG 43548 --- [week3d] [           main] com.zaxxer.hikari.HikariConfig           : idleTimeout.....................600000
2025-05-05T22:32:39.662-04:00 DEBUG 43548 --- [week3d] [           main] com.zaxxer.hikari.HikariConfig           : initializationFailTimeout.......1
2025-05-05T22:32:39.662-04:00 DEBUG 43548 --- [week3d] [           main] com.zaxxer.hikari.HikariConfig           : isolateInternalQueries..........false
2025-05-05T22:32:39.662-04:00 DEBUG 43548 --- [week3d] [           main] com.zaxxer.hikari.HikariConfig           : jdbcUrl.........................jdbc:oracle:thin:@dbpruebas_tp?TNS_ADMIN=/Users/x0dsanta/Wallet_DBPruebas
2025-05-05T22:32:39.662-04:00 DEBUG 43548 --- [week3d] [           main] com.zaxxer.hikari.HikariConfig           : keepaliveTime...................0
2025-05-05T22:32:39.662-04:00 DEBUG 43548 --- [week3d] [           main] com.zaxxer.hikari.HikariConfig           : leakDetectionThreshold..........10000
2025-05-05T22:32:39.662-04:00 DEBUG 43548 --- [week3d] [           main] com.zaxxer.hikari.HikariConfig           : maxLifetime.....................1800000
2025-05-05T22:32:39.662-04:00 DEBUG 43548 --- [week3d] [           main] com.zaxxer.hikari.HikariConfig           : maximumPoolSize.................10
2025-05-05T22:32:39.662-04:00 DEBUG 43548 --- [week3d] [           main] com.zaxxer.hikari.HikariConfig           : metricRegistry..................none
2025-05-05T22:32:39.662-04:00 DEBUG 43548 --- [week3d] [           main] com.zaxxer.hikari.HikariConfig           : metricsTrackerFactory...........none
2025-05-05T22:32:39.662-04:00 DEBUG 43548 --- [week3d] [           main] com.zaxxer.hikari.HikariConfig           : minimumIdle.....................10
2025-05-05T22:32:39.662-04:00 DEBUG 43548 --- [week3d] [           main] com.zaxxer.hikari.HikariConfig           : password........................<masked>
2025-05-05T22:32:39.662-04:00 DEBUG 43548 --- [week3d] [           main] com.zaxxer.hikari.HikariConfig           : poolName........................"HikariPool-2"
2025-05-05T22:32:39.662-04:00 DEBUG 43548 --- [week3d] [           main] com.zaxxer.hikari.HikariConfig           : readOnly........................false
2025-05-05T22:32:39.662-04:00 DEBUG 43548 --- [week3d] [           main] com.zaxxer.hikari.HikariConfig           : registerMbeans..................false
2025-05-05T22:32:39.662-04:00 DEBUG 43548 --- [week3d] [           main] com.zaxxer.hikari.HikariConfig           : scheduledExecutor...............none
2025-05-05T22:32:39.662-04:00 DEBUG 43548 --- [week3d] [           main] com.zaxxer.hikari.HikariConfig           : schema..........................none
2025-05-05T22:32:39.662-04:00 DEBUG 43548 --- [week3d] [           main] com.zaxxer.hikari.HikariConfig           : threadFactory...................internal
2025-05-05T22:32:39.662-04:00 DEBUG 43548 --- [week3d] [           main] com.zaxxer.hikari.HikariConfig           : transactionIsolation............default
2025-05-05T22:32:39.662-04:00 DEBUG 43548 --- [week3d] [           main] com.zaxxer.hikari.HikariConfig           : username........................"ShipmentsUser"
2025-05-05T22:32:39.662-04:00 DEBUG 43548 --- [week3d] [           main] com.zaxxer.hikari.HikariConfig           : validationTimeout...............5000
2025-05-05T22:32:39.662-04:00  INFO 43548 --- [week3d] [           main] com.zaxxer.hikari.HikariDataSource       : HikariPool-2 - Starting...
2025-05-05T22:32:39.662-04:00  WARN 43548 --- [week3d] [           main] c.zaxxer.hikari.util.DriverDataSource    : Registered driver with driverClassName=oracle.jdbc.driver.OracleDriver was not found, trying direct instantiation.
2025-05-05T22:32:39.662-04:00 DEBUG 43548 --- [week3d] [           main] c.zaxxer.hikari.util.DriverDataSource    : Driver class oracle.jdbc.driver.OracleDriver found in Thread context class loader jdk.internal.loader.ClassLoaders$AppClassLoader@18ff02e4
2025-05-05T22:32:39.726-04:00 DEBUG 43548 --- [week3d] [           main] jdk.event.security                       : X509Certificate: Alg:SHA256withRSA, Serial:0e:53:5a:9b:ac:d4:b9:00:33:9c:4e:0d:7e:87:e7:12, Subject:CN=adb.sa-santiago-1.oraclecloud.com, O=Oracle Corporation, L=Redwood City, ST=California, C=US, Issuer:CN=DigiCert TLS RSA SHA256 2020 CA1, O=DigiCert Inc, C=US, Key type:RSA, Length:2048, Cert Id:3580545443, Valid from:10/28/24, 9:00 PM, Valid until:11/19/25, 8:59 PM
2025-05-05T22:32:39.726-04:00 DEBUG 43548 --- [week3d] [           main] jdk.event.security                       : X509Certificate: Alg:SHA256withRSA, Serial:0a:35:08:d5:5c:29:2b:01:7d:f8:ad:65:c0:0f:f7:e4, Subject:CN=DigiCert TLS RSA SHA256 2020 CA1, O=DigiCert Inc, C=US, Issuer:CN=DigiCert Global Root CA, OU=www.digicert.com, O=DigiCert Inc, C=US, Key type:RSA, Length:2048, Cert Id:128597027, Valid from:9/23/20, 9:00 PM, Valid until:9/23/30, 8:59 PM
2025-05-05T22:32:39.726-04:00 DEBUG 43548 --- [week3d] [           main] jdk.event.security                       : X509Certificate: Alg:SHA1withRSA, Serial:08:3b:e0:56:90:42:46:b1:a1:75:6a:c9:59:91:c7:4a, Subject:CN=DigiCert Global Root CA, OU=www.digicert.com, O=DigiCert Inc, C=US, Issuer:CN=DigiCert Global Root CA, OU=www.digicert.com, O=DigiCert Inc, C=US, Key type:RSA, Length:2048, Cert Id:1341898239, Valid from:11/9/06, 9:00 PM, Valid until:11/9/31, 9:00 PM
2025-05-05T22:32:39.726-04:00 DEBUG 43548 --- [week3d] [           main] jdk.event.security                       : X509Certificate: Alg:SHA256withRSA, Serial:00, Subject:CN=CE1EBE1A8995441E8C557925BE78B937, DNQ=V1, Issuer:C=US, ST=California, L=Redwood Shores, O=Oracle Corporation Autonomous Database Global Self-signed CA, CN=Autonomous Database CA, Key type:RSA, Length:2048, Cert Id:2900283042, Valid from:3/16/25, 6:29 PM, Valid until:3/15/30, 6:29 PM
2025-05-05T22:32:39.727-04:00 DEBUG 43548 --- [week3d] [           main] jdk.event.security                       : X509Certificate: Alg:SHA1withRSA, Serial:08:3b:e0:56:90:42:46:b1:a1:75:6a:c9:59:91:c7:4a, Subject:CN=DigiCert Global Root CA, OU=www.digicert.com, O=DigiCert Inc, C=US, Issuer:CN=DigiCert Global Root CA, OU=www.digicert.com, O=DigiCert Inc, C=US, Key type:RSA, Length:2048, Cert Id:1341898239, Valid from:11/9/06, 9:00 PM, Valid until:11/9/31, 9:00 PM
2025-05-05T22:32:39.727-04:00 DEBUG 43548 --- [week3d] [           main] jdk.event.security                       : ValidationChain: 1341898239, 128597027, 3580545443
2025-05-05T22:32:39.727-04:00 DEBUG 43548 --- [week3d] [           main] jdk.event.security                       : X509Certificate: Alg:SHA1withRSA, Serial:08:3b:e0:56:90:42:46:b1:a1:75:6a:c9:59:91:c7:4a, Subject:CN=DigiCert Global Root CA, OU=www.digicert.com, O=DigiCert Inc, C=US, Issuer:CN=DigiCert Global Root CA, OU=www.digicert.com, O=DigiCert Inc, C=US, Key type:RSA, Length:2048, Cert Id:1341898239, Valid from:11/9/06, 9:00 PM, Valid until:11/9/31, 9:00 PM
2025-05-05T22:32:39.749-04:00 DEBUG 43548 --- [week3d] [           main] jdk.event.security                       :  TLSHandshake: adb.sa-santiago-1.oraclecloud.com:1522, TLSv1.2, TLS_RSA_WITH_AES_256_GCM_SHA384, 3580545443
2025-05-05T22:32:39.767-04:00 DEBUG 43548 --- [week3d] [           main] jdk.event.security                       : X509Certificate: Alg:SHA256withRSA, Serial:0e:53:5a:9b:ac:d4:b9:00:33:9c:4e:0d:7e:87:e7:12, Subject:CN=adb.sa-santiago-1.oraclecloud.com, O=Oracle Corporation, L=Redwood City, ST=California, C=US, Issuer:CN=DigiCert TLS RSA SHA256 2020 CA1, O=DigiCert Inc, C=US, Key type:RSA, Length:2048, Cert Id:3580545443, Valid from:10/28/24, 9:00 PM, Valid until:11/19/25, 8:59 PM
2025-05-05T22:32:39.767-04:00 DEBUG 43548 --- [week3d] [           main] jdk.event.security                       : X509Certificate: Alg:SHA256withRSA, Serial:0a:35:08:d5:5c:29:2b:01:7d:f8:ad:65:c0:0f:f7:e4, Subject:CN=DigiCert TLS RSA SHA256 2020 CA1, O=DigiCert Inc, C=US, Issuer:CN=DigiCert Global Root CA, OU=www.digicert.com, O=DigiCert Inc, C=US, Key type:RSA, Length:2048, Cert Id:128597027, Valid from:9/23/20, 9:00 PM, Valid until:9/23/30, 8:59 PM
2025-05-05T22:32:39.767-04:00 DEBUG 43548 --- [week3d] [           main] jdk.event.security                       : X509Certificate: Alg:SHA1withRSA, Serial:08:3b:e0:56:90:42:46:b1:a1:75:6a:c9:59:91:c7:4a, Subject:CN=DigiCert Global Root CA, OU=www.digicert.com, O=DigiCert Inc, C=US, Issuer:CN=DigiCert Global Root CA, OU=www.digicert.com, O=DigiCert Inc, C=US, Key type:RSA, Length:2048, Cert Id:1341898239, Valid from:11/9/06, 9:00 PM, Valid until:11/9/31, 9:00 PM
2025-05-05T22:32:39.768-04:00 DEBUG 43548 --- [week3d] [           main] jdk.event.security                       : X509Certificate: Alg:SHA256withRSA, Serial:00, Subject:CN=CE1EBE1A8995441E8C557925BE78B937, DNQ=V1, Issuer:C=US, ST=California, L=Redwood Shores, O=Oracle Corporation Autonomous Database Global Self-signed CA, CN=Autonomous Database CA, Key type:RSA, Length:2048, Cert Id:2900283042, Valid from:3/16/25, 6:29 PM, Valid until:3/15/30, 6:29 PM
2025-05-05T22:32:39.768-04:00 DEBUG 43548 --- [week3d] [           main] jdk.event.security                       : X509Certificate: Alg:SHA1withRSA, Serial:08:3b:e0:56:90:42:46:b1:a1:75:6a:c9:59:91:c7:4a, Subject:CN=DigiCert Global Root CA, OU=www.digicert.com, O=DigiCert Inc, C=US, Issuer:CN=DigiCert Global Root CA, OU=www.digicert.com, O=DigiCert Inc, C=US, Key type:RSA, Length:2048, Cert Id:1341898239, Valid from:11/9/06, 9:00 PM, Valid until:11/9/31, 9:00 PM
2025-05-05T22:32:39.768-04:00 DEBUG 43548 --- [week3d] [           main] jdk.event.security                       : ValidationChain: 1341898239, 128597027, 3580545443
2025-05-05T22:32:39.768-04:00 DEBUG 43548 --- [week3d] [           main] jdk.event.security                       : X509Certificate: Alg:SHA1withRSA, Serial:08:3b:e0:56:90:42:46:b1:a1:75:6a:c9:59:91:c7:4a, Subject:CN=DigiCert Global Root CA, OU=www.digicert.com, O=DigiCert Inc, C=US, Issuer:CN=DigiCert Global Root CA, OU=www.digicert.com, O=DigiCert Inc, C=US, Key type:RSA, Length:2048, Cert Id:1341898239, Valid from:11/9/06, 9:00 PM, Valid until:11/9/31, 9:00 PM
2025-05-05T22:32:39.781-04:00 DEBUG 43548 --- [week3d] [           main] jdk.event.security                       :  TLSHandshake: adb.sa-santiago-1.oraclecloud.com:1522, TLSv1.2, TLS_RSA_WITH_AES_256_GCM_SHA384, 3580545443
2025-05-05T22:32:39.891-04:00  INFO 43548 --- [week3d] [           main] com.zaxxer.hikari.pool.HikariPool        : HikariPool-2 - Added connection oracle.jdbc.driver.T4CConnection@26f5a9d9
2025-05-05T22:32:39.891-04:00  INFO 43548 --- [week3d] [           main] com.zaxxer.hikari.HikariDataSource       : HikariPool-2 - Start completed.
2025-05-05T22:32:39.901-04:00 DEBUG 43548 --- [week3d] [           main] o.h.e.j.e.i.JdbcEnvironmentInitiator     : Database ->
	   name : Oracle
	version : Oracle Database 19c Enterprise Edition Release 19.0.0.0.0 - Production
Version 19.27.0.1.0
	  major : 19
	  minor : 27
2025-05-05T22:32:39.901-04:00 DEBUG 43548 --- [week3d] [           main] o.h.e.j.e.i.JdbcEnvironmentInitiator     : Driver ->
	   name : Oracle JDBC driver
	version : 23.5.0.24.07
	  major : 23
	  minor : 5
2025-05-05T22:32:39.901-04:00 DEBUG 43548 --- [week3d] [           main] o.h.e.j.e.i.JdbcEnvironmentInitiator     : JDBC version : 4.3
2025-05-05T22:32:39.911-04:00  WARN 43548 --- [week3d] [           main] org.hibernate.orm.deprecation            : HHH90000025: OracleDialect does not need to be specified explicitly using 'hibernate.dialect' (remove the property setting and it will be selected by default)
2025-05-05T22:32:39.911-04:00 DEBUG 43548 --- [week3d] [           main] org.hibernate.orm.dialect                : HHH035001: Using dialect: org.hibernate.dialect.OracleDialect, version: 19.27
2025-05-05T22:32:39.971-04:00  INFO 43548 --- [week3d] [           main] org.hibernate.orm.connections.pooling    : HHH10001005: Database info:
	Database JDBC URL [Connecting through datasource 'HikariDataSource (HikariPool-2)']
	Database driver: undefined/unknown
	Database version: 19.27
	Autocommit mode: undefined/unknown
	Isolation level: undefined/unknown
	Minimum pool size: undefined/unknown
	Maximum pool size: undefined/unknown
2025-05-05T22:32:39.971-04:00 DEBUG 43548 --- [week3d] [           main] o.h.t.d.jdbc.spi.JdbcTypeRegistry        : addDescriptor(NCharTypeDescriptor) replaced previous registration(CharTypeDescriptor)
2025-05-05T22:32:39.971-04:00 DEBUG 43548 --- [week3d] [           main] o.h.t.d.jdbc.spi.JdbcTypeRegistry        : addDescriptor(NVarcharTypeDescriptor) replaced previous registration(VarcharTypeDescriptor)
2025-05-05T22:32:39.971-04:00 DEBUG 43548 --- [week3d] [           main] o.h.t.d.jdbc.spi.JdbcTypeRegistry        : addDescriptor(LongNVarcharTypeDescriptor) replaced previous registration(LongVarcharTypeDescriptor)
2025-05-05T22:32:39.971-04:00 DEBUG 43548 --- [week3d] [           main] o.h.t.d.jdbc.spi.JdbcTypeRegistry        : addDescriptor(NClobTypeDescriptor(DEFAULT)) replaced previous registration(ClobTypeDescriptor(DEFAULT))
2025-05-05T22:32:39.971-04:00 DEBUG 43548 --- [week3d] [           main] o.h.t.d.jdbc.spi.JdbcTypeRegistry        : addDescriptor(BooleanTypeDescriptor) replaced previous registration(BooleanTypeDescriptor)
2025-05-05T22:32:39.971-04:00 DEBUG 43548 --- [week3d] [           main] org.hibernate.type.BasicTypeRegistry     : Adding type registration null -> org.hibernate.type.NullType@7546be68
2025-05-05T22:32:39.971-04:00 DEBUG 43548 --- [week3d] [           main] org.hibernate.type.BasicTypeRegistry     : Type registration key [null] overrode previous entry : `org.hibernate.type.NullType@66c9b52f`
2025-05-05T22:32:39.971-04:00 DEBUG 43548 --- [week3d] [           main] org.hibernate.type.BasicTypeRegistry     : Adding type registration JAVA_OBJECT -> org.hibernate.type.JavaObjectType@2992d955
2025-05-05T22:32:39.971-04:00 DEBUG 43548 --- [week3d] [           main] org.hibernate.type.BasicTypeRegistry     : Adding type registration java.lang.Object -> org.hibernate.type.JavaObjectType@2992d955
2025-05-05T22:32:39.971-04:00 DEBUG 43548 --- [week3d] [           main] org.hibernate.type.BasicTypeRegistry     : Type registration key [java.lang.Object] overrode previous entry : `org.hibernate.type.JavaObjectType@4751e8b9`
2025-05-05T22:32:39.971-04:00 DEBUG 43548 --- [week3d] [           main] org.hibernate.type.BasicTypeRegistry     : Adding type registration org.hibernate.type.DurationType -> basicType@21(java.time.Duration,3015)
2025-05-05T22:32:39.971-04:00 DEBUG 43548 --- [week3d] [           main] org.hibernate.type.BasicTypeRegistry     : Adding type registration Duration -> basicType@21(java.time.Duration,3015)
2025-05-05T22:32:39.971-04:00 DEBUG 43548 --- [week3d] [           main] org.hibernate.type.BasicTypeRegistry     : Adding type registration java.time.Duration -> basicType@21(java.time.Duration,3015)
2025-05-05T22:32:39.971-04:00 DEBUG 43548 --- [week3d] [           main] o.h.type.spi.TypeConfiguration$Scope     : Scoping TypeConfiguration [org.hibernate.type.spi.TypeConfiguration@7cf311eb] to MetadataBuildingContext [org.hibernate.boot.internal.MetadataBuildingContextRootImpl@ce1c5f3]
2025-05-05T22:32:39.971-04:00 DEBUG 43548 --- [week3d] [           main] o.h.boot.model.relational.Namespace      : Created database namespace [logicalName=Name{catalog=null, schema=null}, physicalName=Name{catalog=null, schema=null}]
2025-05-05T22:32:39.972-04:00 DEBUG 43548 --- [week3d] [           main] o.h.boot.model.internal.EntityBinder     : Binding entity from annotated class: com.duoc.week3d.model.Shipment
2025-05-05T22:32:39.972-04:00 DEBUG 43548 --- [week3d] [           main] o.h.boot.model.internal.EntityBinder     : Import with entity name Shipment
2025-05-05T22:32:39.972-04:00 DEBUG 43548 --- [week3d] [           main] o.h.boot.model.internal.EntityBinder     : Bind entity com.duoc.week3d.model.Shipment on table shipment
2025-05-05T22:32:39.972-04:00 DEBUG 43548 --- [week3d] [           main] o.h.boot.model.internal.AnnotatedColumn  : Binding column: AnnotatedDiscriminatorColumn(column='DTYPE')
2025-05-05T22:32:39.972-04:00 DEBUG 43548 --- [week3d] [           main] o.h.boot.model.internal.AnnotatedColumn  : Binding column: AnnotatedColumn()
2025-05-05T22:32:39.972-04:00 DEBUG 43548 --- [week3d] [           main] o.h.boot.internal.ClassLoaderAccessImpl  : Not known whether passed class name [com.duoc.week3d.model.Shipment] is safe
2025-05-05T22:32:39.972-04:00 DEBUG 43548 --- [week3d] [           main] o.h.boot.internal.ClassLoaderAccessImpl  : No temp ClassLoader provided; using live ClassLoader for loading potentially unsafe class : com.duoc.week3d.model.Shipment
2025-05-05T22:32:39.972-04:00 DEBUG 43548 --- [week3d] [           main] o.h.boot.model.internal.PropertyBinder   : MetadataSourceProcessor property id with lazy=false
2025-05-05T22:32:39.972-04:00 DEBUG 43548 --- [week3d] [           main] o.h.b.m.internal.AbstractPropertyHolder  : Attempting to locate auto-apply AttributeConverter for property [com.duoc.week3d.model.Shipment:id]
2025-05-05T22:32:39.972-04:00 DEBUG 43548 --- [week3d] [           main] o.h.b.model.internal.BasicValueBinder    : building BasicValue for id
2025-05-05T22:32:39.972-04:00 DEBUG 43548 --- [week3d] [           main] org.hibernate.mapping.BasicValue         : Skipping column re-registration: shipment.id
2025-05-05T22:32:39.972-04:00 DEBUG 43548 --- [week3d] [           main] o.h.boot.model.internal.PropertyBinder   : Building property id
2025-05-05T22:32:39.972-04:00 DEBUG 43548 --- [week3d] [           main] o.h.boot.model.internal.BinderHelper     : #makeIdGenerator(BasicValue([Column(id)]), id, org.hibernate.id.enhanced.SequenceStyleGenerator, sq_shipment_id, ...)
2025-05-05T22:32:39.972-04:00 DEBUG 43548 --- [week3d] [           main] o.h.boot.model.internal.AnnotatedColumn  : Binding column: AnnotatedColumn()
2025-05-05T22:32:39.972-04:00 DEBUG 43548 --- [week3d] [           main] o.h.boot.model.internal.PropertyBinder   : MetadataSourceProcessor property cityDestination with lazy=false
2025-05-05T22:32:39.972-04:00 DEBUG 43548 --- [week3d] [           main] o.h.b.m.internal.AbstractPropertyHolder  : Attempting to locate auto-apply AttributeConverter for property [com.duoc.week3d.model.Shipment:cityDestination]
2025-05-05T22:32:39.972-04:00 DEBUG 43548 --- [week3d] [           main] o.h.b.model.internal.BasicValueBinder    : building BasicValue for cityDestination
[...]

   R2dbcDataAutoConfiguration:
      Did not match:
         - @ConditionalOnClass did not find required class 'org.springframework.data.r2dbc.core.R2dbcEntityTemplate' (OnClassCondition)

   R2dbcInitializationConfiguration:
      Did not match:
         - @ConditionalOnClass did not find required classes 'io.r2dbc.spi.ConnectionFactory', 'org.springframework.r2dbc.connection.init.DatabasePopulator' (OnClassCondition)

   R2dbcProxyAutoConfiguration:
      Did not match:
         - @ConditionalOnClass did not find required class 'io.r2dbc.proxy.ProxyConnectionFactory' (OnClassCondition)

   R2dbcRepositoriesAutoConfiguration:
      Did not match:
         - @ConditionalOnClass did not find required class 'io.r2dbc.spi.ConnectionFactory' (OnClassCondition)

   R2dbcTransactionManagerAutoConfiguration:
      Did not match:
         - @ConditionalOnClass did not find required class 'org.springframework.r2dbc.connection.R2dbcTransactionManager' (OnClassCondition)

   RSocketGraphQlClientAutoConfiguration:
      Did not match:
         - @ConditionalOnClass did not find required class 'graphql.GraphQL' (OnClassCondition)

   RSocketMessagingAutoConfiguration:
      Did not match:
         - @ConditionalOnClass did not find required class 'io.rsocket.RSocket' (OnClassCondition)

   RSocketRequesterAutoConfiguration:
      Did not match:
         - @ConditionalOnClass did not find required class 'io.rsocket.RSocket' (OnClassCondition)

   RSocketSecurityAutoConfiguration:
      Did not match:
         - @ConditionalOnClass did not find required class 'org.springframework.security.rsocket.core.SecuritySocketAcceptorInterceptor' (OnClassCondition)

   RSocketServerAutoConfiguration:
      Did not match:
         - @ConditionalOnClass did not find required class 'io.rsocket.core.RSocketServer' (OnClassCondition)

   RSocketStrategiesAutoConfiguration:
      Did not match:
         - @ConditionalOnClass did not find required class 'io.netty.buffer.PooledByteBufAllocator' (OnClassCondition)

   RabbitAutoConfiguration:
      Did not match:
         - @ConditionalOnClass did not find required class 'com.rabbitmq.client.Channel' (OnClassCondition)

   ReactiveElasticsearchClientAutoConfiguration:
      Did not match:
         - @ConditionalOnClass did not find required class 'co.elastic.clients.transport.ElasticsearchTransport' (OnClassCondition)

   ReactiveElasticsearchRepositoriesAutoConfiguration:
      Did not match:
         - @ConditionalOnClass did not find required class 'reactor.core.publisher.Mono' (OnClassCondition)

   ReactiveMultipartAutoConfiguration:
      Did not match:
         - @ConditionalOnClass did not find required class 'org.springframework.web.reactive.config.WebFluxConfigurer' (OnClassCondition)

   ReactiveOAuth2ClientAutoConfiguration:
      Did not match:
         - @ConditionalOnClass did not find required class 'reactor.core.publisher.Flux' (OnClassCondition)

   ReactiveOAuth2ResourceServerAutoConfiguration:
      Did not match:
         - @ConditionalOnClass did not find required class 'org.springframework.security.config.annotation.web.reactive.EnableWebFluxSecurity' (OnClassCondition)

   ReactiveSecurityAutoConfiguration:
      Did not match:
         - @ConditionalOnClass did not find required class 'reactor.core.publisher.Flux' (OnClassCondition)

   ReactiveUserDetailsServiceAutoConfiguration:
      Did not match:
         - @ConditionalOnClass did not find required class 'org.springframework.security.authentication.ReactiveAuthenticationManager' (OnClassCondition)

   ReactiveWebServerFactoryAutoConfiguration:
      Did not match:
         - @ConditionalOnWebApplication did not find reactive web application classes (OnWebApplicationCondition)

   ReactorAutoConfiguration:
      Did not match:
         - @ConditionalOnClass did not find required class 'reactor.core.publisher.Hooks' (OnClassCondition)

   RedisAutoConfiguration:
      Did not match:
         - @ConditionalOnClass did not find required class 'org.springframework.data.redis.core.RedisOperations' (OnClassCondition)

   RedisCacheConfiguration:
      Did not match:
         - @ConditionalOnClass did not find required class 'org.springframework.data.redis.connection.RedisConnectionFactory' (OnClassCondition)

   RedisReactiveAutoConfiguration:
      Did not match:
         - @ConditionalOnClass did not find required class 'reactor.core.publisher.Flux' (OnClassCondition)

   RedisRepositoriesAutoConfiguration:
      Did not match:
         - @ConditionalOnClass did not find required class 'org.springframework.data.redis.repository.configuration.EnableRedisRepositories' (OnClassCondition)

   RemoteDevToolsAutoConfiguration:
      Did not match:
         - @ConditionalOnProperty (spring.devtools.remote.secret) did not find property 'secret' (OnPropertyCondition)
      Matched:
         - @ConditionalOnClass found required classes 'jakarta.servlet.Filter', 'org.springframework.http.server.ServerHttpRequest' (OnClassCondition)

   RepositoryRestMvcAutoConfiguration:
      Did not match:
         - @ConditionalOnClass did not find required class 'org.springframework.data.rest.webmvc.config.RepositoryRestMvcConfiguration' (OnClassCondition)

   Saml2RelyingPartyAutoConfiguration:
      Did not match:
         - @ConditionalOnClass did not find required class 'org.springframework.security.saml2.provider.service.registration.RelyingPartyRegistrationRepository' (OnClassCondition)

   SecurityAutoConfiguration:
      Did not match:
         - @ConditionalOnClass did not find required class 'org.springframework.security.authentication.DefaultAuthenticationEventPublisher' (OnClassCondition)

   SecurityFilterAutoConfiguration:
      Did not match:
         - @ConditionalOnClass did not find required class 'org.springframework.security.config.http.SessionCreationPolicy' (OnClassCondition)

   SendGridAutoConfiguration:
      Did not match:
         - @ConditionalOnClass did not find required class 'com.sendgrid.SendGrid' (OnClassCondition)

   ServletWebServerFactoryAutoConfiguration.ForwardedHeaderFilterConfiguration:
      Did not match:
         - @ConditionalOnProperty (server.forward-headers-strategy=framework) did not find property 'server.forward-headers-strategy' (OnPropertyCondition)

   ServletWebServerFactoryConfiguration.EmbeddedJetty:
      Did not match:
         - @ConditionalOnClass did not find required classes 'org.eclipse.jetty.server.Server', 'org.eclipse.jetty.util.Loader', 'org.eclipse.jetty.ee10.webapp.WebAppContext' (OnClassCondition)

   ServletWebServerFactoryConfiguration.EmbeddedUndertow:
      Did not match:
         - @ConditionalOnClass did not find required classes 'io.undertow.Undertow', 'org.xnio.SslClientAuthMode' (OnClassCondition)

   SessionAutoConfiguration:
      Did not match:
         - @ConditionalOnClass did not find required class 'org.springframework.session.Session' (OnClassCondition)

   SpringApplicationAdminJmxAutoConfiguration:
      Did not match:
         - @ConditionalOnProperty (spring.application.admin.enabled=true) did not find property 'enabled' (OnPropertyCondition)

   TaskExecutorConfigurations.SimpleAsyncTaskExecutorBuilderConfiguration#simpleAsyncTaskExecutorBuilderVirtualThreads:
      Did not match:
         - @ConditionalOnMissingBean (types: org.springframework.boot.task.SimpleAsyncTaskExecutorBuilder; SearchStrategy: all) found beans of type 'org.springframework.boot.task.SimpleAsyncTaskExecutorBuilder' simpleAsyncTaskExecutorBuilder (OnBeanCondition)

   TaskExecutorConfigurations.TaskExecutorConfiguration#applicationTaskExecutorVirtualThreads:
      Did not match:
         - @ConditionalOnThreading did not find VIRTUAL (OnThreadingCondition)

   TaskSchedulingAutoConfiguration#scheduledBeanLazyInitializationExcludeFilter:
      Did not match:
         - @ConditionalOnBean (names: org.springframework.context.annotation.internalScheduledAnnotationProcessor; SearchStrategy: all) did not find any beans named org.springframework.context.annotation.internalScheduledAnnotationProcessor (OnBeanCondition)

   TaskSchedulingConfigurations.SimpleAsyncTaskSchedulerBuilderConfiguration#simpleAsyncTaskSchedulerBuilderVirtualThreads:
      Did not match:
         - @ConditionalOnMissingBean (types: org.springframework.boot.task.SimpleAsyncTaskSchedulerBuilder; SearchStrategy: all) found beans of type 'org.springframework.boot.task.SimpleAsyncTaskSchedulerBuilder' simpleAsyncTaskSchedulerBuilder (OnBeanCondition)

   TaskSchedulingConfigurations.TaskSchedulerConfiguration:
      Did not match:
         - @ConditionalOnBean (names: org.springframework.context.annotation.internalScheduledAnnotationProcessor; SearchStrategy: all) did not find any beans named org.springframework.context.annotation.internalScheduledAnnotationProcessor (OnBeanCondition)

   ThymeleafAutoConfiguration:
      Did not match:
         - @ConditionalOnClass did not find required class 'org.thymeleaf.spring6.SpringTemplateEngine' (OnClassCondition)

   TransactionAutoConfiguration#transactionalOperator:
      Did not match:
         - @ConditionalOnSingleCandidate (types: org.springframework.transaction.ReactiveTransactionManager; SearchStrategy: all) did not find any beans (OnBeanCondition)

   TransactionAutoConfiguration.AspectJTransactionManagementConfiguration:
      Did not match:
         - @ConditionalOnBean (types: org.springframework.transaction.aspectj.AbstractTransactionAspect; SearchStrategy: all) did not find any beans of type org.springframework.transaction.aspectj.AbstractTransactionAspect (OnBeanCondition)

   TransactionAutoConfiguration.EnableTransactionManagementConfiguration.JdkDynamicAutoProxyConfiguration:
      Did not match:
         - @ConditionalOnProperty (spring.aop.proxy-target-class=false) did not find property 'proxy-target-class' (OnPropertyCondition)

   UserDetailsServiceAutoConfiguration:
      Did not match:
         - @ConditionalOnClass did not find required class 'org.springframework.security.authentication.AuthenticationManager' (OnClassCondition)

   WebClientAutoConfiguration:
      Did not match:
         - @ConditionalOnClass did not find required class 'org.springframework.web.reactive.function.client.WebClient' (OnClassCondition)

   WebFluxAutoConfiguration:
      Did not match:
         - @ConditionalOnClass did not find required class 'org.springframework.web.reactive.config.WebFluxConfigurer' (OnClassCondition)

   WebMvcAutoConfiguration#hiddenHttpMethodFilter:
      Did not match:
         - @ConditionalOnProperty (spring.mvc.hiddenmethod.filter.enabled) did not find property 'enabled' (OnPropertyCondition)

   WebMvcAutoConfiguration.ProblemDetailsErrorHandlingConfiguration:
      Did not match:
         - @ConditionalOnProperty (spring.mvc.problemdetails.enabled=true) did not find property 'enabled' (OnPropertyCondition)

   WebMvcAutoConfiguration.ResourceChainCustomizerConfiguration:
      Did not match:
         - @ConditionalOnEnabledResourceChain did not find class org.webjars.WebJarVersionLocator (OnEnabledResourceChainCondition)

   WebMvcAutoConfiguration.WebMvcAutoConfigurationAdapter#beanNameViewResolver:
      Did not match:
         - @ConditionalOnMissingBean (types: org.springframework.web.servlet.view.BeanNameViewResolver; SearchStrategy: all) found beans of type 'org.springframework.web.servlet.view.BeanNameViewResolver' beanNameViewResolver (OnBeanCondition)

   WebServiceTemplateAutoConfiguration:
      Did not match:
         - @ConditionalOnClass did not find required class 'org.springframework.oxm.Marshaller' (OnClassCondition)

   WebServicesAutoConfiguration:
      Did not match:
         - @ConditionalOnClass did not find required class 'org.springframework.ws.transport.http.MessageDispatcherServlet' (OnClassCondition)

   WebSessionIdResolverAutoConfiguration:
      Did not match:
         - @ConditionalOnClass did not find required class 'reactor.core.publisher.Mono' (OnClassCondition)

   WebSocketMessagingAutoConfiguration:
      Did not match:
         - @ConditionalOnClass did not find required class 'org.springframework.web.socket.config.annotation.WebSocketMessageBrokerConfigurer' (OnClassCondition)

   WebSocketReactiveAutoConfiguration:
      Did not match:
         - @ConditionalOnWebApplication did not find reactive web application classes (OnWebApplicationCondition)

   WebSocketServletAutoConfiguration.JettyWebSocketConfiguration:
      Did not match:
         - @ConditionalOnClass did not find required class 'org.eclipse.jetty.ee10.websocket.jakarta.server.config.JakartaWebSocketServletContainerInitializer' (OnClassCondition)

   WebSocketServletAutoConfiguration.UndertowWebSocketConfiguration:
      Did not match:
         - @ConditionalOnClass did not find required class 'io.undertow.websockets.jsr.Bootstrap' (OnClassCondition)

   XADataSourceAutoConfiguration:
      Did not match:
         - @ConditionalOnBean (types: org.springframework.boot.jdbc.XADataSourceWrapper; SearchStrategy: all) did not find any beans of type org.springframework.boot.jdbc.XADataSourceWrapper (OnBeanCondition)
      Matched:
         - @ConditionalOnClass found required classes 'javax.sql.DataSource', 'jakarta.transaction.TransactionManager', 'org.springframework.jdbc.datasource.embedded.EmbeddedDatabaseType' (OnClassCondition)


Exclusions:
-----------

    None


Unconditional classes:
----------------------

    org.springframework.boot.autoconfigure.context.ConfigurationPropertiesAutoConfiguration

    org.springframework.boot.autoconfigure.ssl.SslAutoConfiguration

    org.springframework.boot.autoconfigure.context.LifecycleAutoConfiguration

    org.springframework.boot.autoconfigure.context.PropertyPlaceholderAutoConfiguration

    org.springframework.boot.autoconfigure.availability.ApplicationAvailabilityAutoConfiguration

    org.springframework.boot.autoconfigure.info.ProjectInfoAutoConfiguration



2025-05-05T22:32:40.763-04:00  INFO 43548 --- [week3d] [           main] com.duoc.week3d.Week3dApplicationTests   : Started Week3dApplicationTests in 1.381 seconds (process running for 6.109)
2025-05-05T22:32:40.764-04:00 DEBUG 43548 --- [week3d] [           main] o.s.b.a.ApplicationAvailabilityBean      : Application availability state LivenessState changed to CORRECT
2025-05-05T22:32:40.764-04:00 DEBUG 43548 --- [week3d] [           main] o.s.b.a.ApplicationAvailabilityBean      : Application availability state ReadinessState changed to ACCEPTING_TRAFFIC
2025-05-05T22:32:40.764-04:00 DEBUG 43548 --- [week3d] [           main] org.springframework.test.context.cache   : Spring test ApplicationContext cache statistics: [DefaultContextCache@78a03662 size = 2, maxSize = 32, parentContextCount = 0, hitCount = 15, missCount = 2, failureCount = 0]
2025-05-05T22:32:40.764-04:00 DEBUG 43548 --- [week3d] [           main] o.s.t.c.w.ServletTestExecutionListener   : Setting up MockHttpServletRequest, MockHttpServletResponse, ServletWebRequest, and RequestContextHolder for test class com.duoc.week3d.Week3dApplicationTests
2025-05-05T22:32:40.770-04:00 DEBUG 43548 --- [week3d] [           main] DependencyInjectionTestExecutionListener : Performing dependency injection for test class com.duoc.week3d.Week3dApplicationTests
2025-05-05T22:32:40.770-04:00 DEBUG 43548 --- [week3d] [           main] org.springframework.test.context.cache   : Spring test ApplicationContext cache statistics: [DefaultContextCache@78a03662 size = 2, maxSize = 32, parentContextCount = 0, hitCount = 16, missCount = 2, failureCount = 0]
2025-05-05T22:32:40.771-04:00 DEBUG 43548 --- [week3d] [           main] org.springframework.test.context.cache   : Spring test ApplicationContext cache statistics: [DefaultContextCache@78a03662 size = 2, maxSize = 32, parentContextCount = 0, hitCount = 17, missCount = 2, failureCount = 0]
2025-05-05T22:32:40.771-04:00 DEBUG 43548 --- [week3d] [           main] sContextBeforeModesTestExecutionListener : Before test method: class [Week3dApplicationTests], method [contextLoads], class annotated with @DirtiesContext [false] with mode [null], method annotated with @DirtiesContext [false] with mode [null]
2025-05-05T22:32:40.771-04:00 DEBUG 43548 --- [week3d] [           main] org.springframework.test.context.cache   : Spring test ApplicationContext cache statistics: [DefaultContextCache@78a03662 size = 2, maxSize = 32, parentContextCount = 0, hitCount = 18, missCount = 2, failureCount = 0]
2025-05-05T22:32:40.771-04:00 DEBUG 43548 --- [week3d] [           main] org.springframework.test.context.cache   : Spring test ApplicationContext cache statistics: [DefaultContextCache@78a03662 size = 2, maxSize = 32, parentContextCount = 0, hitCount = 19, missCount = 2, failureCount = 0]
2025-05-05T22:32:40.773-04:00 DEBUG 43548 --- [week3d] [           main] org.springframework.test.context.cache   : Spring test ApplicationContext cache statistics: [DefaultContextCache@78a03662 size = 2, maxSize = 32, parentContextCount = 0, hitCount = 20, missCount = 2, failureCount = 0]
2025-05-05T22:32:40.774-04:00 DEBUG 43548 --- [week3d] [           main] org.springframework.test.context.cache   : Spring test ApplicationContext cache statistics: [DefaultContextCache@78a03662 size = 2, maxSize = 32, parentContextCount = 0, hitCount = 21, missCount = 2, failureCount = 0]
2025-05-05T22:32:40.774-04:00 DEBUG 43548 --- [week3d] [           main] org.springframework.test.context.cache   : Spring test ApplicationContext cache statistics: [DefaultContextCache@78a03662 size = 2, maxSize = 32, parentContextCount = 0, hitCount = 22, missCount = 2, failureCount = 0]
2025-05-05T22:32:40.774-04:00 DEBUG 43548 --- [week3d] [           main] org.springframework.test.context.cache   : Spring test ApplicationContext cache statistics: [DefaultContextCache@78a03662 size = 2, maxSize = 32, parentContextCount = 0, hitCount = 23, missCount = 2, failureCount = 0]
2025-05-05T22:32:40.774-04:00 DEBUG 43548 --- [week3d] [           main] org.springframework.test.context.cache   : Spring test ApplicationContext cache statistics: [DefaultContextCache@78a03662 size = 2, maxSize = 32, parentContextCount = 0, hitCount = 24, missCount = 2, failureCount = 0]
2025-05-05T22:32:40.774-04:00 DEBUG 43548 --- [week3d] [           main] org.springframework.test.context.cache   : Spring test ApplicationContext cache statistics: [DefaultContextCache@78a03662 size = 2, maxSize = 32, parentContextCount = 0, hitCount = 25, missCount = 2, failureCount = 0]
2025-05-05T22:32:40.774-04:00 DEBUG 43548 --- [week3d] [           main] org.springframework.test.context.cache   : Spring test ApplicationContext cache statistics: [DefaultContextCache@78a03662 size = 2, maxSize = 32, parentContextCount = 0, hitCount = 26, missCount = 2, failureCount = 0]
2025-05-05T22:32:40.775-04:00 DEBUG 43548 --- [week3d] [           main] org.springframework.test.context.cache   : Spring test ApplicationContext cache statistics: [DefaultContextCache@78a03662 size = 2, maxSize = 32, parentContextCount = 0, hitCount = 27, missCount = 2, failureCount = 0]
2025-05-05T22:32:40.775-04:00 DEBUG 43548 --- [week3d] [           main] org.springframework.test.context.cache   : Spring test ApplicationContext cache statistics: [DefaultContextCache@78a03662 size = 2, maxSize = 32, parentContextCount = 0, hitCount = 28, missCount = 2, failureCount = 0]
2025-05-05T22:32:40.775-04:00 DEBUG 43548 --- [week3d] [           main] .c.s.DirtiesContextTestExecutionListener : After test method: class [Week3dApplicationTests], method [contextLoads], class annotated with @DirtiesContext [false] with mode [null], method annotated with @DirtiesContext [false] with mode [null]
2025-05-05T22:32:40.775-04:00 DEBUG 43548 --- [week3d] [           main] o.s.t.c.w.ServletTestExecutionListener   : Resetting RequestContextHolder for test class com.duoc.week3d.Week3dApplicationTests
]]></system-out>
  </testcase>
</testsuite>