<?xml version="1.0" encoding="UTF-8"?>
<testsuite xmlns:xsi="http://www.w3.org/2001/XMLSchema-instance" xsi:noNamespaceSchemaLocation="https://maven.apache.org/surefire/maven-surefire-plugin/xsd/surefire-test-report.xsd" version="3.0.2" name="com.duoc.week3d.controller.ShipmentControllerTest" time="0.174" tests="11" errors="0" skipped="0" failures="0">
  <properties>
[...]
</properties>
  <testcase name="testUpdateShipmentLocation" classname="com.duoc.week3d.controller.ShipmentControllerTest" time="0.148">
    <system-out><![CDATA[2025-05-05T22:32:39.199-04:00 DEBUG 43548 --- [week3d] [onnection adder] jdk.event.security                       : X509Certificate: Alg:SHA256withRSA, Serial:0e:53:5a:9b:ac:d4:b9:00:33:9c:4e:0d:7e:87:e7:12, Subject:CN=adb.sa-santiago-1.oraclecloud.com, O=Oracle Corporation, L=Redwood City, ST=California, C=US, Issuer:CN=DigiCert TLS RSA SHA256 2020 CA1, O=DigiCert Inc, C=US, Key type:RSA, Length:2048, Cert Id:3580545443, Valid from:10/28/24, 9:00 PM, Valid until:11/19/25, 8:59 PM
2025-05-05T22:32:39.200-04:00 DEBUG 43548 --- [week3d] [onnection adder] jdk.event.security                       : X509Certificate: Alg:SHA256withRSA, Serial:0a:35:08:d5:5c:29:2b:01:7d:f8:ad:65:c0:0f:f7:e4, Subject:CN=DigiCert TLS RSA SHA256 2020 CA1, O=DigiCert Inc, C=US, Issuer:CN=DigiCert Global Root CA, OU=www.digicert.com, O=DigiCert Inc, C=US, Key type:RSA, Length:2048, Cert Id:128597027, Valid from:9/23/20, 9:00 PM, Valid until:9/23/30, 8:59 PM
2025-05-05T22:32:39.200-04:00 DEBUG 43548 --- [week3d] [onnection adder] jdk.event.security                       : X509Certificate: Alg:SHA1withRSA, Serial:08:3b:e0:56:90:42:46:b1:a1:75:6a:c9:59:91:c7:4a, Subject:CN=DigiCert Global Root CA, OU=www.digicert.com, O=DigiCert Inc, C=US, Issuer:CN=DigiCert Global Root CA, OU=www.digicert.com, O=DigiCert Inc, C=US, Key type:RSA, Length:2048, Cert Id:1341898239, Valid from:11/9/06, 9:00 PM, Valid until:11/9/31, 9:00 PM
2025-05-05T22:32:39.200-04:00 DEBUG 43548 --- [week3d] [onnection adder] jdk.event.security                       : X509Certificate: Alg:SHA256withRSA, Serial:00, Subject:CN=CE1EBE1A8995441E8C557925BE78B937, DNQ=V1, Issuer:C=US, ST=California, L=Redwood Shores, O=Oracle Corporation Autonomous Database Global Self-signed CA, CN=Autonomous Database CA, Key type:RSA, Length:2048, Cert Id:2900283042, Valid from:3/16/25, 6:29 PM, Valid until:3/15/30, 6:29 PM
2025-05-05T22:32:39.200-04:00 DEBUG 43548 --- [week3d] [onnection adder] jdk.event.security                       : X509Certificate: Alg:SHA1withRSA, Serial:08:3b:e0:56:90:42:46:b1:a1:75:6a:c9:59:91:c7:4a, Subject:CN=DigiCert Global Root CA, OU=www.digicert.com, O=DigiCert Inc, C=US, Issuer:CN=DigiCert Global Root CA, OU=www.digicert.com, O=DigiCert Inc, C=US, Key type:RSA, Length:2048, Cert Id:1341898239, Valid from:11/9/06, 9:00 PM, Valid until:11/9/31, 9:00 PM
2025-05-05T22:32:39.201-04:00 DEBUG 43548 --- [week3d] [onnection adder] jdk.event.security                       : ValidationChain: 1341898239, 128597027, 3580545443
2025-05-05T22:32:39.201-04:00 DEBUG 43548 --- [week3d] [onnection adder] jdk.event.security                       : X509Certificate: Alg:SHA1withRSA, Serial:08:3b:e0:56:90:42:46:b1:a1:75:6a:c9:59:91:c7:4a, Subject:CN=DigiCert Global Root CA, OU=www.digicert.com, O=DigiCert Inc, C=US, Issuer:CN=DigiCert Global Root CA, OU=www.digicert.com, O=DigiCert Inc, C=US, Key type:RSA, Length:2048, Cert Id:1341898239, Valid from:11/9/06, 9:00 PM, Valid until:11/9/31, 9:00 PM
2025-05-05T22:32:39.220-04:00 DEBUG 43548 --- [week3d] [onnection adder] jdk.event.security                       :  TLSHandshake: adb.sa-santiago-1.oraclecloud.com:1522, TLSv1.2, TLS_RSA_WITH_AES_256_GCM_SHA384, 3580545443
2025-05-05T22:32:39.251-04:00  INFO 43548 --- [week3d] [           main] c.d.w.controller.ShipmentController      : Shipment location updated with ID: 1
2025-05-05T22:32:39.312-04:00 DEBUG 43548 --- [week3d] [onnection adder] com.zaxxer.hikari.pool.HikariPool        : HikariPool-1 - Added connection oracle.jdbc.driver.T4CConnection@5c5d5d02
]]></system-out>
  </testcase>
  <testcase name="testGetShipmentStatusById" classname="com.duoc.week3d.controller.ShipmentControllerTest" time="0.003">
    <system-out><![CDATA[2025-05-05T22:32:39.340-04:00  INFO 43548 --- [week3d] [           main] c.d.w.controller.ShipmentController      : Shipment status found by ID: 1
]]></system-out>
  </testcase>
  <testcase name="testUpdateShipmentStatus" classname="com.duoc.week3d.controller.ShipmentControllerTest" time="0.009">
    <system-out><![CDATA[2025-05-05T22:32:39.349-04:00 DEBUG 43548 --- [week3d] [onnection adder] com.zaxxer.hikari.pool.HikariPool        : HikariPool-1 - After adding stats (total=10, active=0, idle=10, waiting=0)
2025-05-05T22:32:39.349-04:00 DEBUG 43548 --- [week3d] [onnection adder] com.zaxxer.hikari.pool.HikariPool        : HikariPool-1 - Connection not added, stats (total=10, active=0, idle=10, waiting=0)
2025-05-05T22:32:39.351-04:00  INFO 43548 --- [week3d] [           main] c.d.w.controller.ShipmentController      : Shipment status updated with ID: 1
]]></system-out>
  </testcase>
  <testcase name="testCreateShipment" classname="com.duoc.week3d.controller.ShipmentControllerTest" time="0.001">
    <system-out><![CDATA[2025-05-05T22:32:39.353-04:00  INFO 43548 --- [week3d] [           main] c.d.w.controller.ShipmentController      : Shipment saved with ID: 1
]]></system-out>
  </testcase>
  <testcase name="testGetAllShipments" classname="com.duoc.week3d.controller.ShipmentControllerTest" time="0.002">
    <system-out><![CDATA[2025-05-05T22:32:39.355-04:00  INFO 43548 --- [week3d] [           main] c.d.w.controller.ShipmentController      : Retrieved 1 users
]]></system-out>
  </testcase>
  <testcase name="testGetShipmentCurrentLocationByIdNotFound" classname="com.duoc.week3d.controller.ShipmentControllerTest" time="0.001">
    <system-out><![CDATA[2025-05-05T22:32:39.357-04:00  INFO 43548 --- [week3d] [           main] c.d.w.controller.ShipmentController      : Shipment not found by ID: 1
]]></system-out>
  </testcase>
  <testcase name="testGetShipmentCurrentLocationById" classname="com.duoc.week3d.controller.ShipmentControllerTest" time="0.002">
    <system-out><![CDATA[2025-05-05T22:32:39.358-04:00  INFO 43548 --- [week3d] [           main] c.d.w.controller.ShipmentController      : Shipment location found by ID: 1
]]></system-out>
  </testcase>
  <testcase name="testDeleteShipment" classname="com.duoc.week3d.controller.ShipmentControllerTest" time="0.001">
    <system-out><![CDATA[2025-05-05T22:32:39.361-04:00  INFO 43548 --- [week3d] [           main] c.d.w.controller.ShipmentController      : Shipment deleted with ID: 1
]]></system-out>
  </testcase>
  <testcase name="testGetShipmentByIdNotFound" classname="com.duoc.week3d.controller.ShipmentControllerTest" time="0.001">
    <system-out><![CDATA[2025-05-05T22:32:39.362-04:00  INFO 43548 --- [week3d] [           main] c.d.w.controller.ShipmentController      : Shipment not found by ID: 1
]]></system-out>
  </testcase>
  <testcase name="testGetShipmentStatusByIdNotFound" classname="com.duoc.week3d.controller.ShipmentControllerTest" time="0.001">
    <system-out><![CDATA[2025-05-05T22:32:39.363-04:00  INFO 43548 --- [week3d] [           main] c.d.w.controller.ShipmentController      : Shipment not found by ID: 2
]]></system-out>
  </testcase>
  <testcase name="testGetShipmentById" classname="com.duoc.week3d.controller.ShipmentControllerTest" time="0.001"/>
</testsuite>