<?xml version="1.0" encoding="UTF-8"?>
<testsuite xmlns:xsi="http://www.w3.org/2001/XMLSchema-instance" xsi:noNamespaceSchemaLocation="https://maven.apache.org/surefire/maven-surefire-plugin/xsd/surefire-test-report.xsd" version="3.0.2" name="com.duoc.week3d.repository.ShipmentRepositoryTest" time="3.959" tests="1" errors="0" skipped="0" failures="0">
  <properties>
[...]
</properties>
  <testcase name="testSaveShipment" classname="com.duoc.week3d.repository.ShipmentRepositoryTest" time="0.419">
    <system-out><![CDATA[22:27:00.301 [main] INFO org.springframework.test.context.support.AnnotationConfigContextLoaderUtils -- Could not detect default configuration classes for test class [com.duoc.week3d.repository.ShipmentRepositoryTest]: ShipmentRepositoryTest does not declare any static, non-private, non-final, nested classes annotated with @Configuration.
22:27:00.386 [main] INFO org.springframework.boot.test.context.SpringBootTestContextBootstrapper -- Found @SpringBootConfiguration com.duoc.week3d.Week3dApplication for test class com.duoc.week3d.repository.ShipmentRepositoryTest
22:27:00.424 [main] INFO org.springframework.boot.devtools.restart.RestartApplicationListener -- Restart disabled due to context in which it is running

  .   ____          _            __ _ _
 /\\ / ___'_ __ _ _(_)_ __  __ _ \ \ \ \
( ( )\___ | '_ | '_| | '_ \/ _` | \ \ \ \
 \\/  ___)| |_)| | | | | || (_| |  ) ) ) )
  '  |____| .__|_| |_|_| |_\__, | / / / /
 =========|_|==============|___/=/_/_/_/

 :: Spring Boot ::                (v3.4.4)

2025-05-05T22:27:00.575-04:00 DEBUG 41640 --- [week3d] [kground-preinit] org.jboss.logging                        : Logging Provider: org.jboss.logging.Slf4jLoggerProvider found via system property
2025-05-05T22:27:00.581-04:00 DEBUG 41640 --- [week3d] [kground-preinit] o.h.v.i.xml.config.ValidationXmlParser   : Trying to load META-INF/validation.xml for XML based Validator configuration.
2025-05-05T22:27:00.581-04:00 DEBUG 41640 --- [week3d] [kground-preinit] o.h.v.i.xml.config.ResourceLoaderHelper  : Trying to load META-INF/validation.xml via TCCL
2025-05-05T22:27:00.582-04:00 DEBUG 41640 --- [week3d] [kground-preinit] o.h.v.i.xml.config.ResourceLoaderHelper  : Trying to load META-INF/validation.xml via Hibernate Validator's class loader
2025-05-05T22:27:00.582-04:00 DEBUG 41640 --- [week3d] [kground-preinit] o.h.v.i.xml.config.ValidationXmlParser   : No META-INF/validation.xml found. Using annotation based configuration only.
2025-05-05T22:27:00.585-04:00 DEBUG 41640 --- [week3d] [kground-preinit] o.h.v.i.e.resolver.TraversableResolvers  : Found jakarta.persistence.Persistence on classpath containing 'getPersistenceUtil'. Assuming JPA 2 environment. Trying to instantiate JPA aware TraversableResolver
2025-05-05T22:27:00.585-04:00 DEBUG 41640 --- [week3d] [kground-preinit] o.h.v.i.e.resolver.TraversableResolvers  : Instantiated JPA aware TraversableResolver of type org.hibernate.validator.internal.engine.resolver.JPATraversableResolver.
2025-05-05T22:27:00.597-04:00 DEBUG 41640 --- [week3d] [kground-preinit] .h.v.m.ResourceBundleMessageInterpolator : Loaded expression factory via original TCCL
2025-05-05T22:27:00.605-04:00  INFO 41640 --- [week3d] [           main] c.d.w.repository.ShipmentRepositoryTest  : Starting ShipmentRepositoryTest using Java 23.0.2 with PID 41640 (started by x0dsanta in /Users/x0dsanta/Developer/Duoc/Fullstack_1/Week_3/week3d)
2025-05-05T22:27:00.605-04:00 DEBUG 41640 --- [week3d] [           main] c.d.w.repository.ShipmentRepositoryTest  : Running with Spring Boot v3.4.4, Spring v6.2.5
2025-05-05T22:27:00.606-04:00  INFO 41640 --- [week3d] [           main] c.d.w.repository.ShipmentRepositoryTest  : No active profile set, falling back to 1 default profile: "default"
2025-05-05T22:27:00.607-04:00 DEBUG 41640 --- [week3d] [           main] o.s.boot.SpringApplication               : Loading source class com.duoc.week3d.Week3dApplication
2025-05-05T22:27:00.617-04:00 DEBUG 41640 --- [week3d] [           main] s.c.a.AnnotationConfigApplicationContext : Refreshing org.springframework.context.annotation.AnnotationConfigApplicationContext@57f64f5e
2025-05-05T22:27:00.627-04:00 DEBUG 41640 --- [week3d] [           main] o.s.b.f.s.DefaultListableBeanFactory     : Creating shared instance of singleton bean 'org.springframework.context.annotation.internalConfigurationAnnotationProcessor'
2025-05-05T22:27:00.637-04:00 DEBUG 41640 --- [week3d] [           main] o.s.b.f.s.DefaultListableBeanFactory     : Creating shared instance of singleton bean 'org.springframework.boot.autoconfigure.internalCachingMetadataReaderFactory'
2025-05-05T22:27:00.642-04:00 DEBUG 41640 --- [week3d] [kground-preinit] .i.e.ValidatorFactoryConfigurationHelper : HV000252: Using org.hibernate.validator.internal.engine.DefaultPropertyNodeNameProvider as property node name provider.
2025-05-05T22:27:00.645-04:00 DEBUG 41640 --- [week3d] [kground-preinit] .i.e.ValidatorFactoryConfigurationHelper : HV000234: Using org.hibernate.validator.messageinterpolation.ResourceBundleMessageInterpolator as ValidatorFactory-scoped message interpolator.
2025-05-05T22:27:00.645-04:00 DEBUG 41640 --- [week3d] [kground-preinit] .i.e.ValidatorFactoryConfigurationHelper : HV000234: Using org.hibernate.validator.internal.engine.resolver.JPATraversableResolver as ValidatorFactory-scoped traversable resolver.
2025-05-05T22:27:00.645-04:00 DEBUG 41640 --- [week3d] [kground-preinit] .i.e.ValidatorFactoryConfigurationHelper : HV000234: Using org.hibernate.validator.internal.util.ExecutableParameterNameProvider as ValidatorFactory-scoped parameter name provider.
2025-05-05T22:27:00.645-04:00 DEBUG 41640 --- [week3d] [kground-preinit] .i.e.ValidatorFactoryConfigurationHelper : HV000234: Using org.hibernate.validator.internal.engine.DefaultClockProvider as ValidatorFactory-scoped clock provider.
2025-05-05T22:27:00.645-04:00 DEBUG 41640 --- [week3d] [kground-preinit] .i.e.ValidatorFactoryConfigurationHelper : HV000234: Using org.hibernate.validator.internal.engine.scripting.DefaultScriptEvaluatorFactory as ValidatorFactory-scoped script evaluator factory.
2025-05-05T22:27:00.838-04:00  INFO 41640 --- [week3d] [           main] .s.d.r.c.RepositoryConfigurationDelegate : Bootstrapping Spring Data JPA repositories in DEFAULT mode.
2025-05-05T22:27:00.844-04:00 DEBUG 41640 --- [week3d] [           main] o.s.b.f.s.DefaultListableBeanFactory     : Creating shared instance of singleton bean 'org.springframework.boot.autoconfigure.AutoConfigurationPackages'
2025-05-05T22:27:00.849-04:00 DEBUG 41640 --- [week3d] [           main] o.s.b.a.AutoConfigurationPackages        : @EnableAutoConfiguration was declared on a class in the package 'com.duoc.week3d'. Automatic @Repository and @Entity scanning is enabled.
2025-05-05T22:27:00.849-04:00 DEBUG 41640 --- [week3d] [           main] .s.d.r.c.RepositoryConfigurationDelegate : Scanning for JPA repositories in packages com.duoc.week3d.
2025-05-05T22:27:00.858-04:00 DEBUG 41640 --- [week3d] [           main] o.s.d.r.c.RepositoryComponentProvider    : Identified candidate component class: file [/Users/x0dsanta/Developer/Duoc/Fullstack_1/Week_3/week3d/target/classes/com/duoc/week3d/repository/ShipmentRepository.class]
2025-05-05T22:27:00.858-04:00 DEBUG 41640 --- [week3d] [           main] o.s.d.r.c.RepositoryComponentProvider    : Identified candidate component class: file [/Users/x0dsanta/Developer/Duoc/Fullstack_1/Week_3/week3d/target/classes/com/duoc/week3d/repository/StatusRepository.class]
2025-05-05T22:27:00.874-04:00 DEBUG 41640 --- [week3d] [           main] ssPathScanningCandidateComponentProvider : Identified candidate component class: file [/Users/x0dsanta/Developer/Duoc/Fullstack_1/Week_3/week3d/target/classes/com/duoc/week3d/service/ShipmentImpl.class]
2025-05-05T22:27:00.882-04:00  INFO 41640 --- [week3d] [           main] .s.d.r.c.RepositoryConfigurationDelegate : Finished Spring Data repository scanning in 32 ms. Found 2 JPA repository interfaces.
2025-05-05T22:27:00.910-04:00 DEBUG 41640 --- [week3d] [           main] o.s.b.f.s.DefaultListableBeanFactory     : Creating shared instance of singleton bean 'org.springframework.boot.test.context.ImportsContextCustomizer$ImportsCleanupPostProcessor'
2025-05-05T22:27:00.911-04:00 DEBUG 41640 --- [week3d] [           main] o.s.b.f.s.DefaultListableBeanFactory     : Creating shared instance of singleton bean 'org.springframework.boot.test.mock.mockito.MockitoPostProcessor'
2025-05-05T22:27:00.911-04:00 DEBUG 41640 --- [week3d] [           main] o.s.b.f.s.DefaultListableBeanFactory     : Creating shared instance of singleton bean 'emBeanDefinitionRegistrarPostProcessor'
2025-05-05T22:27:00.912-04:00 DEBUG 41640 --- [week3d] [           main] o.s.b.f.s.DefaultListableBeanFactory     : Creating shared instance of singleton bean 'org.springframework.boot.sql.init.dependency.DatabaseInitializationDependencyConfigurer$DependsOnDatabaseInitializationPostProcessor'
2025-05-05T22:27:00.926-04:00 DEBUG 41640 --- [week3d] [           main] o.s.b.f.s.DefaultListableBeanFactory     : Creating shared instance of singleton bean 'org.springframework.context.event.internalEventListenerProcessor'
2025-05-05T22:27:00.927-04:00 DEBUG 41640 --- [week3d] [           main] o.s.b.f.s.DefaultListableBeanFactory     : Creating shared instance of singleton bean 'org.springframework.context.event.internalEventListenerFactory'
2025-05-05T22:27:00.927-04:00 DEBUG 41640 --- [week3d] [           main] o.s.b.f.s.DefaultListableBeanFactory     : Creating shared instance of singleton bean 'org.springframework.transaction.config.internalTransactionalEventListenerFactory'
2025-05-05T22:27:00.928-04:00 DEBUG 41640 --- [week3d] [           main] o.s.b.f.s.DefaultListableBeanFactory     : Creating shared instance of singleton bean 'org.springframework.context.annotation.internalAutowiredAnnotationProcessor'
2025-05-05T22:27:00.929-04:00 DEBUG 41640 --- [week3d] [           main] o.s.b.f.s.DefaultListableBeanFactory     : Creating shared instance of singleton bean 'org.springframework.context.annotation.internalCommonAnnotationProcessor'
2025-05-05T22:27:00.931-04:00 DEBUG 41640 --- [week3d] [           main] o.s.b.f.s.DefaultListableBeanFactory     : Creating shared instance of singleton bean 'org.springframework.context.annotation.internalPersistenceAnnotationProcessor'
2025-05-05T22:27:00.931-04:00 DEBUG 41640 --- [week3d] [           main] o.s.b.f.s.DefaultListableBeanFactory     : Creating shared instance of singleton bean 'org.springframework.boot.test.mock.mockito.MockitoPostProcessor$SpyPostProcessor'
2025-05-05T22:27:00.932-04:00 DEBUG 41640 --- [week3d] [           main] o.s.b.f.s.DefaultListableBeanFactory     : Creating shared instance of singleton bean 'jdbcConnectionDetailsHikariBeanPostProcessor'
2025-05-05T22:27:00.934-04:00 DEBUG 41640 --- [week3d] [           main] o.s.b.f.s.DefaultListableBeanFactory     : Creating shared instance of singleton bean 'org.springframework.boot.context.properties.ConfigurationPropertiesBindingPostProcessor'
2025-05-05T22:27:00.935-04:00 DEBUG 41640 --- [week3d] [           main] o.s.b.f.s.DefaultListableBeanFactory     : Creating shared instance of singleton bean 'org.springframework.boot.context.internalConfigurationPropertiesBinder'
2025-05-05T22:27:00.936-04:00 DEBUG 41640 --- [week3d] [           main] o.s.b.f.s.DefaultListableBeanFactory     : Creating shared instance of singleton bean 'org.springframework.aop.config.internalAutoProxyCreator'
2025-05-05T22:27:00.942-04:00 DEBUG 41640 --- [week3d] [           main] o.s.b.f.s.DefaultListableBeanFactory     : Creating shared instance of singleton bean 'org.springframework.test.context.support.internalDynamicPropertyRegistrarBeanInitializer'
2025-05-05T22:27:00.943-04:00 DEBUG 41640 --- [week3d] [           main] o.s.b.f.s.DefaultListableBeanFactory     : Creating shared instance of singleton bean 'org.springframework.transaction.config.internalTransactionAdvisor'
2025-05-05T22:27:00.943-04:00 DEBUG 41640 --- [week3d] [           main] o.s.b.f.s.DefaultListableBeanFactory     : Creating shared instance of singleton bean 'org.springframework.transaction.annotation.ProxyTransactionManagementConfiguration'
2025-05-05T22:27:00.953-04:00 DEBUG 41640 --- [week3d] [           main] o.s.b.f.s.DefaultListableBeanFactory     : Creating shared instance of singleton bean 'transactionAttributeSource'
2025-05-05T22:27:00.954-04:00 DEBUG 41640 --- [week3d] [           main] o.s.b.f.s.DefaultListableBeanFactory     : Creating shared instance of singleton bean 'transactionInterceptor'
2025-05-05T22:27:00.955-04:00 DEBUG 41640 --- [week3d] [           main] o.s.b.f.s.DefaultListableBeanFactory     : Autowiring by type from bean name 'transactionInterceptor' via factory method to bean named 'transactionAttributeSource'
2025-05-05T22:27:00.957-04:00 DEBUG 41640 --- [week3d] [           main] o.s.b.f.s.DefaultListableBeanFactory     : Autowiring by type from bean name 'org.springframework.transaction.config.internalTransactionAdvisor' via factory method to bean named 'transactionAttributeSource'
2025-05-05T22:27:00.957-04:00 DEBUG 41640 --- [week3d] [           main] o.s.b.f.s.DefaultListableBeanFactory     : Autowiring by type from bean name 'org.springframework.transaction.config.internalTransactionAdvisor' via factory method to bean named 'transactionInterceptor'
2025-05-05T22:27:00.960-04:00 DEBUG 41640 --- [week3d] [           main] o.s.b.f.s.DefaultListableBeanFactory     : Creating shared instance of singleton bean 'entityManagerFactory'
2025-05-05T22:27:00.960-04:00 DEBUG 41640 --- [week3d] [           main] o.s.b.f.s.DefaultListableBeanFactory     : Creating shared instance of singleton bean 'org.springframework.boot.autoconfigure.orm.jpa.HibernateJpaConfiguration'
2025-05-05T22:27:00.960-04:00 DEBUG 41640 --- [week3d] [           main] o.s.b.f.s.DefaultListableBeanFactory     : Creating shared instance of singleton bean 'dataSource'
2025-05-05T22:27:00.960-04:00 DEBUG 41640 --- [week3d] [           main] o.s.b.f.s.DefaultListableBeanFactory     : Creating shared instance of singleton bean 'org.springframework.boot.autoconfigure.jdbc.DataSourceConfiguration$Hikari'
2025-05-05T22:27:00.961-04:00 DEBUG 41640 --- [week3d] [           main] o.s.b.f.s.DefaultListableBeanFactory     : Creating shared instance of singleton bean 'spring.datasource-org.springframework.boot.autoconfigure.jdbc.DataSourceProperties'
2025-05-05T22:27:00.961-04:00 DEBUG 41640 --- [week3d] [           main] o.s.b.f.s.DefaultListableBeanFactory     : Creating shared instance of singleton bean 'org.springframework.boot.context.properties.BoundConfigurationProperties'
2025-05-05T22:27:00.969-04:00 DEBUG 41640 --- [week3d] [           main] o.s.b.f.s.DefaultListableBeanFactory     : Creating shared instance of singleton bean 'jdbcConnectionDetails'
2025-05-05T22:27:00.969-04:00 DEBUG 41640 --- [week3d] [           main] o.s.b.f.s.DefaultListableBeanFactory     : Creating shared instance of singleton bean 'org.springframework.boot.autoconfigure.jdbc.DataSourceAutoConfiguration$PooledDataSourceConfiguration'
2025-05-05T22:27:00.970-04:00 DEBUG 41640 --- [week3d] [           main] o.s.b.f.s.DefaultListableBeanFactory     : Autowiring by type from bean name 'jdbcConnectionDetails' via factory method to bean named 'spring.datasource-org.springframework.boot.autoconfigure.jdbc.DataSourceProperties'
2025-05-05T22:27:00.970-04:00 DEBUG 41640 --- [week3d] [           main] o.s.b.f.s.DefaultListableBeanFactory     : Autowiring by type from bean name 'dataSource' via factory method to bean named 'spring.datasource-org.springframework.boot.autoconfigure.jdbc.DataSourceProperties'
2025-05-05T22:27:00.970-04:00 DEBUG 41640 --- [week3d] [           main] o.s.b.f.s.DefaultListableBeanFactory     : Autowiring by type from bean name 'dataSource' via factory method to bean named 'jdbcConnectionDetails'
2025-05-05T22:27:00.974-04:00 DEBUG 41640 --- [week3d] [           main] com.zaxxer.hikari.HikariConfig           : Driver class oracle.jdbc.driver.OracleDriver found in Thread context class loader jdk.internal.loader.ClassLoaders$AppClassLoader@18ff02e4
2025-05-05T22:27:01.070-04:00 DEBUG 41640 --- [week3d] [           main] o.s.b.f.s.DefaultListableBeanFactory     : Creating shared instance of singleton bean 'spring.jpa-org.springframework.boot.autoconfigure.orm.jpa.JpaProperties'
2025-05-05T22:27:01.073-04:00 DEBUG 41640 --- [week3d] [           main] o.s.b.f.s.DefaultListableBeanFactory     : Creating shared instance of singleton bean 'spring.jpa.hibernate-org.springframework.boot.autoconfigure.orm.jpa.HibernateProperties'
2025-05-05T22:27:01.074-04:00 DEBUG 41640 --- [week3d] [           main] o.s.b.f.s.DefaultListableBeanFactory     : Autowiring by type from bean name 'org.springframework.boot.autoconfigure.orm.jpa.HibernateJpaConfiguration' via constructor to bean named 'dataSource'
2025-05-05T22:27:01.074-04:00 DEBUG 41640 --- [week3d] [           main] o.s.b.f.s.DefaultListableBeanFactory     : Autowiring by type from bean name 'org.springframework.boot.autoconfigure.orm.jpa.HibernateJpaConfiguration' via constructor to bean named 'spring.jpa-org.springframework.boot.autoconfigure.orm.jpa.JpaProperties'
2025-05-05T22:27:01.074-04:00 DEBUG 41640 --- [week3d] [           main] o.s.b.f.s.DefaultListableBeanFactory     : Autowiring by type from bean name 'org.springframework.boot.autoconfigure.orm.jpa.HibernateJpaConfiguration' via constructor to bean named 'org.springframework.beans.factory.support.DefaultListableBeanFactory@4e868ef5'
2025-05-05T22:27:01.074-04:00 DEBUG 41640 --- [week3d] [           main] o.s.b.f.s.DefaultListableBeanFactory     : Autowiring by type from bean name 'org.springframework.boot.autoconfigure.orm.jpa.HibernateJpaConfiguration' via constructor to bean named 'spring.jpa.hibernate-org.springframework.boot.autoconfigure.orm.jpa.HibernateProperties'
2025-05-05T22:27:01.076-04:00 DEBUG 41640 --- [week3d] [           main] o.s.b.f.s.DefaultListableBeanFactory     : Creating shared instance of singleton bean 'hikariPoolDataSourceMetadataProvider'
2025-05-05T22:27:01.076-04:00 DEBUG 41640 --- [week3d] [           main] o.s.b.f.s.DefaultListableBeanFactory     : Creating shared instance of singleton bean 'org.springframework.boot.autoconfigure.jdbc.metadata.DataSourcePoolMetadataProvidersConfiguration$HikariPoolDataSourceMetadataProviderConfiguration'
2025-05-05T22:27:01.080-04:00 DEBUG 41640 --- [week3d] [           main] o.s.b.f.s.DefaultListableBeanFactory     : Creating shared instance of singleton bean 'entityManagerFactoryBuilder'
2025-05-05T22:27:01.080-04:00 DEBUG 41640 --- [week3d] [           main] o.s.b.f.s.DefaultListableBeanFactory     : Creating shared instance of singleton bean 'jpaVendorAdapter'
2025-05-05T22:27:01.086-04:00 DEBUG 41640 --- [week3d] [           main] o.s.b.f.s.DefaultListableBeanFactory     : Autowiring by type from bean name 'entityManagerFactoryBuilder' via factory method to bean named 'jpaVendorAdapter'
2025-05-05T22:27:01.089-04:00 DEBUG 41640 --- [week3d] [           main] o.s.b.f.s.DefaultListableBeanFactory     : Creating shared instance of singleton bean 'persistenceManagedTypes'
2025-05-05T22:27:01.089-04:00 DEBUG 41640 --- [week3d] [           main] o.s.b.f.s.DefaultListableBeanFactory     : Autowiring by type from bean name 'persistenceManagedTypes' via factory method to bean named 'org.springframework.beans.factory.support.DefaultListableBeanFactory@4e868ef5'
2025-05-05T22:27:01.089-04:00 DEBUG 41640 --- [week3d] [           main] o.s.b.f.s.DefaultListableBeanFactory     : Autowiring by type from bean name 'persistenceManagedTypes' via factory method to bean named 'org.springframework.context.annotation.AnnotationConfigApplicationContext@57f64f5e'
2025-05-05T22:27:01.095-04:00 DEBUG 41640 --- [week3d] [           main] o.s.b.f.s.DefaultListableBeanFactory     : Autowiring by type from bean name 'entityManagerFactory' via factory method to bean named 'entityManagerFactoryBuilder'
2025-05-05T22:27:01.095-04:00 DEBUG 41640 --- [week3d] [           main] o.s.b.f.s.DefaultListableBeanFactory     : Autowiring by type from bean name 'entityManagerFactory' via factory method to bean named 'persistenceManagedTypes'
2025-05-05T22:27:01.103-04:00 DEBUG 41640 --- [week3d] [           main] j.LocalContainerEntityManagerFactoryBean : Building JPA container EntityManagerFactory for persistence unit 'default'
2025-05-05T22:27:01.113-04:00 DEBUG 41640 --- [week3d] [           main] o.hibernate.jpa.internal.util.LogHelper  : PersistenceUnitInfo [
	name: default
	persistence provider classname: null
	classloader: jdk.internal.loader.ClassLoaders$AppClassLoader@18ff02e4
	excludeUnlistedClasses: true
	JTA datasource: null
	Non JTA datasource: HikariDataSource (null)
	Transaction type: RESOURCE_LOCAL
	PU root URL: file:/Users/x0dsanta/Developer/Duoc/Fullstack_1/Week_3/week3d/target/test-classes/
	Shared Cache Mode: UNSPECIFIED
	Validation Mode: AUTO
	Jar files URLs []
	Managed classes names [
		com.duoc.week3d.model.Shipment
		com.duoc.week3d.model.Status]
	Mapping files names []
	Properties []
2025-05-05T22:27:01.116-04:00 DEBUG 41640 --- [week3d] [           main] o.h.i.internal.IntegratorServiceImpl     : Adding Integrator [org.hibernate.boot.beanvalidation.BeanValidationIntegrator].
2025-05-05T22:27:01.118-04:00 DEBUG 41640 --- [week3d] [           main] o.h.i.internal.IntegratorServiceImpl     : Adding Integrator [org.hibernate.cache.internal.CollectionCacheInvalidator].
2025-05-05T22:27:01.142-04:00  INFO 41640 --- [week3d] [           main] org.hibernate.Version                    : HHH000412: Hibernate ORM core version 6.6.11.Final
2025-05-05T22:27:01.143-04:00 DEBUG 41640 --- [week3d] [           main] org.hibernate.cfg.Environment            : HHH000206: 'hibernate.properties' not found
2025-05-05T22:27:01.154-04:00 DEBUG 41640 --- [week3d] [           main] org.hibernate.orm.idgen.factory          : Registering IdentifierGenerator strategy [uuid2] -> [org.hibernate.id.UUIDGenerator]
2025-05-05T22:27:01.154-04:00 DEBUG 41640 --- [week3d] [           main] org.hibernate.orm.idgen.factory          : Registering IdentifierGenerator strategy [guid] -> [org.hibernate.id.GUIDGenerator]
2025-05-05T22:27:01.154-04:00 DEBUG 41640 --- [week3d] [           main] org.hibernate.orm.idgen.factory          : Registering IdentifierGenerator strategy [uuid] -> [org.hibernate.id.UUIDHexGenerator]
2025-05-05T22:27:01.154-04:00 DEBUG 41640 --- [week3d] [           main] org.hibernate.orm.idgen.factory          : Registering IdentifierGenerator strategy [uuid.hex] -> [org.hibernate.id.UUIDHexGenerator]
2025-05-05T22:27:01.154-04:00 DEBUG 41640 --- [week3d] [           main] org.hibernate.orm.idgen.factory          : Registering IdentifierGenerator strategy [assigned] -> [org.hibernate.id.Assigned]
2025-05-05T22:27:01.155-04:00 DEBUG 41640 --- [week3d] [           main] org.hibernate.orm.idgen.factory          : Registering IdentifierGenerator strategy [identity] -> [org.hibernate.id.IdentityGenerator]
2025-05-05T22:27:01.155-04:00 DEBUG 41640 --- [week3d] [           main] org.hibernate.orm.idgen.factory          : Registering IdentifierGenerator strategy [select] -> [org.hibernate.id.SelectGenerator]
2025-05-05T22:27:01.163-04:00 DEBUG 41640 --- [week3d] [           main] org.hibernate.orm.idgen.factory          : Registering IdentifierGenerator strategy [sequence] -> [org.hibernate.id.enhanced.SequenceStyleGenerator]
2025-05-05T22:27:01.163-04:00 DEBUG 41640 --- [week3d] [           main] org.hibernate.orm.idgen.factory          : Registering IdentifierGenerator strategy [increment] -> [org.hibernate.id.IncrementGenerator]
2025-05-05T22:27:01.163-04:00 DEBUG 41640 --- [week3d] [           main] org.hibernate.orm.idgen.factory          : Registering IdentifierGenerator strategy [foreign] -> [org.hibernate.id.ForeignGenerator]
2025-05-05T22:27:01.164-04:00 DEBUG 41640 --- [week3d] [           main] org.hibernate.orm.idgen.factory          : Registering IdentifierGenerator strategy [enhanced-sequence] -> [org.hibernate.id.enhanced.SequenceStyleGenerator]
2025-05-05T22:27:01.164-04:00 DEBUG 41640 --- [week3d] [           main] org.hibernate.orm.idgen.factory          : Registering IdentifierGenerator strategy [enhanced-table] -> [org.hibernate.id.enhanced.TableGenerator]
2025-05-05T22:27:01.167-04:00 DEBUG 41640 --- [week3d] [           main] o.h.c.internal.RegionFactoryInitiator    : Cannot default RegionFactory based on registered strategies as `[]` RegionFactory strategies were registered
2025-05-05T22:27:01.168-04:00  INFO 41640 --- [week3d] [           main] o.h.c.internal.RegionFactoryInitiator    : HHH000026: Second-level cache disabled
2025-05-05T22:27:01.203-04:00 DEBUG 41640 --- [week3d] [           main] org.hibernate.type.BasicTypeRegistry     : Adding type registration boolean -> org.hibernate.type.BasicTypeReference@63f6bed1
2025-05-05T22:27:01.204-04:00 DEBUG 41640 --- [week3d] [           main] org.hibernate.type.BasicTypeRegistry     : Adding type registration boolean -> org.hibernate.type.BasicTypeReference@63f6bed1
2025-05-05T22:27:01.204-04:00 DEBUG 41640 --- [week3d] [           main] org.hibernate.type.BasicTypeRegistry     : Adding type registration java.lang.Boolean -> org.hibernate.type.BasicTypeReference@63f6bed1
2025-05-05T22:27:01.204-04:00 DEBUG 41640 --- [week3d] [           main] org.hibernate.type.BasicTypeRegistry     : Adding type registration numeric_boolean -> org.hibernate.type.BasicTypeReference@7ef8eda7
2025-05-05T22:27:01.204-04:00 DEBUG 41640 --- [week3d] [           main] org.hibernate.type.BasicTypeRegistry     : Adding type registration org.hibernate.type.NumericBooleanConverter -> org.hibernate.type.BasicTypeReference@7ef8eda7
2025-05-05T22:27:01.204-04:00 DEBUG 41640 --- [week3d] [           main] org.hibernate.type.BasicTypeRegistry     : Adding type registration true_false -> org.hibernate.type.BasicTypeReference@115ca7de
2025-05-05T22:27:01.204-04:00 DEBUG 41640 --- [week3d] [           main] org.hibernate.type.BasicTypeRegistry     : Adding type registration org.hibernate.type.TrueFalseConverter -> org.hibernate.type.BasicTypeReference@115ca7de
2025-05-05T22:27:01.204-04:00 DEBUG 41640 --- [week3d] [           main] org.hibernate.type.BasicTypeRegistry     : Adding type registration yes_no -> org.hibernate.type.BasicTypeReference@29fe4840
2025-05-05T22:27:01.204-04:00 DEBUG 41640 --- [week3d] [           main] org.hibernate.type.BasicTypeRegistry     : Adding type registration org.hibernate.type.YesNoConverter -> org.hibernate.type.BasicTypeReference@29fe4840
2025-05-05T22:27:01.204-04:00 DEBUG 41640 --- [week3d] [           main] org.hibernate.type.BasicTypeRegistry     : Adding type registration byte -> org.hibernate.type.BasicTypeReference@7f287b98
2025-05-05T22:27:01.204-04:00 DEBUG 41640 --- [week3d] [           main] org.hibernate.type.BasicTypeRegistry     : Adding type registration byte -> org.hibernate.type.BasicTypeReference@7f287b98
2025-05-05T22:27:01.204-04:00 DEBUG 41640 --- [week3d] [           main] org.hibernate.type.BasicTypeRegistry     : Adding type registration java.lang.Byte -> org.hibernate.type.BasicTypeReference@7f287b98
2025-05-05T22:27:01.204-04:00 DEBUG 41640 --- [week3d] [           main] org.hibernate.type.BasicTypeRegistry     : Adding type registration binary -> org.hibernate.type.BasicTypeReference@4684240f
2025-05-05T22:27:01.204-04:00 DEBUG 41640 --- [week3d] [           main] org.hibernate.type.BasicTypeRegistry     : Adding type registration byte[] -> org.hibernate.type.BasicTypeReference@4684240f
2025-05-05T22:27:01.204-04:00 DEBUG 41640 --- [week3d] [           main] org.hibernate.type.BasicTypeRegistry     : Adding type registration [B -> org.hibernate.type.BasicTypeReference@4684240f
2025-05-05T22:27:01.204-04:00 DEBUG 41640 --- [week3d] [           main] org.hibernate.type.BasicTypeRegistry     : Adding type registration binary_wrapper -> org.hibernate.type.BasicTypeReference@32120956
2025-05-05T22:27:01.204-04:00 DEBUG 41640 --- [week3d] [           main] org.hibernate.type.BasicTypeRegistry     : Adding type registration wrapper-binary -> org.hibernate.type.BasicTypeReference@32120956
2025-05-05T22:27:01.204-04:00 DEBUG 41640 --- [week3d] [           main] org.hibernate.type.BasicTypeRegistry     : Adding type registration image -> org.hibernate.type.BasicTypeReference@6975fb1c
2025-05-05T22:27:01.204-04:00 DEBUG 41640 --- [week3d] [           main] org.hibernate.type.BasicTypeRegistry     : Adding type registration blob -> org.hibernate.type.BasicTypeReference@553da911
2025-05-05T22:27:01.204-04:00 DEBUG 41640 --- [week3d] [           main] org.hibernate.type.BasicTypeRegistry     : Adding type registration java.sql.Blob -> org.hibernate.type.BasicTypeReference@553da911
2025-05-05T22:27:01.204-04:00 DEBUG 41640 --- [week3d] [           main] org.hibernate.type.BasicTypeRegistry     : Adding type registration materialized_blob -> org.hibernate.type.BasicTypeReference@327e5be5
2025-05-05T22:27:01.204-04:00 DEBUG 41640 --- [week3d] [           main] org.hibernate.type.BasicTypeRegistry     : Adding type registration materialized_blob_wrapper -> org.hibernate.type.BasicTypeReference@1084ac45
2025-05-05T22:27:01.205-04:00 DEBUG 41640 --- [week3d] [           main] org.hibernate.type.BasicTypeRegistry     : Adding type registration short -> org.hibernate.type.BasicTypeReference@566f1852
2025-05-05T22:27:01.205-04:00 DEBUG 41640 --- [week3d] [           main] org.hibernate.type.BasicTypeRegistry     : Adding type registration short -> org.hibernate.type.BasicTypeReference@566f1852
2025-05-05T22:27:01.205-04:00 DEBUG 41640 --- [week3d] [           main] org.hibernate.type.BasicTypeRegistry     : Adding type registration java.lang.Short -> org.hibernate.type.BasicTypeReference@566f1852
2025-05-05T22:27:01.205-04:00 DEBUG 41640 --- [week3d] [           main] org.hibernate.type.BasicTypeRegistry     : Adding type registration integer -> org.hibernate.type.BasicTypeReference@6ea246af
2025-05-05T22:27:01.205-04:00 DEBUG 41640 --- [week3d] [           main] org.hibernate.type.BasicTypeRegistry     : Adding type registration int -> org.hibernate.type.BasicTypeReference@6ea246af
2025-05-05T22:27:01.205-04:00 DEBUG 41640 --- [week3d] [           main] org.hibernate.type.BasicTypeRegistry     : Adding type registration java.lang.Integer -> org.hibernate.type.BasicTypeReference@6ea246af
2025-05-05T22:27:01.205-04:00 DEBUG 41640 --- [week3d] [           main] org.hibernate.type.BasicTypeRegistry     : Adding type registration long -> org.hibernate.type.BasicTypeReference@2e4389ed
2025-05-05T22:27:01.205-04:00 DEBUG 41640 --- [week3d] [           main] org.hibernate.type.BasicTypeRegistry     : Adding type registration long -> org.hibernate.type.BasicTypeReference@2e4389ed
2025-05-05T22:27:01.205-04:00 DEBUG 41640 --- [week3d] [           main] org.hibernate.type.BasicTypeRegistry     : Adding type registration java.lang.Long -> org.hibernate.type.BasicTypeReference@2e4389ed
2025-05-05T22:27:01.205-04:00 DEBUG 41640 --- [week3d] [           main] org.hibernate.type.BasicTypeRegistry     : Adding type registration float -> org.hibernate.type.BasicTypeReference@1b90fee4
2025-05-05T22:27:01.205-04:00 DEBUG 41640 --- [week3d] [           main] org.hibernate.type.BasicTypeRegistry     : Adding type registration float -> org.hibernate.type.BasicTypeReference@1b90fee4
2025-05-05T22:27:01.205-04:00 DEBUG 41640 --- [week3d] [           main] org.hibernate.type.BasicTypeRegistry     : Adding type registration java.lang.Float -> org.hibernate.type.BasicTypeReference@1b90fee4
2025-05-05T22:27:01.205-04:00 DEBUG 41640 --- [week3d] [           main] org.hibernate.type.BasicTypeRegistry     : Adding type registration double -> org.hibernate.type.BasicTypeReference@3513c84c
2025-05-05T22:27:01.205-04:00 DEBUG 41640 --- [week3d] [           main] org.hibernate.type.BasicTypeRegistry     : Adding type registration double -> org.hibernate.type.BasicTypeReference@3513c84c
2025-05-05T22:27:01.205-04:00 DEBUG 41640 --- [week3d] [           main] org.hibernate.type.BasicTypeRegistry     : Adding type registration java.lang.Double -> org.hibernate.type.BasicTypeReference@3513c84c
2025-05-05T22:27:01.205-04:00 DEBUG 41640 --- [week3d] [           main] org.hibernate.type.BasicTypeRegistry     : Adding type registration big_integer -> org.hibernate.type.BasicTypeReference@4978777f
2025-05-05T22:27:01.205-04:00 DEBUG 41640 --- [week3d] [           main] org.hibernate.type.BasicTypeRegistry     : Adding type registration java.math.BigInteger -> org.hibernate.type.BasicTypeReference@4978777f
2025-05-05T22:27:01.205-04:00 DEBUG 41640 --- [week3d] [           main] org.hibernate.type.BasicTypeRegistry     : Adding type registration big_decimal -> org.hibernate.type.BasicTypeReference@7bc6935c
2025-05-05T22:27:01.205-04:00 DEBUG 41640 --- [week3d] [           main] org.hibernate.type.BasicTypeRegistry     : Adding type registration java.math.BigDecimal -> org.hibernate.type.BasicTypeReference@7bc6935c
2025-05-05T22:27:01.205-04:00 DEBUG 41640 --- [week3d] [           main] org.hibernate.type.BasicTypeRegistry     : Adding type registration character -> org.hibernate.type.BasicTypeReference@67bd351e
2025-05-05T22:27:01.205-04:00 DEBUG 41640 --- [week3d] [           main] org.hibernate.type.BasicTypeRegistry     : Adding type registration char -> org.hibernate.type.BasicTypeReference@67bd351e
2025-05-05T22:27:01.205-04:00 DEBUG 41640 --- [week3d] [           main] org.hibernate.type.BasicTypeRegistry     : Adding type registration java.lang.Character -> org.hibernate.type.BasicTypeReference@67bd351e
2025-05-05T22:27:01.206-04:00 DEBUG 41640 --- [week3d] [           main] org.hibernate.type.BasicTypeRegistry     : Adding type registration character_nchar -> org.hibernate.type.BasicTypeReference@4cc7d00d
2025-05-05T22:27:01.206-04:00 DEBUG 41640 --- [week3d] [           main] org.hibernate.type.BasicTypeRegistry     : Adding type registration string -> org.hibernate.type.BasicTypeReference@468e8565
2025-05-05T22:27:01.206-04:00 DEBUG 41640 --- [week3d] [           main] org.hibernate.type.BasicTypeRegistry     : Adding type registration java.lang.String -> org.hibernate.type.BasicTypeReference@468e8565
2025-05-05T22:27:01.206-04:00 DEBUG 41640 --- [week3d] [           main] org.hibernate.type.BasicTypeRegistry     : Adding type registration nstring -> org.hibernate.type.BasicTypeReference@91da29b
2025-05-05T22:27:01.206-04:00 DEBUG 41640 --- [week3d] [           main] org.hibernate.type.BasicTypeRegistry     : Adding type registration characters -> org.hibernate.type.BasicTypeReference@7066363
2025-05-05T22:27:01.206-04:00 DEBUG 41640 --- [week3d] [           main] org.hibernate.type.BasicTypeRegistry     : Adding type registration char[] -> org.hibernate.type.BasicTypeReference@7066363
2025-05-05T22:27:01.206-04:00 DEBUG 41640 --- [week3d] [           main] org.hibernate.type.BasicTypeRegistry     : Adding type registration [C -> org.hibernate.type.BasicTypeReference@7066363
2025-05-05T22:27:01.206-04:00 DEBUG 41640 --- [week3d] [           main] org.hibernate.type.BasicTypeRegistry     : Adding type registration wrapper-characters -> org.hibernate.type.BasicTypeReference@75b38c36
2025-05-05T22:27:01.206-04:00 DEBUG 41640 --- [week3d] [           main] org.hibernate.type.BasicTypeRegistry     : Adding type registration text -> org.hibernate.type.BasicTypeReference@47248a48
2025-05-05T22:27:01.206-04:00 DEBUG 41640 --- [week3d] [           main] org.hibernate.type.BasicTypeRegistry     : Adding type registration ntext -> org.hibernate.type.BasicTypeReference@2349f14d
2025-05-05T22:27:01.206-04:00 DEBUG 41640 --- [week3d] [           main] org.hibernate.type.BasicTypeRegistry     : Adding type registration clob -> org.hibernate.type.BasicTypeReference@17e0933c
2025-05-05T22:27:01.206-04:00 DEBUG 41640 --- [week3d] [           main] org.hibernate.type.BasicTypeRegistry     : Adding type registration java.sql.Clob -> org.hibernate.type.BasicTypeReference@17e0933c
2025-05-05T22:27:01.206-04:00 DEBUG 41640 --- [week3d] [           main] org.hibernate.type.BasicTypeRegistry     : Adding type registration nclob -> org.hibernate.type.BasicTypeReference@7edb6fca
2025-05-05T22:27:01.206-04:00 DEBUG 41640 --- [week3d] [           main] org.hibernate.type.BasicTypeRegistry     : Adding type registration java.sql.NClob -> org.hibernate.type.BasicTypeReference@7edb6fca
2025-05-05T22:27:01.206-04:00 DEBUG 41640 --- [week3d] [           main] org.hibernate.type.BasicTypeRegistry     : Adding type registration materialized_clob -> org.hibernate.type.BasicTypeReference@1dcedc93
2025-05-05T22:27:01.206-04:00 DEBUG 41640 --- [week3d] [           main] org.hibernate.type.BasicTypeRegistry     : Adding type registration materialized_clob_char_array -> org.hibernate.type.BasicTypeReference@716185fe
2025-05-05T22:27:01.206-04:00 DEBUG 41640 --- [week3d] [           main] org.hibernate.type.BasicTypeRegistry     : Adding type registration materialized_clob_character_array -> org.hibernate.type.BasicTypeReference@628b819d
2025-05-05T22:27:01.206-04:00 DEBUG 41640 --- [week3d] [           main] org.hibernate.type.BasicTypeRegistry     : Adding type registration materialized_nclob -> org.hibernate.type.BasicTypeReference@478b0739
2025-05-05T22:27:01.206-04:00 DEBUG 41640 --- [week3d] [           main] org.hibernate.type.BasicTypeRegistry     : Adding type registration materialized_nclob_character_array -> org.hibernate.type.BasicTypeReference@2cca611f
2025-05-05T22:27:01.206-04:00 DEBUG 41640 --- [week3d] [           main] org.hibernate.type.BasicTypeRegistry     : Adding type registration materialized_nclob_char_array -> org.hibernate.type.BasicTypeReference@51f95f0d
2025-05-05T22:27:01.206-04:00 DEBUG 41640 --- [week3d] [           main] org.hibernate.type.BasicTypeRegistry     : Adding type registration Duration -> org.hibernate.type.BasicTypeReference@6fc0bbc6
2025-05-05T22:27:01.206-04:00 DEBUG 41640 --- [week3d] [           main] org.hibernate.type.BasicTypeRegistry     : Adding type registration java.time.Duration -> org.hibernate.type.BasicTypeReference@6fc0bbc6
2025-05-05T22:27:01.206-04:00 DEBUG 41640 --- [week3d] [           main] org.hibernate.type.BasicTypeRegistry     : Adding type registration LocalDateTime -> org.hibernate.type.BasicTypeReference@706ddbc8
2025-05-05T22:27:01.207-04:00 DEBUG 41640 --- [week3d] [           main] org.hibernate.type.BasicTypeRegistry     : Adding type registration java.time.LocalDateTime -> org.hibernate.type.BasicTypeReference@706ddbc8
2025-05-05T22:27:01.207-04:00 DEBUG 41640 --- [week3d] [           main] org.hibernate.type.BasicTypeRegistry     : Adding type registration LocalDate -> org.hibernate.type.BasicTypeReference@fd09e43
2025-05-05T22:27:01.207-04:00 DEBUG 41640 --- [week3d] [           main] org.hibernate.type.BasicTypeRegistry     : Adding type registration java.time.LocalDate -> org.hibernate.type.BasicTypeReference@fd09e43
2025-05-05T22:27:01.207-04:00 DEBUG 41640 --- [week3d] [           main] org.hibernate.type.BasicTypeRegistry     : Adding type registration LocalTime -> org.hibernate.type.BasicTypeReference@144ab983
2025-05-05T22:27:01.207-04:00 DEBUG 41640 --- [week3d] [           main] org.hibernate.type.BasicTypeRegistry     : Adding type registration java.time.LocalTime -> org.hibernate.type.BasicTypeReference@144ab983
2025-05-05T22:27:01.207-04:00 DEBUG 41640 --- [week3d] [           main] org.hibernate.type.BasicTypeRegistry     : Adding type registration OffsetDateTime -> org.hibernate.type.BasicTypeReference@7ebe2e47
2025-05-05T22:27:01.207-04:00 DEBUG 41640 --- [week3d] [           main] org.hibernate.type.BasicTypeRegistry     : Adding type registration java.time.OffsetDateTime -> org.hibernate.type.BasicTypeReference@7ebe2e47
2025-05-05T22:27:01.207-04:00 DEBUG 41640 --- [week3d] [           main] org.hibernate.type.BasicTypeRegistry     : Adding type registration OffsetDateTimeWithTimezone -> org.hibernate.type.BasicTypeReference@609319c3
2025-05-05T22:27:01.207-04:00 DEBUG 41640 --- [week3d] [           main] org.hibernate.type.BasicTypeRegistry     : Adding type registration OffsetDateTimeWithoutTimezone -> org.hibernate.type.BasicTypeReference@6bbab114
2025-05-05T22:27:01.207-04:00 DEBUG 41640 --- [week3d] [           main] org.hibernate.type.BasicTypeRegistry     : Adding type registration OffsetTime -> org.hibernate.type.BasicTypeReference@2a7d9b41
2025-05-05T22:27:01.207-04:00 DEBUG 41640 --- [week3d] [           main] org.hibernate.type.BasicTypeRegistry     : Adding type registration java.time.OffsetTime -> org.hibernate.type.BasicTypeReference@2a7d9b41
2025-05-05T22:27:01.207-04:00 DEBUG 41640 --- [week3d] [           main] org.hibernate.type.BasicTypeRegistry     : Adding type registration OffsetTimeUtc -> org.hibernate.type.BasicTypeReference@25be445f
2025-05-05T22:27:01.207-04:00 DEBUG 41640 --- [week3d] [           main] org.hibernate.type.BasicTypeRegistry     : Adding type registration OffsetTimeWithTimezone -> org.hibernate.type.BasicTypeReference@5d1b1c2a
2025-05-05T22:27:01.207-04:00 DEBUG 41640 --- [week3d] [           main] org.hibernate.type.BasicTypeRegistry     : Adding type registration OffsetTimeWithoutTimezone -> org.hibernate.type.BasicTypeReference@6397248c
2025-05-05T22:27:01.207-04:00 DEBUG 41640 --- [week3d] [           main] org.hibernate.type.BasicTypeRegistry     : Adding type registration ZonedDateTime -> org.hibernate.type.BasicTypeReference@25f61c2c
2025-05-05T22:27:01.207-04:00 DEBUG 41640 --- [week3d] [           main] org.hibernate.type.BasicTypeRegistry     : Adding type registration java.time.ZonedDateTime -> org.hibernate.type.BasicTypeReference@25f61c2c
2025-05-05T22:27:01.207-04:00 DEBUG 41640 --- [week3d] [           main] org.hibernate.type.BasicTypeRegistry     : Adding type registration ZonedDateTimeWithTimezone -> org.hibernate.type.BasicTypeReference@72bd2871
2025-05-05T22:27:01.207-04:00 DEBUG 41640 --- [week3d] [           main] org.hibernate.type.BasicTypeRegistry     : Adding type registration ZonedDateTimeWithoutTimezone -> org.hibernate.type.BasicTypeReference@77429040
2025-05-05T22:27:01.207-04:00 DEBUG 41640 --- [week3d] [           main] org.hibernate.type.BasicTypeRegistry     : Adding type registration date -> org.hibernate.type.BasicTypeReference@2d2b6960
2025-05-05T22:27:01.207-04:00 DEBUG 41640 --- [week3d] [           main] org.hibernate.type.BasicTypeRegistry     : Adding type registration java.sql.Date -> org.hibernate.type.BasicTypeReference@2d2b6960
2025-05-05T22:27:01.207-04:00 DEBUG 41640 --- [week3d] [           main] org.hibernate.type.BasicTypeRegistry     : Adding type registration time -> org.hibernate.type.BasicTypeReference@38291795
2025-05-05T22:27:01.207-04:00 DEBUG 41640 --- [week3d] [           main] org.hibernate.type.BasicTypeRegistry     : Adding type registration java.sql.Time -> org.hibernate.type.BasicTypeReference@38291795
2025-05-05T22:27:01.207-04:00 DEBUG 41640 --- [week3d] [           main] org.hibernate.type.BasicTypeRegistry     : Adding type registration timestamp -> org.hibernate.type.BasicTypeReference@234c5e41
2025-05-05T22:27:01.207-04:00 DEBUG 41640 --- [week3d] [           main] org.hibernate.type.BasicTypeRegistry     : Adding type registration java.sql.Timestamp -> org.hibernate.type.BasicTypeReference@234c5e41
2025-05-05T22:27:01.207-04:00 DEBUG 41640 --- [week3d] [           main] org.hibernate.type.BasicTypeRegistry     : Adding type registration java.util.Date -> org.hibernate.type.BasicTypeReference@234c5e41
2025-05-05T22:27:01.207-04:00 DEBUG 41640 --- [week3d] [           main] org.hibernate.type.BasicTypeRegistry     : Adding type registration calendar -> org.hibernate.type.BasicTypeReference@40ef0af8
2025-05-05T22:27:01.207-04:00 DEBUG 41640 --- [week3d] [           main] org.hibernate.type.BasicTypeRegistry     : Adding type registration java.util.Calendar -> org.hibernate.type.BasicTypeReference@40ef0af8
2025-05-05T22:27:01.208-04:00 DEBUG 41640 --- [week3d] [           main] org.hibernate.type.BasicTypeRegistry     : Adding type registration java.util.GregorianCalendar -> org.hibernate.type.BasicTypeReference@40ef0af8
2025-05-05T22:27:01.208-04:00 DEBUG 41640 --- [week3d] [           main] org.hibernate.type.BasicTypeRegistry     : Adding type registration calendar_date -> org.hibernate.type.BasicTypeReference@461c3709
2025-05-05T22:27:01.208-04:00 DEBUG 41640 --- [week3d] [           main] org.hibernate.type.BasicTypeRegistry     : Adding type registration calendar_time -> org.hibernate.type.BasicTypeReference@7e3d7dd
2025-05-05T22:27:01.208-04:00 DEBUG 41640 --- [week3d] [           main] org.hibernate.type.BasicTypeRegistry     : Adding type registration instant -> org.hibernate.type.BasicTypeReference@3f63a513
2025-05-05T22:27:01.208-04:00 DEBUG 41640 --- [week3d] [           main] org.hibernate.type.BasicTypeRegistry     : Adding type registration java.time.Instant -> org.hibernate.type.BasicTypeReference@3f63a513
2025-05-05T22:27:01.208-04:00 DEBUG 41640 --- [week3d] [           main] org.hibernate.type.BasicTypeRegistry     : Adding type registration uuid -> org.hibernate.type.BasicTypeReference@413bef78
2025-05-05T22:27:01.208-04:00 DEBUG 41640 --- [week3d] [           main] org.hibernate.type.BasicTypeRegistry     : Adding type registration java.util.UUID -> org.hibernate.type.BasicTypeReference@413bef78
2025-05-05T22:27:01.208-04:00 DEBUG 41640 --- [week3d] [           main] org.hibernate.type.BasicTypeRegistry     : Adding type registration pg-uuid -> org.hibernate.type.BasicTypeReference@413bef78
2025-05-05T22:27:01.208-04:00 DEBUG 41640 --- [week3d] [           main] org.hibernate.type.BasicTypeRegistry     : Adding type registration uuid-binary -> org.hibernate.type.BasicTypeReference@66383c29
2025-05-05T22:27:01.208-04:00 DEBUG 41640 --- [week3d] [           main] org.hibernate.type.BasicTypeRegistry     : Adding type registration uuid-char -> org.hibernate.type.BasicTypeReference@7f7c420c
2025-05-05T22:27:01.208-04:00 DEBUG 41640 --- [week3d] [           main] org.hibernate.type.BasicTypeRegistry     : Adding type registration class -> org.hibernate.type.BasicTypeReference@5d152bcd
2025-05-05T22:27:01.208-04:00 DEBUG 41640 --- [week3d] [           main] org.hibernate.type.BasicTypeRegistry     : Adding type registration java.lang.Class -> org.hibernate.type.BasicTypeReference@5d152bcd
2025-05-05T22:27:01.208-04:00 DEBUG 41640 --- [week3d] [           main] org.hibernate.type.BasicTypeRegistry     : Adding type registration currency -> org.hibernate.type.BasicTypeReference@43cb5f38
2025-05-05T22:27:01.208-04:00 DEBUG 41640 --- [week3d] [           main] org.hibernate.type.BasicTypeRegistry     : Adding type registration Currency -> org.hibernate.type.BasicTypeReference@43cb5f38
2025-05-05T22:27:01.208-04:00 DEBUG 41640 --- [week3d] [           main] org.hibernate.type.BasicTypeRegistry     : Adding type registration java.util.Currency -> org.hibernate.type.BasicTypeReference@43cb5f38
2025-05-05T22:27:01.208-04:00 DEBUG 41640 --- [week3d] [           main] org.hibernate.type.BasicTypeRegistry     : Adding type registration locale -> org.hibernate.type.BasicTypeReference@6435fa1c
2025-05-05T22:27:01.208-04:00 DEBUG 41640 --- [week3d] [           main] org.hibernate.type.BasicTypeRegistry     : Adding type registration java.util.Locale -> org.hibernate.type.BasicTypeReference@6435fa1c
2025-05-05T22:27:01.208-04:00 DEBUG 41640 --- [week3d] [           main] org.hibernate.type.BasicTypeRegistry     : Adding type registration serializable -> org.hibernate.type.BasicTypeReference@7944b8b4
2025-05-05T22:27:01.208-04:00 DEBUG 41640 --- [week3d] [           main] org.hibernate.type.BasicTypeRegistry     : Adding type registration java.io.Serializable -> org.hibernate.type.BasicTypeReference@7944b8b4
2025-05-05T22:27:01.208-04:00 DEBUG 41640 --- [week3d] [           main] org.hibernate.type.BasicTypeRegistry     : Adding type registration timezone -> org.hibernate.type.BasicTypeReference@d7bbf12
2025-05-05T22:27:01.209-04:00 DEBUG 41640 --- [week3d] [           main] org.hibernate.type.BasicTypeRegistry     : Adding type registration java.util.TimeZone -> org.hibernate.type.BasicTypeReference@d7bbf12
2025-05-05T22:27:01.209-04:00 DEBUG 41640 --- [week3d] [           main] org.hibernate.type.BasicTypeRegistry     : Adding type registration ZoneOffset -> org.hibernate.type.BasicTypeReference@1450131a
2025-05-05T22:27:01.209-04:00 DEBUG 41640 --- [week3d] [           main] org.hibernate.type.BasicTypeRegistry     : Adding type registration java.time.ZoneOffset -> org.hibernate.type.BasicTypeReference@1450131a
2025-05-05T22:27:01.209-04:00 DEBUG 41640 --- [week3d] [           main] org.hibernate.type.BasicTypeRegistry     : Adding type registration url -> org.hibernate.type.BasicTypeReference@5f7eee96
2025-05-05T22:27:01.209-04:00 DEBUG 41640 --- [week3d] [           main] org.hibernate.type.BasicTypeRegistry     : Adding type registration java.net.URL -> org.hibernate.type.BasicTypeReference@5f7eee96
2025-05-05T22:27:01.209-04:00 DEBUG 41640 --- [week3d] [           main] org.hibernate.type.BasicTypeRegistry     : Adding type registration vector -> org.hibernate.type.BasicTypeReference@3a36cd5
2025-05-05T22:27:01.209-04:00 DEBUG 41640 --- [week3d] [           main] org.hibernate.type.BasicTypeRegistry     : Adding type registration float_vector -> org.hibernate.type.BasicTypeReference@53f0d09c
2025-05-05T22:27:01.209-04:00 DEBUG 41640 --- [week3d] [           main] org.hibernate.type.BasicTypeRegistry     : Adding type registration double_vector -> org.hibernate.type.BasicTypeReference@47acd13b
2025-05-05T22:27:01.209-04:00 DEBUG 41640 --- [week3d] [           main] org.hibernate.type.BasicTypeRegistry     : Adding type registration byte_vector -> org.hibernate.type.BasicTypeReference@6f8e9d06
2025-05-05T22:27:01.209-04:00 DEBUG 41640 --- [week3d] [           main] org.hibernate.type.BasicTypeRegistry     : Adding type registration row_version -> org.hibernate.type.BasicTypeReference@77d381e6
2025-05-05T22:27:01.211-04:00 DEBUG 41640 --- [week3d] [           main] org.hibernate.type.BasicTypeRegistry     : Adding type registration object -> org.hibernate.type.JavaObjectType@306c7bf6
2025-05-05T22:27:01.211-04:00 DEBUG 41640 --- [week3d] [           main] org.hibernate.type.BasicTypeRegistry     : Adding type registration java.lang.Object -> org.hibernate.type.JavaObjectType@306c7bf6
2025-05-05T22:27:01.212-04:00 DEBUG 41640 --- [week3d] [           main] org.hibernate.type.BasicTypeRegistry     : Adding type registration null -> org.hibernate.type.NullType@7e1ffe70
2025-05-05T22:27:01.212-04:00 DEBUG 41640 --- [week3d] [           main] org.hibernate.type.BasicTypeRegistry     : Adding type registration imm_date -> org.hibernate.type.BasicTypeReference@73041b7d
2025-05-05T22:27:01.212-04:00 DEBUG 41640 --- [week3d] [           main] org.hibernate.type.BasicTypeRegistry     : Adding type registration imm_time -> org.hibernate.type.BasicTypeReference@1235151c
2025-05-05T22:27:01.212-04:00 DEBUG 41640 --- [week3d] [           main] org.hibernate.type.BasicTypeRegistry     : Adding type registration imm_timestamp -> org.hibernate.type.BasicTypeReference@5a1f778
2025-05-05T22:27:01.212-04:00 DEBUG 41640 --- [week3d] [           main] org.hibernate.type.BasicTypeRegistry     : Adding type registration imm_calendar -> org.hibernate.type.BasicTypeReference@4cc65c2
2025-05-05T22:27:01.212-04:00 DEBUG 41640 --- [week3d] [           main] org.hibernate.type.BasicTypeRegistry     : Adding type registration imm_calendar_date -> org.hibernate.type.BasicTypeReference@574059d5
2025-05-05T22:27:01.212-04:00 DEBUG 41640 --- [week3d] [           main] org.hibernate.type.BasicTypeRegistry     : Adding type registration imm_calendar_time -> org.hibernate.type.BasicTypeReference@6d672bd4
2025-05-05T22:27:01.212-04:00 DEBUG 41640 --- [week3d] [           main] org.hibernate.type.BasicTypeRegistry     : Adding type registration imm_binary -> org.hibernate.type.BasicTypeReference@67770b37
2025-05-05T22:27:01.212-04:00 DEBUG 41640 --- [week3d] [           main] org.hibernate.type.BasicTypeRegistry     : Adding type registration imm_serializable -> org.hibernate.type.BasicTypeReference@72906e
2025-05-05T22:27:01.214-04:00 DEBUG 41640 --- [week3d] [           main] o.h.boot.internal.BootstrapContextImpl   : Injecting JPA temp ClassLoader [org.springframework.instrument.classloading.SimpleThrowawayClassLoader@7945b206] into BootstrapContext; was [null]
2025-05-05T22:27:01.214-04:00 DEBUG 41640 --- [week3d] [           main] o.h.boot.internal.ClassLoaderAccessImpl  : ClassLoaderAccessImpl#injectTempClassLoader(org.springframework.instrument.classloading.SimpleThrowawayClassLoader@7945b206) [was null]
2025-05-05T22:27:01.214-04:00 DEBUG 41640 --- [week3d] [           main] o.h.boot.internal.BootstrapContextImpl   : Injecting ScanEnvironment [org.hibernate.jpa.boot.internal.StandardJpaScanEnvironmentImpl@6ddee60f] into BootstrapContext; was [null]
2025-05-05T22:27:01.214-04:00 DEBUG 41640 --- [week3d] [           main] o.h.boot.internal.BootstrapContextImpl   : Injecting ScanOptions [org.hibernate.boot.archive.scan.internal.StandardScanOptions@6e829e50] into BootstrapContext; was [org.hibernate.boot.archive.scan.internal.StandardScanOptions@4aa2877c]
2025-05-05T22:27:01.225-04:00 DEBUG 41640 --- [week3d] [           main] o.h.j.b.i.PersistenceUnitInfoDescriptor  : Pushing class transformers for PU named 'default' on loading classloader jdk.internal.loader.ClassLoaders$AppClassLoader@18ff02e4
2025-05-05T22:27:01.311-04:00  INFO 41640 --- [week3d] [           main] o.s.o.j.p.SpringPersistenceUnitInfo      : No LoadTimeWeaver setup: ignoring JPA class transformer
2025-05-05T22:27:01.311-04:00 DEBUG 41640 --- [week3d] [           main] o.h.boot.internal.BootstrapContextImpl   : Injecting JPA temp ClassLoader [null] into BootstrapContext; was [org.springframework.instrument.classloading.SimpleThrowawayClassLoader@7945b206]
2025-05-05T22:27:01.311-04:00 DEBUG 41640 --- [week3d] [           main] o.h.boot.internal.ClassLoaderAccessImpl  : ClassLoaderAccessImpl#injectTempClassLoader(null) [was org.springframework.instrument.classloading.SimpleThrowawayClassLoader@7945b206]
2025-05-05T22:27:01.326-04:00 DEBUG 41640 --- [week3d] [           main] com.zaxxer.hikari.HikariConfig           : HikariPool-1 - configuration:
2025-05-05T22:27:01.328-04:00 DEBUG 41640 --- [week3d] [           main] com.zaxxer.hikari.HikariConfig           : allowPoolSuspension.............false
2025-05-05T22:27:01.328-04:00 DEBUG 41640 --- [week3d] [           main] com.zaxxer.hikari.HikariConfig           : autoCommit......................true
2025-05-05T22:27:01.328-04:00 DEBUG 41640 --- [week3d] [           main] com.zaxxer.hikari.HikariConfig           : catalog.........................none
2025-05-05T22:27:01.328-04:00 DEBUG 41640 --- [week3d] [           main] com.zaxxer.hikari.HikariConfig           : connectionInitSql...............none
2025-05-05T22:27:01.328-04:00 DEBUG 41640 --- [week3d] [           main] com.zaxxer.hikari.HikariConfig           : connectionTestQuery.............none
2025-05-05T22:27:01.328-04:00 DEBUG 41640 --- [week3d] [           main] com.zaxxer.hikari.HikariConfig           : connectionTimeout...............30000
2025-05-05T22:27:01.329-04:00 DEBUG 41640 --- [week3d] [           main] com.zaxxer.hikari.HikariConfig           : dataSource......................none
2025-05-05T22:27:01.329-04:00 DEBUG 41640 --- [week3d] [           main] com.zaxxer.hikari.HikariConfig           : dataSourceClassName.............none
2025-05-05T22:27:01.329-04:00 DEBUG 41640 --- [week3d] [           main] com.zaxxer.hikari.HikariConfig           : dataSourceJNDI..................none
2025-05-05T22:27:01.329-04:00 DEBUG 41640 --- [week3d] [           main] com.zaxxer.hikari.HikariConfig           : dataSourceProperties............{password=<masked>}
2025-05-05T22:27:01.329-04:00 DEBUG 41640 --- [week3d] [           main] com.zaxxer.hikari.HikariConfig           : driverClassName................."oracle.jdbc.driver.OracleDriver"
2025-05-05T22:27:01.329-04:00 DEBUG 41640 --- [week3d] [           main] com.zaxxer.hikari.HikariConfig           : exceptionOverrideClassName......none
2025-05-05T22:27:01.329-04:00 DEBUG 41640 --- [week3d] [           main] com.zaxxer.hikari.HikariConfig           : healthCheckProperties...........{}
2025-05-05T22:27:01.329-04:00 DEBUG 41640 --- [week3d] [           main] com.zaxxer.hikari.HikariConfig           : healthCheckRegistry.............none
2025-05-05T22:27:01.329-04:00 DEBUG 41640 --- [week3d] [           main] com.zaxxer.hikari.HikariConfig           : idleTimeout.....................600000
2025-05-05T22:27:01.329-04:00 DEBUG 41640 --- [week3d] [           main] com.zaxxer.hikari.HikariConfig           : initializationFailTimeout.......1
2025-05-05T22:27:01.329-04:00 DEBUG 41640 --- [week3d] [           main] com.zaxxer.hikari.HikariConfig           : isolateInternalQueries..........false
2025-05-05T22:27:01.329-04:00 DEBUG 41640 --- [week3d] [           main] com.zaxxer.hikari.HikariConfig           : jdbcUrl.........................jdbc:oracle:thin:@dbpruebas_tp?TNS_ADMIN=/Users/x0dsanta/Wallet_DBPruebas
2025-05-05T22:27:01.330-04:00 DEBUG 41640 --- [week3d] [           main] com.zaxxer.hikari.HikariConfig           : keepaliveTime...................0
2025-05-05T22:27:01.330-04:00 DEBUG 41640 --- [week3d] [           main] com.zaxxer.hikari.HikariConfig           : leakDetectionThreshold..........10000
2025-05-05T22:27:01.330-04:00 DEBUG 41640 --- [week3d] [           main] com.zaxxer.hikari.HikariConfig           : maxLifetime.....................1800000
2025-05-05T22:27:01.330-04:00 DEBUG 41640 --- [week3d] [           main] com.zaxxer.hikari.HikariConfig           : maximumPoolSize.................10
2025-05-05T22:27:01.330-04:00 DEBUG 41640 --- [week3d] [           main] com.zaxxer.hikari.HikariConfig           : metricRegistry..................none
2025-05-05T22:27:01.330-04:00 DEBUG 41640 --- [week3d] [           main] com.zaxxer.hikari.HikariConfig           : metricsTrackerFactory...........none
2025-05-05T22:27:01.330-04:00 DEBUG 41640 --- [week3d] [           main] com.zaxxer.hikari.HikariConfig           : minimumIdle.....................10
2025-05-05T22:27:01.330-04:00 DEBUG 41640 --- [week3d] [           main] com.zaxxer.hikari.HikariConfig           : password........................<masked>
2025-05-05T22:27:01.330-04:00 DEBUG 41640 --- [week3d] [           main] com.zaxxer.hikari.HikariConfig           : poolName........................"HikariPool-1"
2025-05-05T22:27:01.330-04:00 DEBUG 41640 --- [week3d] [           main] com.zaxxer.hikari.HikariConfig           : readOnly........................false
2025-05-05T22:27:01.330-04:00 DEBUG 41640 --- [week3d] [           main] com.zaxxer.hikari.HikariConfig           : registerMbeans..................false
2025-05-05T22:27:01.330-04:00 DEBUG 41640 --- [week3d] [           main] com.zaxxer.hikari.HikariConfig           : scheduledExecutor...............none
2025-05-05T22:27:01.330-04:00 DEBUG 41640 --- [week3d] [           main] com.zaxxer.hikari.HikariConfig           : schema..........................none
2025-05-05T22:27:01.330-04:00 DEBUG 41640 --- [week3d] [           main] com.zaxxer.hikari.HikariConfig           : threadFactory...................internal
2025-05-05T22:27:01.330-04:00 DEBUG 41640 --- [week3d] [           main] com.zaxxer.hikari.HikariConfig           : transactionIsolation............default
2025-05-05T22:27:01.330-04:00 DEBUG 41640 --- [week3d] [           main] com.zaxxer.hikari.HikariConfig           : username........................"ShipmentsUser"
2025-05-05T22:27:01.331-04:00 DEBUG 41640 --- [week3d] [           main] com.zaxxer.hikari.HikariConfig           : validationTimeout...............5000
2025-05-05T22:27:01.331-04:00  INFO 41640 --- [week3d] [           main] com.zaxxer.hikari.HikariDataSource       : HikariPool-1 - Starting...
2025-05-05T22:27:01.333-04:00  WARN 41640 --- [week3d] [           main] c.zaxxer.hikari.util.DriverDataSource    : Registered driver with driverClassName=oracle.jdbc.driver.OracleDriver was not found, trying direct instantiation.
2025-05-05T22:27:01.333-04:00 DEBUG 41640 --- [week3d] [           main] c.zaxxer.hikari.util.DriverDataSource    : Driver class oracle.jdbc.driver.OracleDriver found in Thread context class loader jdk.internal.loader.ClassLoaders$AppClassLoader@18ff02e4
2025-05-05T22:27:01.739-04:00 DEBUG 41640 --- [week3d] [           main] jdk.event.security                       : X509Certificate: Alg:SHA256withRSA, Serial:0e:53:5a:9b:ac:d4:b9:00:33:9c:4e:0d:7e:87:e7:12, Subject:CN=adb.sa-santiago-1.oraclecloud.com, O=Oracle Corporation, L=Redwood City, ST=California, C=US, Issuer:CN=DigiCert TLS RSA SHA256 2020 CA1, O=DigiCert Inc, C=US, Key type:RSA, Length:2048, Cert Id:3580545443, Valid from:10/28/24, 9:00 PM, Valid until:11/19/25, 8:59 PM
2025-05-05T22:27:01.740-04:00 DEBUG 41640 --- [week3d] [           main] jdk.event.security                       : X509Certificate: Alg:SHA256withRSA, Serial:0a:35:08:d5:5c:29:2b:01:7d:f8:ad:65:c0:0f:f7:e4, Subject:CN=DigiCert TLS RSA SHA256 2020 CA1, O=DigiCert Inc, C=US, Issuer:CN=DigiCert Global Root CA, OU=www.digicert.com, O=DigiCert Inc, C=US, Key type:RSA, Length:2048, Cert Id:128597027, Valid from:9/23/20, 9:00 PM, Valid until:9/23/30, 8:59 PM
2025-05-05T22:27:01.741-04:00 DEBUG 41640 --- [week3d] [           main] jdk.event.security                       : X509Certificate: Alg:SHA1withRSA, Serial:08:3b:e0:56:90:42:46:b1:a1:75:6a:c9:59:91:c7:4a, Subject:CN=DigiCert Global Root CA, OU=www.digicert.com, O=DigiCert Inc, C=US, Issuer:CN=DigiCert Global Root CA, OU=www.digicert.com, O=DigiCert Inc, C=US, Key type:RSA, Length:2048, Cert Id:1341898239, Valid from:11/9/06, 9:00 PM, Valid until:11/9/31, 9:00 PM
2025-05-05T22:27:01.746-04:00 DEBUG 41640 --- [week3d] [           main] jdk.event.security                       : X509Certificate: Alg:SHA256withRSA, Serial:00:e0:e2:96:9e:3a:1b:fc:99:09:cb:6c:14:45:25:6a:f1, Subject:C=US, ST=California, L=Redwood Shores, O=Oracle Corporation Autonomous Database Global Self-signed CA, CN=Autonomous Database CA, Issuer:C=US, ST=California, L=Redwood Shores, O=Oracle Corporation Autonomous Database Global Self-signed CA, CN=Autonomous Database CA, Key type:RSA, Length:2048, Cert Id:2439676835, Valid from:7/1/21, 11:14 PM, Valid until:6/26/41, 11:14 PM
2025-05-05T22:27:01.747-04:00 DEBUG 41640 --- [week3d] [           main] jdk.event.security                       : X509Certificate: Alg:SHA1withRSA, Serial:08:3b:e0:56:90:42:46:b1:a1:75:6a:c9:59:91:c7:4a, Subject:CN=DigiCert Global Root CA, OU=www.digicert.com, O=DigiCert Inc, C=US, Issuer:CN=DigiCert Global Root CA, OU=www.digicert.com, O=DigiCert Inc, C=US, Key type:RSA, Length:2048, Cert Id:1341898239, Valid from:11/9/06, 9:00 PM, Valid until:11/9/31, 9:00 PM
2025-05-05T22:27:01.754-04:00 DEBUG 41640 --- [week3d] [           main] jdk.event.security                       : ValidationChain: 1341898239, 128597027, 3580545443
2025-05-05T22:27:01.755-04:00 DEBUG 41640 --- [week3d] [           main] jdk.event.security                       : X509Certificate: Alg:SHA1withRSA, Serial:08:3b:e0:56:90:42:46:b1:a1:75:6a:c9:59:91:c7:4a, Subject:CN=DigiCert Global Root CA, OU=www.digicert.com, O=DigiCert Inc, C=US, Issuer:CN=DigiCert Global Root CA, OU=www.digicert.com, O=DigiCert Inc, C=US, Key type:RSA, Length:2048, Cert Id:1341898239, Valid from:11/9/06, 9:00 PM, Valid until:11/9/31, 9:00 PM
2025-05-05T22:27:01.789-04:00 DEBUG 41640 --- [week3d] [           main] jdk.event.security                       :  TLSHandshake: adb.sa-santiago-1.oraclecloud.com:1522, TLSv1.2, TLS_RSA_WITH_AES_256_GCM_SHA384, 3580545443
2025-05-05T22:27:01.809-04:00 DEBUG 41640 --- [week3d] [           main] jdk.event.security                       : X509Certificate: Alg:SHA256withRSA, Serial:0e:53:5a:9b:ac:d4:b9:00:33:9c:4e:0d:7e:87:e7:12, Subject:CN=adb.sa-santiago-1.oraclecloud.com, O=Oracle Corporation, L=Redwood City, ST=California, C=US, Issuer:CN=DigiCert TLS RSA SHA256 2020 CA1, O=DigiCert Inc, C=US, Key type:RSA, Length:2048, Cert Id:3580545443, Valid from:10/28/24, 9:00 PM, Valid until:11/19/25, 8:59 PM
2025-05-05T22:27:01.809-04:00 DEBUG 41640 --- [week3d] [           main] jdk.event.security                       : X509Certificate: Alg:SHA256withRSA, Serial:0a:35:08:d5:5c:29:2b:01:7d:f8:ad:65:c0:0f:f7:e4, Subject:CN=DigiCert TLS RSA SHA256 2020 CA1, O=DigiCert Inc, C=US, Issuer:CN=DigiCert Global Root CA, OU=www.digicert.com, O=DigiCert Inc, C=US, Key type:RSA, Length:2048, Cert Id:128597027, Valid from:9/23/20, 9:00 PM, Valid until:9/23/30, 8:59 PM
2025-05-05T22:27:01.809-04:00 DEBUG 41640 --- [week3d] [           main] jdk.event.security                       : X509Certificate: Alg:SHA1withRSA, Serial:08:3b:e0:56:90:42:46:b1:a1:75:6a:c9:59:91:c7:4a, Subject:CN=DigiCert Global Root CA, OU=www.digicert.com, O=DigiCert Inc, C=US, Issuer:CN=DigiCert Global Root CA, OU=www.digicert.com, O=DigiCert Inc, C=US, Key type:RSA, Length:2048, Cert Id:1341898239, Valid from:11/9/06, 9:00 PM, Valid until:11/9/31, 9:00 PM
2025-05-05T22:27:01.810-04:00 DEBUG 41640 --- [week3d] [           main] jdk.event.security                       : X509Certificate: Alg:SHA256withRSA, Serial:00:e0:e2:96:9e:3a:1b:fc:99:09:cb:6c:14:45:25:6a:f1, Subject:C=US, ST=California, L=Redwood Shores, O=Oracle Corporation Autonomous Database Global Self-signed CA, CN=Autonomous Database CA, Issuer:C=US, ST=California, L=Redwood Shores, O=Oracle Corporation Autonomous Database Global Self-signed CA, CN=Autonomous Database CA, Key type:RSA, Length:2048, Cert Id:2439676835, Valid from:7/1/21, 11:14 PM, Valid until:6/26/41, 11:14 PM
2025-05-05T22:27:01.810-04:00 DEBUG 41640 --- [week3d] [           main] jdk.event.security                       : X509Certificate: Alg:SHA1withRSA, Serial:08:3b:e0:56:90:42:46:b1:a1:75:6a:c9:59:91:c7:4a, Subject:CN=DigiCert Global Root CA, OU=www.digicert.com, O=DigiCert Inc, C=US, Issuer:CN=DigiCert Global Root CA, OU=www.digicert.com, O=DigiCert Inc, C=US, Key type:RSA, Length:2048, Cert Id:1341898239, Valid from:11/9/06, 9:00 PM, Valid until:11/9/31, 9:00 PM
2025-05-05T22:27:01.811-04:00 DEBUG 41640 --- [week3d] [           main] jdk.event.security                       : ValidationChain: 1341898239, 128597027, 3580545443
2025-05-05T22:27:01.811-04:00 DEBUG 41640 --- [week3d] [           main] jdk.event.security                       : X509Certificate: Alg:SHA1withRSA, Serial:08:3b:e0:56:90:42:46:b1:a1:75:6a:c9:59:91:c7:4a, Subject:CN=DigiCert Global Root CA, OU=www.digicert.com, O=DigiCert Inc, C=US, Issuer:CN=DigiCert Global Root CA, OU=www.digicert.com, O=DigiCert Inc, C=US, Key type:RSA, Length:2048, Cert Id:1341898239, Valid from:11/9/06, 9:00 PM, Valid until:11/9/31, 9:00 PM
2025-05-05T22:27:01.828-04:00 DEBUG 41640 --- [week3d] [           main] jdk.event.security                       :  TLSHandshake: adb.sa-santiago-1.oraclecloud.com:1522, TLSv1.2, TLS_RSA_WITH_AES_256_GCM_SHA384, 3580545443
2025-05-05T22:27:02.067-04:00  INFO 41640 --- [week3d] [           main] com.zaxxer.hikari.pool.HikariPool        : HikariPool-1 - Added connection oracle.jdbc.driver.T4CConnection@52621501
2025-05-05T22:27:02.068-04:00  INFO 41640 --- [week3d] [           main] com.zaxxer.hikari.HikariDataSource       : HikariPool-1 - Start completed.
2025-05-05T22:27:02.081-04:00 DEBUG 41640 --- [week3d] [           main] o.h.e.j.e.i.JdbcEnvironmentInitiator     : Database ->
	   name : Oracle
	version : Oracle Database 19c Enterprise Edition Release 19.0.0.0.0 - Production
Version 19.27.0.1.0
	  major : 19
	  minor : 27
2025-05-05T22:27:02.081-04:00 DEBUG 41640 --- [week3d] [           main] o.h.e.j.e.i.JdbcEnvironmentInitiator     : Driver ->
	   name : Oracle JDBC driver
	version : 23.5.0.24.07
	  major : 23
	  minor : 5
2025-05-05T22:27:02.081-04:00 DEBUG 41640 --- [week3d] [           main] o.h.e.j.e.i.JdbcEnvironmentInitiator     : JDBC version : 4.3
2025-05-05T22:27:02.173-04:00 DEBUG 41640 --- [week3d] [l-1 housekeeper] com.zaxxer.hikari.pool.HikariPool        : HikariPool-1 - Pool stats (total=1, active=1, idle=0, waiting=0)
2025-05-05T22:27:02.224-04:00  WARN 41640 --- [week3d] [           main] org.hibernate.orm.deprecation            : HHH90000025: OracleDialect does not need to be specified explicitly using 'hibernate.dialect' (remove the property setting and it will be selected by default)
2025-05-05T22:27:02.225-04:00 DEBUG 41640 --- [week3d] [           main] org.hibernate.orm.dialect                : HHH035001: Using dialect: org.hibernate.dialect.OracleDialect, version: 19.27
2025-05-05T22:27:02.269-04:00 DEBUG 41640 --- [week3d] [onnection adder] jdk.event.security                       : X509Certificate: Alg:SHA256withRSA, Serial:0e:53:5a:9b:ac:d4:b9:00:33:9c:4e:0d:7e:87:e7:12, Subject:CN=adb.sa-santiago-1.oraclecloud.com, O=Oracle Corporation, L=Redwood City, ST=California, C=US, Issuer:CN=DigiCert TLS RSA SHA256 2020 CA1, O=DigiCert Inc, C=US, Key type:RSA, Length:2048, Cert Id:3580545443, Valid from:10/28/24, 9:00 PM, Valid until:11/19/25, 8:59 PM
2025-05-05T22:27:02.269-04:00 DEBUG 41640 --- [week3d] [onnection adder] jdk.event.security                       : X509Certificate: Alg:SHA256withRSA, Serial:0a:35:08:d5:5c:29:2b:01:7d:f8:ad:65:c0:0f:f7:e4, Subject:CN=DigiCert TLS RSA SHA256 2020 CA1, O=DigiCert Inc, C=US, Issuer:CN=DigiCert Global Root CA, OU=www.digicert.com, O=DigiCert Inc, C=US, Key type:RSA, Length:2048, Cert Id:128597027, Valid from:9/23/20, 9:00 PM, Valid until:9/23/30, 8:59 PM
2025-05-05T22:27:02.269-04:00 DEBUG 41640 --- [week3d] [onnection adder] jdk.event.security                       : X509Certificate: Alg:SHA1withRSA, Serial:08:3b:e0:56:90:42:46:b1:a1:75:6a:c9:59:91:c7:4a, Subject:CN=DigiCert Global Root CA, OU=www.digicert.com, O=DigiCert Inc, C=US, Issuer:CN=DigiCert Global Root CA, OU=www.digicert.com, O=DigiCert Inc, C=US, Key type:RSA, Length:2048, Cert Id:1341898239, Valid from:11/9/06, 9:00 PM, Valid until:11/9/31, 9:00 PM
2025-05-05T22:27:02.270-04:00 DEBUG 41640 --- [week3d] [onnection adder] jdk.event.security                       : X509Certificate: Alg:SHA1withRSA, Serial:08:3b:e0:56:90:42:46:b1:a1:75:6a:c9:59:91:c7:4a, Subject:CN=DigiCert Global Root CA, OU=www.digicert.com, O=DigiCert Inc, C=US, Issuer:CN=DigiCert Global Root CA, OU=www.digicert.com, O=DigiCert Inc, C=US, Key type:RSA, Length:2048, Cert Id:1341898239, Valid from:11/9/06, 9:00 PM, Valid until:11/9/31, 9:00 PM
2025-05-05T22:27:02.270-04:00 DEBUG 41640 --- [week3d] [onnection adder] jdk.event.security                       : ValidationChain: 1341898239, 128597027, 3580545443
2025-05-05T22:27:02.271-04:00 DEBUG 41640 --- [week3d] [onnection adder] jdk.event.security                       : X509Certificate: Alg:SHA1withRSA, Serial:08:3b:e0:56:90:42:46:b1:a1:75:6a:c9:59:91:c7:4a, Subject:CN=DigiCert Global Root CA, OU=www.digicert.com, O=DigiCert Inc, C=US, Issuer:CN=DigiCert Global Root CA, OU=www.digicert.com, O=DigiCert Inc, C=US, Key type:RSA, Length:2048, Cert Id:1341898239, Valid from:11/9/06, 9:00 PM, Valid until:11/9/31, 9:00 PM
2025-05-05T22:27:02.290-04:00  INFO 41640 --- [week3d] [           main] org.hibernate.orm.connections.pooling    : HHH10001005: Database info:
	Database JDBC URL [Connecting through datasource 'HikariDataSource (HikariPool-1)']
	Database driver: undefined/unknown
	Database version: 19.27
	Autocommit mode: undefined/unknown
	Isolation level: undefined/unknown
	Minimum pool size: undefined/unknown
	Maximum pool size: undefined/unknown
2025-05-05T22:27:02.293-04:00 DEBUG 41640 --- [week3d] [onnection adder] jdk.event.security                       :  TLSHandshake: adb.sa-santiago-1.oraclecloud.com:1522, TLSv1.2, TLS_RSA_WITH_AES_256_GCM_SHA384, 3580545443
2025-05-05T22:27:02.295-04:00 DEBUG 41640 --- [week3d] [           main] o.h.t.d.jdbc.spi.JdbcTypeRegistry        : addDescriptor(NCharTypeDescriptor) replaced previous registration(CharTypeDescriptor)
2025-05-05T22:27:02.295-04:00 DEBUG 41640 --- [week3d] [           main] o.h.t.d.jdbc.spi.JdbcTypeRegistry        : addDescriptor(NVarcharTypeDescriptor) replaced previous registration(VarcharTypeDescriptor)
2025-05-05T22:27:02.295-04:00 DEBUG 41640 --- [week3d] [           main] o.h.t.d.jdbc.spi.JdbcTypeRegistry        : addDescriptor(LongNVarcharTypeDescriptor) replaced previous registration(LongVarcharTypeDescriptor)
2025-05-05T22:27:02.296-04:00 DEBUG 41640 --- [week3d] [           main] o.h.t.d.jdbc.spi.JdbcTypeRegistry        : addDescriptor(NClobTypeDescriptor(DEFAULT)) replaced previous registration(ClobTypeDescriptor(DEFAULT))
2025-05-05T22:27:02.297-04:00 DEBUG 41640 --- [week3d] [           main] o.h.t.d.jdbc.spi.JdbcTypeRegistry        : addDescriptor(BooleanTypeDescriptor) replaced previous registration(BooleanTypeDescriptor)
2025-05-05T22:27:02.303-04:00 DEBUG 41640 --- [week3d] [           main] org.hibernate.type.BasicTypeRegistry     : Adding type registration null -> org.hibernate.type.NullType@702cfbde
2025-05-05T22:27:02.303-04:00 DEBUG 41640 --- [week3d] [           main] org.hibernate.type.BasicTypeRegistry     : Type registration key [null] overrode previous entry : `org.hibernate.type.NullType@7e1ffe70`
2025-05-05T22:27:02.303-04:00 DEBUG 41640 --- [week3d] [           main] org.hibernate.type.BasicTypeRegistry     : Adding type registration JAVA_OBJECT -> org.hibernate.type.JavaObjectType@29bd2796
2025-05-05T22:27:02.303-04:00 DEBUG 41640 --- [week3d] [           main] org.hibernate.type.BasicTypeRegistry     : Adding type registration java.lang.Object -> org.hibernate.type.JavaObjectType@29bd2796
2025-05-05T22:27:02.303-04:00 DEBUG 41640 --- [week3d] [           main] org.hibernate.type.BasicTypeRegistry     : Type registration key [java.lang.Object] overrode previous entry : `org.hibernate.type.JavaObjectType@306c7bf6`
2025-05-05T22:27:02.305-04:00 DEBUG 41640 --- [week3d] [onnection adder] jdk.event.security                       : X509Certificate: Alg:SHA256withRSA, Serial:0e:53:5a:9b:ac:d4:b9:00:33:9c:4e:0d:7e:87:e7:12, Subject:CN=adb.sa-santiago-1.oraclecloud.com, O=Oracle Corporation, L=Redwood City, ST=California, C=US, Issuer:CN=DigiCert TLS RSA SHA256 2020 CA1, O=DigiCert Inc, C=US, Key type:RSA, Length:2048, Cert Id:3580545443, Valid from:10/28/24, 9:00 PM, Valid until:11/19/25, 8:59 PM
2025-05-05T22:27:02.305-04:00 DEBUG 41640 --- [week3d] [onnection adder] jdk.event.security                       : X509Certificate: Alg:SHA256withRSA, Serial:0a:35:08:d5:5c:29:2b:01:7d:f8:ad:65:c0:0f:f7:e4, Subject:CN=DigiCert TLS RSA SHA256 2020 CA1, O=DigiCert Inc, C=US, Issuer:CN=DigiCert Global Root CA, OU=www.digicert.com, O=DigiCert Inc, C=US, Key type:RSA, Length:2048, Cert Id:128597027, Valid from:9/23/20, 9:00 PM, Valid until:9/23/30, 8:59 PM
2025-05-05T22:27:02.305-04:00 DEBUG 41640 --- [week3d] [           main] org.hibernate.type.BasicTypeRegistry     : Adding type registration org.hibernate.type.DurationType -> basicType@1(java.time.Duration,3015)
2025-05-05T22:27:02.305-04:00 DEBUG 41640 --- [week3d] [           main] org.hibernate.type.BasicTypeRegistry     : Adding type registration Duration -> basicType@1(java.time.Duration,3015)
2025-05-05T22:27:02.305-04:00 DEBUG 41640 --- [week3d] [           main] org.hibernate.type.BasicTypeRegistry     : Adding type registration java.time.Duration -> basicType@1(java.time.Duration,3015)
2025-05-05T22:27:02.305-04:00 DEBUG 41640 --- [week3d] [onnection adder] jdk.event.security                       : X509Certificate: Alg:SHA1withRSA, Serial:08:3b:e0:56:90:42:46:b1:a1:75:6a:c9:59:91:c7:4a, Subject:CN=DigiCert Global Root CA, OU=www.digicert.com, O=DigiCert Inc, C=US, Issuer:CN=DigiCert Global Root CA, OU=www.digicert.com, O=DigiCert Inc, C=US, Key type:RSA, Length:2048, Cert Id:1341898239, Valid from:11/9/06, 9:00 PM, Valid until:11/9/31, 9:00 PM
2025-05-05T22:27:02.306-04:00 DEBUG 41640 --- [week3d] [onnection adder] jdk.event.security                       : X509Certificate: Alg:SHA1withRSA, Serial:08:3b:e0:56:90:42:46:b1:a1:75:6a:c9:59:91:c7:4a, Subject:CN=DigiCert Global Root CA, OU=www.digicert.com, O=DigiCert Inc, C=US, Issuer:CN=DigiCert Global Root CA, OU=www.digicert.com, O=DigiCert Inc, C=US, Key type:RSA, Length:2048, Cert Id:1341898239, Valid from:11/9/06, 9:00 PM, Valid until:11/9/31, 9:00 PM
2025-05-05T22:27:02.306-04:00 DEBUG 41640 --- [week3d] [onnection adder] jdk.event.security                       : ValidationChain: 1341898239, 128597027, 3580545443
2025-05-05T22:27:02.306-04:00 DEBUG 41640 --- [week3d] [onnection adder] jdk.event.security                       : X509Certificate: Alg:SHA1withRSA, Serial:08:3b:e0:56:90:42:46:b1:a1:75:6a:c9:59:91:c7:4a, Subject:CN=DigiCert Global Root CA, OU=www.digicert.com, O=DigiCert Inc, C=US, Issuer:CN=DigiCert Global Root CA, OU=www.digicert.com, O=DigiCert Inc, C=US, Key type:RSA, Length:2048, Cert Id:1341898239, Valid from:11/9/06, 9:00 PM, Valid until:11/9/31, 9:00 PM
2025-05-05T22:27:02.306-04:00 DEBUG 41640 --- [week3d] [           main] o.h.type.spi.TypeConfiguration$Scope     : Scoping TypeConfiguration [org.hibernate.type.spi.TypeConfiguration@29532e91] to MetadataBuildingContext [org.hibernate.boot.internal.MetadataBuildingContextRootImpl@7e691624]
2025-05-05T22:27:02.323-04:00 DEBUG 41640 --- [week3d] [onnection adder] jdk.event.security                       :  TLSHandshake: adb.sa-santiago-1.oraclecloud.com:1522, TLSv1.2, TLS_RSA_WITH_AES_256_GCM_SHA384, 3580545443
2025-05-05T22:27:02.327-04:00 DEBUG 41640 --- [week3d] [           main] o.h.boot.model.relational.Namespace      : Created database namespace [logicalName=Name{catalog=null, schema=null}, physicalName=Name{catalog=null, schema=null}]
2025-05-05T22:27:02.340-04:00 DEBUG 41640 --- [week3d] [           main] o.h.boot.model.internal.EntityBinder     : Binding entity from annotated class: com.duoc.week3d.model.Shipment
2025-05-05T22:27:02.343-04:00 DEBUG 41640 --- [week3d] [           main] o.h.boot.model.internal.EntityBinder     : Import with entity name Shipment
2025-05-05T22:27:02.346-04:00 DEBUG 41640 --- [week3d] [           main] o.h.boot.model.internal.EntityBinder     : Bind entity com.duoc.week3d.model.Shipment on table shipment
2025-05-05T22:27:02.352-04:00 DEBUG 41640 --- [week3d] [           main] o.h.boot.model.internal.AnnotatedColumn  : Binding column: AnnotatedDiscriminatorColumn(column='DTYPE')
2025-05-05T22:27:02.363-04:00 DEBUG 41640 --- [week3d] [           main] o.h.boot.model.internal.AnnotatedColumn  : Binding column: AnnotatedColumn()
2025-05-05T22:27:02.363-04:00 DEBUG 41640 --- [week3d] [           main] o.h.boot.internal.ClassLoaderAccessImpl  : Not known whether passed class name [com.duoc.week3d.model.Shipment] is safe
2025-05-05T22:27:02.363-04:00 DEBUG 41640 --- [week3d] [           main] o.h.boot.internal.ClassLoaderAccessImpl  : No temp ClassLoader provided; using live ClassLoader for loading potentially unsafe class : com.duoc.week3d.model.Shipment
2025-05-05T22:27:02.365-04:00 DEBUG 41640 --- [week3d] [           main] o.h.boot.model.internal.PropertyBinder   : MetadataSourceProcessor property id with lazy=false
2025-05-05T22:27:02.367-04:00 DEBUG 41640 --- [week3d] [           main] o.h.b.m.internal.AbstractPropertyHolder  : Attempting to locate auto-apply AttributeConverter for property [com.duoc.week3d.model.Shipment:id]
2025-05-05T22:27:02.368-04:00 DEBUG 41640 --- [week3d] [           main] o.h.b.model.internal.BasicValueBinder    : building BasicValue for id
[...]
	at org.junit.platform.engine.support.hierarchical.ThrowableCollector.execute(ThrowableCollector.java:73) ~[junit-platform-engine-1.11.4.jar:1.11.4]
	at org.junit.platform.engine.support.hierarchical.NodeTestTask.lambda$executeRecursively$8(NodeTestTask.java:146) ~[junit-platform-engine-1.11.4.jar:1.11.4]
	at org.junit.platform.engine.support.hierarchical.Node.around(Node.java:137) ~[junit-platform-engine-1.11.4.jar:1.11.4]
	at org.junit.platform.engine.support.hierarchical.NodeTestTask.lambda$executeRecursively$9(NodeTestTask.java:144) ~[junit-platform-engine-1.11.4.jar:1.11.4]
	at org.junit.platform.engine.support.hierarchical.ThrowableCollector.execute(ThrowableCollector.java:73) ~[junit-platform-engine-1.11.4.jar:1.11.4]
	at org.junit.platform.engine.support.hierarchical.NodeTestTask.executeRecursively(NodeTestTask.java:143) ~[junit-platform-engine-1.11.4.jar:1.11.4]
	at org.junit.platform.engine.support.hierarchical.NodeTestTask.execute(NodeTestTask.java:100) ~[junit-platform-engine-1.11.4.jar:1.11.4]
	at org.junit.platform.engine.support.hierarchical.SameThreadHierarchicalTestExecutorService.submit(SameThreadHierarchicalTestExecutorService.java:35) ~[junit-platform-engine-1.11.4.jar:1.11.4]
	at org.junit.platform.engine.support.hierarchical.HierarchicalTestExecutor.execute(HierarchicalTestExecutor.java:57) ~[junit-platform-engine-1.11.4.jar:1.11.4]
	at org.junit.platform.engine.support.hierarchical.HierarchicalTestEngine.execute(HierarchicalTestEngine.java:54) ~[junit-platform-engine-1.11.4.jar:1.11.4]
	at org.junit.platform.launcher.core.EngineExecutionOrchestrator.execute(EngineExecutionOrchestrator.java:198) ~[junit-platform-launcher-1.11.4.jar:1.11.4]
	at org.junit.platform.launcher.core.EngineExecutionOrchestrator.execute(EngineExecutionOrchestrator.java:169) ~[junit-platform-launcher-1.11.4.jar:1.11.4]
	at org.junit.platform.launcher.core.EngineExecutionOrchestrator.execute(EngineExecutionOrchestrator.java:93) ~[junit-platform-launcher-1.11.4.jar:1.11.4]
	at org.junit.platform.launcher.core.EngineExecutionOrchestrator.lambda$execute$0(EngineExecutionOrchestrator.java:58) ~[junit-platform-launcher-1.11.4.jar:1.11.4]
	at org.junit.platform.launcher.core.EngineExecutionOrchestrator.withInterceptedStreams(EngineExecutionOrchestrator.java:141) ~[junit-platform-launcher-1.11.4.jar:1.11.4]
	at org.junit.platform.launcher.core.EngineExecutionOrchestrator.execute(EngineExecutionOrchestrator.java:57) ~[junit-platform-launcher-1.11.4.jar:1.11.4]
	at org.junit.platform.launcher.core.DefaultLauncher.execute(DefaultLauncher.java:103) ~[junit-platform-launcher-1.11.4.jar:1.11.4]
	at org.junit.platform.launcher.core.DefaultLauncher.execute(DefaultLauncher.java:85) ~[junit-platform-launcher-1.11.4.jar:1.11.4]
	at org.junit.platform.launcher.core.DelegatingLauncher.execute(DelegatingLauncher.java:47) ~[junit-platform-launcher-1.11.4.jar:1.11.4]
	at org.apache.maven.surefire.junitplatform.LazyLauncher.execute(LazyLauncher.java:56) ~[surefire-junit-platform-3.5.2.jar:3.5.2]
	at org.apache.maven.surefire.junitplatform.JUnitPlatformProvider.execute(JUnitPlatformProvider.java:184) ~[surefire-junit-platform-3.5.2.jar:3.5.2]
	at org.apache.maven.surefire.junitplatform.JUnitPlatformProvider.invokeAllTests(JUnitPlatformProvider.java:148) ~[surefire-junit-platform-3.5.2.jar:3.5.2]
	at org.apache.maven.surefire.junitplatform.JUnitPlatformProvider.invoke(JUnitPlatformProvider.java:122) ~[surefire-junit-platform-3.5.2.jar:3.5.2]
	at org.apache.maven.surefire.booter.ForkedBooter.runSuitesInProcess(ForkedBooter.java:385) ~[surefire-booter-3.5.2.jar:3.5.2]
	at org.apache.maven.surefire.booter.ForkedBooter.execute(ForkedBooter.java:162) ~[surefire-booter-3.5.2.jar:3.5.2]
	at org.apache.maven.surefire.booter.ForkedBooter.run(ForkedBooter.java:507) ~[surefire-booter-3.5.2.jar:3.5.2]
	at org.apache.maven.surefire.booter.ForkedBooter.main(ForkedBooter.java:495) ~[surefire-booter-3.5.2.jar:3.5.2]

2025-05-05T22:27:03.792-04:00 DEBUG 41640 --- [week3d] [onnection adder] jdk.event.security                       :  TLSHandshake: adb.sa-santiago-1.oraclecloud.com:1522, TLSv1.2, TLS_RSA_WITH_AES_256_GCM_SHA384, 3580545443
2025-05-05T22:27:03.820-04:00 DEBUG 41640 --- [week3d] [onnection adder] jdk.event.security                       : X509Certificate: Alg:SHA256withRSA, Serial:0e:53:5a:9b:ac:d4:b9:00:33:9c:4e:0d:7e:87:e7:12, Subject:CN=adb.sa-santiago-1.oraclecloud.com, O=Oracle Corporation, L=Redwood City, ST=California, C=US, Issuer:CN=DigiCert TLS RSA SHA256 2020 CA1, O=DigiCert Inc, C=US, Key type:RSA, Length:2048, Cert Id:3580545443, Valid from:10/28/24, 9:00 PM, Valid until:11/19/25, 8:59 PM
2025-05-05T22:27:03.820-04:00 DEBUG 41640 --- [week3d] [onnection adder] jdk.event.security                       : X509Certificate: Alg:SHA256withRSA, Serial:0a:35:08:d5:5c:29:2b:01:7d:f8:ad:65:c0:0f:f7:e4, Subject:CN=DigiCert TLS RSA SHA256 2020 CA1, O=DigiCert Inc, C=US, Issuer:CN=DigiCert Global Root CA, OU=www.digicert.com, O=DigiCert Inc, C=US, Key type:RSA, Length:2048, Cert Id:128597027, Valid from:9/23/20, 9:00 PM, Valid until:9/23/30, 8:59 PM
2025-05-05T22:27:03.820-04:00 DEBUG 41640 --- [week3d] [onnection adder] jdk.event.security                       : X509Certificate: Alg:SHA1withRSA, Serial:08:3b:e0:56:90:42:46:b1:a1:75:6a:c9:59:91:c7:4a, Subject:CN=DigiCert Global Root CA, OU=www.digicert.com, O=DigiCert Inc, C=US, Issuer:CN=DigiCert Global Root CA, OU=www.digicert.com, O=DigiCert Inc, C=US, Key type:RSA, Length:2048, Cert Id:1341898239, Valid from:11/9/06, 9:00 PM, Valid until:11/9/31, 9:00 PM
2025-05-05T22:27:03.820-04:00 DEBUG 41640 --- [week3d] [onnection adder] jdk.event.security                       : X509Certificate: Alg:SHA256withRSA, Serial:00:e0:e2:96:9e:3a:1b:fc:99:09:cb:6c:14:45:25:6a:f1, Subject:C=US, ST=California, L=Redwood Shores, O=Oracle Corporation Autonomous Database Global Self-signed CA, CN=Autonomous Database CA, Issuer:C=US, ST=California, L=Redwood Shores, O=Oracle Corporation Autonomous Database Global Self-signed CA, CN=Autonomous Database CA, Key type:RSA, Length:2048, Cert Id:2439676835, Valid from:7/1/21, 11:14 PM, Valid until:6/26/41, 11:14 PM
2025-05-05T22:27:03.821-04:00 DEBUG 41640 --- [week3d] [onnection adder] jdk.event.security                       : X509Certificate: Alg:SHA256withRSA, Serial:00, Subject:CN=CE1EBE1A8995441E8C557925BE78B937, DNQ=V1, Issuer:C=US, ST=California, L=Redwood Shores, O=Oracle Corporation Autonomous Database Global Self-signed CA, CN=Autonomous Database CA, Key type:RSA, Length:2048, Cert Id:2900283042, Valid from:3/16/25, 6:29 PM, Valid until:3/15/30, 6:29 PM
2025-05-05T22:27:03.821-04:00 DEBUG 41640 --- [week3d] [onnection adder] jdk.event.security                       : X509Certificate: Alg:SHA1withRSA, Serial:08:3b:e0:56:90:42:46:b1:a1:75:6a:c9:59:91:c7:4a, Subject:CN=DigiCert Global Root CA, OU=www.digicert.com, O=DigiCert Inc, C=US, Issuer:CN=DigiCert Global Root CA, OU=www.digicert.com, O=DigiCert Inc, C=US, Key type:RSA, Length:2048, Cert Id:1341898239, Valid from:11/9/06, 9:00 PM, Valid until:11/9/31, 9:00 PM
2025-05-05T22:27:03.821-04:00 DEBUG 41640 --- [week3d] [onnection adder] jdk.event.security                       : ValidationChain: 1341898239, 128597027, 3580545443
2025-05-05T22:27:03.821-04:00 DEBUG 41640 --- [week3d] [onnection adder] jdk.event.security                       : X509Certificate: Alg:SHA1withRSA, Serial:08:3b:e0:56:90:42:46:b1:a1:75:6a:c9:59:91:c7:4a, Subject:CN=DigiCert Global Root CA, OU=www.digicert.com, O=DigiCert Inc, C=US, Issuer:CN=DigiCert Global Root CA, OU=www.digicert.com, O=DigiCert Inc, C=US, Key type:RSA, Length:2048, Cert Id:1341898239, Valid from:11/9/06, 9:00 PM, Valid until:11/9/31, 9:00 PM
2025-05-05T22:27:03.835-04:00 DEBUG 41640 --- [week3d] [onnection adder] jdk.event.security                       :  TLSHandshake: adb.sa-santiago-1.oraclecloud.com:1522, TLSv1.2, TLS_RSA_WITH_AES_256_GCM_SHA384, 3580545443
2025-05-05T22:27:03.933-04:00 DEBUG 41640 --- [week3d] [onnection adder] com.zaxxer.hikari.pool.HikariPool        : HikariPool-1 - Added connection oracle.jdbc.driver.T4CConnection@3cfc9111
2025-05-05T22:27:03.964-04:00 DEBUG 41640 --- [week3d] [onnection adder] com.zaxxer.hikari.pool.HikariPool        : HikariPool-1 - After adding stats (total=8, active=1, idle=7, waiting=0)
2025-05-05T22:27:04.004-04:00 DEBUG 41640 --- [week3d] [onnection adder] jdk.event.security                       : X509Certificate: Alg:SHA256withRSA, Serial:0e:53:5a:9b:ac:d4:b9:00:33:9c:4e:0d:7e:87:e7:12, Subject:CN=adb.sa-santiago-1.oraclecloud.com, O=Oracle Corporation, L=Redwood City, ST=California, C=US, Issuer:CN=DigiCert TLS RSA SHA256 2020 CA1, O=DigiCert Inc, C=US, Key type:RSA, Length:2048, Cert Id:3580545443, Valid from:10/28/24, 9:00 PM, Valid until:11/19/25, 8:59 PM
2025-05-05T22:27:04.005-04:00 DEBUG 41640 --- [week3d] [onnection adder] jdk.event.security                       : X509Certificate: Alg:SHA256withRSA, Serial:0a:35:08:d5:5c:29:2b:01:7d:f8:ad:65:c0:0f:f7:e4, Subject:CN=DigiCert TLS RSA SHA256 2020 CA1, O=DigiCert Inc, C=US, Issuer:CN=DigiCert Global Root CA, OU=www.digicert.com, O=DigiCert Inc, C=US, Key type:RSA, Length:2048, Cert Id:128597027, Valid from:9/23/20, 9:00 PM, Valid until:9/23/30, 8:59 PM
2025-05-05T22:27:04.005-04:00 DEBUG 41640 --- [week3d] [onnection adder] jdk.event.security                       : X509Certificate: Alg:SHA1withRSA, Serial:08:3b:e0:56:90:42:46:b1:a1:75:6a:c9:59:91:c7:4a, Subject:CN=DigiCert Global Root CA, OU=www.digicert.com, O=DigiCert Inc, C=US, Issuer:CN=DigiCert Global Root CA, OU=www.digicert.com, O=DigiCert Inc, C=US, Key type:RSA, Length:2048, Cert Id:1341898239, Valid from:11/9/06, 9:00 PM, Valid until:11/9/31, 9:00 PM
2025-05-05T22:27:04.005-04:00 DEBUG 41640 --- [week3d] [onnection adder] jdk.event.security                       : X509Certificate: Alg:SHA1withRSA, Serial:08:3b:e0:56:90:42:46:b1:a1:75:6a:c9:59:91:c7:4a, Subject:CN=DigiCert Global Root CA, OU=www.digicert.com, O=DigiCert Inc, C=US, Issuer:CN=DigiCert Global Root CA, OU=www.digicert.com, O=DigiCert Inc, C=US, Key type:RSA, Length:2048, Cert Id:1341898239, Valid from:11/9/06, 9:00 PM, Valid until:11/9/31, 9:00 PM
2025-05-05T22:27:04.006-04:00 DEBUG 41640 --- [week3d] [onnection adder] jdk.event.security                       : ValidationChain: 1341898239, 128597027, 3580545443
2025-05-05T22:27:04.006-04:00 DEBUG 41640 --- [week3d] [onnection adder] jdk.event.security                       : X509Certificate: Alg:SHA1withRSA, Serial:08:3b:e0:56:90:42:46:b1:a1:75:6a:c9:59:91:c7:4a, Subject:CN=DigiCert Global Root CA, OU=www.digicert.com, O=DigiCert Inc, C=US, Issuer:CN=DigiCert Global Root CA, OU=www.digicert.com, O=DigiCert Inc, C=US, Key type:RSA, Length:2048, Cert Id:1341898239, Valid from:11/9/06, 9:00 PM, Valid until:11/9/31, 9:00 PM
2025-05-05T22:27:04.026-04:00 DEBUG 41640 --- [week3d] [onnection adder] jdk.event.security                       :  TLSHandshake: adb.sa-santiago-1.oraclecloud.com:1522, TLSv1.2, TLS_RSA_WITH_AES_256_GCM_SHA384, 3580545443
2025-05-05T22:27:04.057-04:00 DEBUG 41640 --- [week3d] [onnection adder] jdk.event.security                       : X509Certificate: Alg:SHA256withRSA, Serial:0e:53:5a:9b:ac:d4:b9:00:33:9c:4e:0d:7e:87:e7:12, Subject:CN=adb.sa-santiago-1.oraclecloud.com, O=Oracle Corporation, L=Redwood City, ST=California, C=US, Issuer:CN=DigiCert TLS RSA SHA256 2020 CA1, O=DigiCert Inc, C=US, Key type:RSA, Length:2048, Cert Id:3580545443, Valid from:10/28/24, 9:00 PM, Valid until:11/19/25, 8:59 PM
2025-05-05T22:27:04.058-04:00 DEBUG 41640 --- [week3d] [onnection adder] jdk.event.security                       : X509Certificate: Alg:SHA256withRSA, Serial:0a:35:08:d5:5c:29:2b:01:7d:f8:ad:65:c0:0f:f7:e4, Subject:CN=DigiCert TLS RSA SHA256 2020 CA1, O=DigiCert Inc, C=US, Issuer:CN=DigiCert Global Root CA, OU=www.digicert.com, O=DigiCert Inc, C=US, Key type:RSA, Length:2048, Cert Id:128597027, Valid from:9/23/20, 9:00 PM, Valid until:9/23/30, 8:59 PM
2025-05-05T22:27:04.058-04:00 DEBUG 41640 --- [week3d] [onnection adder] jdk.event.security                       : X509Certificate: Alg:SHA1withRSA, Serial:08:3b:e0:56:90:42:46:b1:a1:75:6a:c9:59:91:c7:4a, Subject:CN=DigiCert Global Root CA, OU=www.digicert.com, O=DigiCert Inc, C=US, Issuer:CN=DigiCert Global Root CA, OU=www.digicert.com, O=DigiCert Inc, C=US, Key type:RSA, Length:2048, Cert Id:1341898239, Valid from:11/9/06, 9:00 PM, Valid until:11/9/31, 9:00 PM
2025-05-05T22:27:04.058-04:00 DEBUG 41640 --- [week3d] [onnection adder] jdk.event.security                       : X509Certificate: Alg:SHA1withRSA, Serial:08:3b:e0:56:90:42:46:b1:a1:75:6a:c9:59:91:c7:4a, Subject:CN=DigiCert Global Root CA, OU=www.digicert.com, O=DigiCert Inc, C=US, Issuer:CN=DigiCert Global Root CA, OU=www.digicert.com, O=DigiCert Inc, C=US, Key type:RSA, Length:2048, Cert Id:1341898239, Valid from:11/9/06, 9:00 PM, Valid until:11/9/31, 9:00 PM
2025-05-05T22:27:04.058-04:00 DEBUG 41640 --- [week3d] [onnection adder] jdk.event.security                       : ValidationChain: 1341898239, 128597027, 3580545443
2025-05-05T22:27:04.059-04:00 DEBUG 41640 --- [week3d] [onnection adder] jdk.event.security                       : X509Certificate: Alg:SHA1withRSA, Serial:08:3b:e0:56:90:42:46:b1:a1:75:6a:c9:59:91:c7:4a, Subject:CN=DigiCert Global Root CA, OU=www.digicert.com, O=DigiCert Inc, C=US, Issuer:CN=DigiCert Global Root CA, OU=www.digicert.com, O=DigiCert Inc, C=US, Key type:RSA, Length:2048, Cert Id:1341898239, Valid from:11/9/06, 9:00 PM, Valid until:11/9/31, 9:00 PM
2025-05-05T22:27:04.073-04:00 DEBUG 41640 --- [week3d] [onnection adder] jdk.event.security                       :  TLSHandshake: adb.sa-santiago-1.oraclecloud.com:1522, TLSv1.2, TLS_RSA_WITH_AES_256_GCM_SHA384, 3580545443
2025-05-05T22:27:04.104-04:00 DEBUG 41640 --- [week3d] [           main] org.springframework.test.context.cache   : Spring test ApplicationContext cache statistics: [DefaultContextCache@5319f536 size = 1, maxSize = 32, parentContextCount = 0, hitCount = 5, missCount = 1, failureCount = 0]
2025-05-05T22:27:04.105-04:00 DEBUG 41640 --- [week3d] [           main] org.springframework.test.context.cache   : Spring test ApplicationContext cache statistics: [DefaultContextCache@5319f536 size = 1, maxSize = 32, parentContextCount = 0, hitCount = 6, missCount = 1, failureCount = 0]
2025-05-05T22:27:04.110-04:00 DEBUG 41640 --- [week3d] [           main] o.s.orm.jpa.JpaTransactionManager        : Found thread-bound EntityManager [SessionImpl(1087227456<open>)] for JPA transaction
2025-05-05T22:27:04.110-04:00 DEBUG 41640 --- [week3d] [           main] o.s.orm.jpa.JpaTransactionManager        : Participating in existing transaction
2025-05-05T22:27:04.115-04:00 DEBUG 41640 --- [week3d] [           main] o.h.j.internal.PersistenceUnitUtilImpl   : jakarta.persistence.PersistenceUnitUtil.getIdentifier is only intended to work with enhanced entities (although Hibernate also adapts this support to its proxies); however the passed entity was not enhanced (nor a proxy).. may not be able to read identifier
2025-05-05T22:27:04.119-04:00 DEBUG 41640 --- [week3d] [           main] org.hibernate.SQL                        : select sq_shipment_id.nextval from dual
Hibernate: select sq_shipment_id.nextval from dual
2025-05-05T22:27:04.156-04:00 DEBUG 41640 --- [week3d] [           main] o.h.id.enhanced.SequenceStructure        : Sequence value obtained: 1
2025-05-05T22:27:04.156-04:00 DEBUG 41640 --- [week3d] [           main] o.h.e.i.AbstractSaveEventListener        : Generated identifier: 1, using strategy: org.hibernate.id.enhanced.SequenceStyleGenerator
2025-05-05T22:27:04.165-04:00 DEBUG 41640 --- [week3d] [           main] org.springframework.test.context.cache   : Spring test ApplicationContext cache statistics: [DefaultContextCache@5319f536 size = 1, maxSize = 32, parentContextCount = 0, hitCount = 7, missCount = 1, failureCount = 0]
2025-05-05T22:27:04.166-04:00 DEBUG 41640 --- [week3d] [           main] org.springframework.test.context.cache   : Spring test ApplicationContext cache statistics: [DefaultContextCache@5319f536 size = 1, maxSize = 32, parentContextCount = 0, hitCount = 8, missCount = 1, failureCount = 0]
2025-05-05T22:27:04.166-04:00 DEBUG 41640 --- [week3d] [           main] org.springframework.test.context.cache   : Spring test ApplicationContext cache statistics: [DefaultContextCache@5319f536 size = 1, maxSize = 32, parentContextCount = 0, hitCount = 9, missCount = 1, failureCount = 0]
2025-05-05T22:27:04.166-04:00 DEBUG 41640 --- [week3d] [           main] org.springframework.test.context.cache   : Spring test ApplicationContext cache statistics: [DefaultContextCache@5319f536 size = 1, maxSize = 32, parentContextCount = 0, hitCount = 10, missCount = 1, failureCount = 0]
2025-05-05T22:27:04.167-04:00 DEBUG 41640 --- [week3d] [           main] org.springframework.test.context.cache   : Spring test ApplicationContext cache statistics: [DefaultContextCache@5319f536 size = 1, maxSize = 32, parentContextCount = 0, hitCount = 11, missCount = 1, failureCount = 0]
2025-05-05T22:27:04.167-04:00 DEBUG 41640 --- [week3d] [onnection adder] com.zaxxer.hikari.pool.HikariPool        : HikariPool-1 - Added connection oracle.jdbc.driver.T4CConnection@67557a34
2025-05-05T22:27:04.167-04:00 DEBUG 41640 --- [week3d] [           main] org.springframework.test.context.cache   : Spring test ApplicationContext cache statistics: [DefaultContextCache@5319f536 size = 1, maxSize = 32, parentContextCount = 0, hitCount = 12, missCount = 1, failureCount = 0]
2025-05-05T22:27:04.168-04:00 DEBUG 41640 --- [week3d] [           main] org.springframework.test.context.cache   : Spring test ApplicationContext cache statistics: [DefaultContextCache@5319f536 size = 1, maxSize = 32, parentContextCount = 0, hitCount = 13, missCount = 1, failureCount = 0]
2025-05-05T22:27:04.168-04:00 DEBUG 41640 --- [week3d] [           main] o.s.orm.jpa.JpaTransactionManager        : Initiating transaction rollback
2025-05-05T22:27:04.168-04:00 DEBUG 41640 --- [week3d] [           main] o.s.orm.jpa.JpaTransactionManager        : Rolling back JPA transaction on EntityManager [SessionImpl(1087227456<open>)]
2025-05-05T22:27:04.168-04:00 DEBUG 41640 --- [week3d] [           main] o.h.e.t.internal.TransactionImpl         : rolling back
2025-05-05T22:27:04.175-04:00 DEBUG 41640 --- [week3d] [           main] o.s.orm.jpa.JpaTransactionManager        : Closing JPA EntityManager [SessionImpl(1087227456<open>)] after transaction
2025-05-05T22:27:04.175-04:00 DEBUG 41640 --- [week3d] [           main] o.s.t.c.transaction.TransactionContext   : Rolled back transaction (1) for test class [com.duoc.week3d.repository.ShipmentRepositoryTest]; test method [testSaveShipment]
2025-05-05T22:27:04.175-04:00 DEBUG 41640 --- [week3d] [           main] .c.s.DirtiesContextTestExecutionListener : After test method: class [ShipmentRepositoryTest], method [testSaveShipment], class annotated with @DirtiesContext [false] with mode [null], method annotated with @DirtiesContext [false] with mode [null]
]]></system-out>
    <system-err><![CDATA[Mockito is currently self-attaching to enable the inline-mock-maker. This will no longer work in future releases of the JDK. Please add Mockito as an agent to your build what is described in Mockito's documentation: https://javadoc.io/doc/org.mockito/mockito-core/latest/org/mockito/Mockito.html#0.3
WARNING: A Java agent has been loaded dynamically (/Users/x0dsanta/.m2/repository/net/bytebuddy/byte-buddy-agent/1.15.11/byte-buddy-agent-1.15.11.jar)
WARNING: If a serviceability tool is in use, please run with -XX:+EnableDynamicAgentLoading to hide this warning
WARNING: If a serviceability tool is not in use, please run with -Djdk.instrument.traceUsage for more information
WARNING: Dynamic loading of agents will be disallowed by default in a future release
]]></system-err>
  </testcase>
</testsuite>